[01m[K/home/keyur/empm809y_cpp/Cpp_projects/RWA3-Group17/rwa3_ws/src/group17/src/utils.cpp:1:10:[m[K [01;31m[Kfatal error: [m[Kutils.hpp: No such file or directory
    1 | #include [01;31m[K<utils.hpp>[m[K
      |          [01;31m[K^~~~~~~~~~~[m[K
[01m[K/home/keyur/empm809y_cpp/Cpp_projects/RWA3-Group17/rwa3_ws/src/group17/src/broadcaster_demo.cpp:1:10:[m[K [01;31m[Kfatal error: [m[Kbroadcaster_demo.hpp: No such file or directory
    1 | #include [01;31m[K<broadcaster_demo.hpp>[m[K
      |          [01;31m[K^~~~~~~~~~~~~~~~~~~~~~[m[K
[01m[K/home/keyur/empm809y_cpp/Cpp_projects/RWA3-Group17/rwa3_ws/src/group17/src/utils.cpp:1:10:[m[K [01;31m[Kfatal error: [m[Kutils.hpp: No such file or directory
    1 | #include [01;31m[K<utils.hpp>[m[K
      |          [01;31m[K^~~~~~~~~~~[m[K
compilation terminated.
compilation terminated.
compilation terminated.
make[2]: *** [CMakeFiles/broadcaster_demo.dir/build.make:63: CMakeFiles/broadcaster_demo.dir/src/broadcaster_demo.cpp.o] Error 1
make[2]: *** Waiting for unfinished jobs....
make[2]: *** [CMakeFiles/listener_demo.dir/build.make:76: CMakeFiles/listener_demo.dir/src/utils.cpp.o] Error 1
make[2]: *** Waiting for unfinished jobs....
[01m[K/home/keyur/empm809y_cpp/Cpp_projects/RWA3-Group17/rwa3_ws/src/group17/src/listener_demo.cpp:3:10:[m[K [01;31m[Kfatal error: [m[Klistener_demo.hpp: No such file or directory
    3 | #include [01;31m[K<listener_demo.hpp>[m[K
      |          [01;31m[K^~~~~~~~~~~~~~~~~~~[m[K
compilation terminated.
make[2]: *** [CMakeFiles/broadcaster_demo.dir/build.make:76: CMakeFiles/broadcaster_demo.dir/src/utils.cpp.o] Error 1
make[1]: *** [CMakeFiles/Makefile2:134: CMakeFiles/broadcaster_demo.dir/all] Error 2
make[1]: *** Waiting for unfinished jobs....
make[2]: *** [CMakeFiles/listener_demo.dir/build.make:63: CMakeFiles/listener_demo.dir/src/listener_demo.cpp.o] Error 1
make[1]: *** [CMakeFiles/Makefile2:80: CMakeFiles/listener_demo.dir/all] Error 2
make: *** [Makefile:141: all] Error 2
