[ 50%] Built target listener
[35m[1mScanning dependencies of target my_robot_node[0m
[ 66%] [32mBuilding CXX object CMakeFiles/my_robot_node.dir/src/my_robot_node.cpp.o[0m
[01m[K/home/keyur/empm809y_cpp/Cpp_projects/RWA3-Group17/rwa3_ws/src/group17/src/my_robot_node.cpp:[m[K In member function ‘[01m[Kvoid MyRobotNode::part_listen_transform(const string&, const string&)[m[K’:
[01m[K/home/keyur/empm809y_cpp/Cpp_projects/RWA3-Group17/rwa3_ws/src/group17/src/my_robot_node.cpp:167:27:[m[K [01;35m[Kwarning: [m[Kvariable ‘[01m[Keuler[m[K’ set but not used [[01;35m[K-Wunused-but-set-variable[m[K]
  167 |     std::array<double, 3> [01;35m[Keuler[m[K = utils_ptr_->set_euler_from_quaternion(q);
      |                           [01;35m[K^~~~~[m[K
[ 83%] [32m[1mLinking CXX executable my_robot_node[0m
[100%] Built target my_robot_node
-- Install configuration: ""
-- Installing: /home/keyur/empm809y_cpp/Cpp_projects/RWA3-Group17/rwa3_ws/install/group17/lib/group17/my_robot_node
-- Set runtime path of "/home/keyur/empm809y_cpp/Cpp_projects/RWA3-Group17/rwa3_ws/install/group17/lib/group17/my_robot_node" to ""
-- Up-to-date: /home/keyur/empm809y_cpp/Cpp_projects/RWA3-Group17/rwa3_ws/install/group17/lib/group17/listener
-- Up-to-date: /home/keyur/empm809y_cpp/Cpp_projects/RWA3-Group17/rwa3_ws/install/group17/lib/group17/my_robot_node
-- Up-to-date: /home/keyur/empm809y_cpp/Cpp_projects/RWA3-Group17/rwa3_ws/install/group17/lib/group17/listener
-- Up-to-date: /home/keyur/empm809y_cpp/Cpp_projects/RWA3-Group17/rwa3_ws/install/group17/share/group17//include
-- Up-to-date: /home/keyur/empm809y_cpp/Cpp_projects/RWA3-Group17/rwa3_ws/install/group17/share/group17//include/group17
-- Up-to-date: /home/keyur/empm809y_cpp/Cpp_projects/RWA3-Group17/rwa3_ws/install/group17/share/group17//include/group17/listener.hpp
-- Up-to-date: /home/keyur/empm809y_cpp/Cpp_projects/RWA3-Group17/rwa3_ws/install/group17/share/group17//include/group17/my_robot_node.hpp
-- Up-to-date: /home/keyur/empm809y_cpp/Cpp_projects/RWA3-Group17/rwa3_ws/install/group17/share/group17//include/group17/utils.hpp
-- Up-to-date: /home/keyur/empm809y_cpp/Cpp_projects/RWA3-Group17/rwa3_ws/install/group17/share/ament_index/resource_index/package_run_dependencies/group17
-- Up-to-date: /home/keyur/empm809y_cpp/Cpp_projects/RWA3-Group17/rwa3_ws/install/group17/share/ament_index/resource_index/parent_prefix_path/group17
-- Up-to-date: /home/keyur/empm809y_cpp/Cpp_projects/RWA3-Group17/rwa3_ws/install/group17/share/group17/environment/ament_prefix_path.sh
-- Up-to-date: /home/keyur/empm809y_cpp/Cpp_projects/RWA3-Group17/rwa3_ws/install/group17/share/group17/environment/ament_prefix_path.dsv
-- Up-to-date: /home/keyur/empm809y_cpp/Cpp_projects/RWA3-Group17/rwa3_ws/install/group17/share/group17/environment/path.sh
-- Up-to-date: /home/keyur/empm809y_cpp/Cpp_projects/RWA3-Group17/rwa3_ws/install/group17/share/group17/environment/path.dsv
-- Up-to-date: /home/keyur/empm809y_cpp/Cpp_projects/RWA3-Group17/rwa3_ws/install/group17/share/group17/local_setup.bash
-- Up-to-date: /home/keyur/empm809y_cpp/Cpp_projects/RWA3-Group17/rwa3_ws/install/group17/share/group17/local_setup.sh
-- Up-to-date: /home/keyur/empm809y_cpp/Cpp_projects/RWA3-Group17/rwa3_ws/install/group17/share/group17/local_setup.zsh
-- Up-to-date: /home/keyur/empm809y_cpp/Cpp_projects/RWA3-Group17/rwa3_ws/install/group17/share/group17/local_setup.dsv
-- Installing: /home/keyur/empm809y_cpp/Cpp_projects/RWA3-Group17/rwa3_ws/install/group17/share/group17/package.dsv
-- Up-to-date: /home/keyur/empm809y_cpp/Cpp_projects/RWA3-Group17/rwa3_ws/install/group17/share/ament_index/resource_index/packages/group17
-- Up-to-date: /home/keyur/empm809y_cpp/Cpp_projects/RWA3-Group17/rwa3_ws/install/group17/share/group17/cmake/group17Config.cmake
-- Up-to-date: /home/keyur/empm809y_cpp/Cpp_projects/RWA3-Group17/rwa3_ws/install/group17/share/group17/cmake/group17Config-version.cmake
-- Up-to-date: /home/keyur/empm809y_cpp/Cpp_projects/RWA3-Group17/rwa3_ws/install/group17/share/group17/package.xml
