[0.488s] Invoking command in '/home/keyur/empm809y_cpp/Cpp_projects/RWA3-Group17/rwa3_ws/build/turtlebot3_sensors': AMENT_PREFIX_PATH=/home/keyur/empm809y_cpp/Cpp_projects/RWA3-Group17/rwa3_ws/install/mage_msgs:${AMENT_PREFIX_PATH} CMAKE_PREFIX_PATH=/home/keyur/empm809y_cpp/Cpp_projects/RWA3-Group17/rwa3_ws/install/mage_msgs:/home/keyur/empm809y_cpp/Cpp_projects/ROS2learn/rosprac809_ws/install/my_first_package:/home/keyur/empm809y_cpp/Cpp_projects/ROS2learn/rosprac809_ws/install/automated_vehicle:/home/keyur/empm809y_cpp/Cpp_projects/ROS2learn/rosprac809_ws/install/av_msgs:/home/keyur/ros809_ws/install/first_package:/home/keyur/ros809_ws/install/automated_vehicle:/opt/ros/galactic LD_LIBRARY_PATH=/home/keyur/empm809y_cpp/Cpp_projects/RWA3-Group17/rwa3_ws/install/mage_msgs/lib:${LD_LIBRARY_PATH} PYTHONPATH=/home/keyur/empm809y_cpp/Cpp_projects/RWA3-Group17/rwa3_ws/install/mage_msgs/lib/python3.8/site-packages:${PYTHONPATH} /usr/bin/cmake /home/keyur/empm809y_cpp/Cpp_projects/RWA3-Group17/rwa3_ws/src/turtlebot3_sensors -DCMAKE_INSTALL_PREFIX=/home/keyur/empm809y_cpp/Cpp_projects/RWA3-Group17/rwa3_ws/install/turtlebot3_sensors
[0.599s] -- The C compiler identification is GNU 9.4.0
[0.686s] -- The CXX compiler identification is GNU 9.4.0
[0.694s] -- Check for working C compiler: /usr/bin/cc
[0.790s] -- Check for working C compiler: /usr/bin/cc -- works
[0.792s] -- Detecting C compiler ABI info
[0.895s] -- Detecting C compiler ABI info - done
[0.912s] -- Detecting C compile features
[0.912s] -- Detecting C compile features - done
[0.918s] -- Check for working CXX compiler: /usr/bin/c++
[1.041s] -- Check for working CXX compiler: /usr/bin/c++ -- works
[1.043s] -- Detecting CXX compiler ABI info
[1.159s] -- Detecting CXX compiler ABI info - done
[1.178s] -- Detecting CXX compile features
[1.178s] -- Detecting CXX compile features - done
[1.182s] -- Found ament_cmake: 1.1.6 (/opt/ros/galactic/share/ament_cmake/cmake)
[1.220s] -- Found PythonInterp: /usr/bin/python3 (found suitable version "3.8.10", minimum required is "3") 
[1.220s] -- Using PYTHON_EXECUTABLE: /usr/bin/python3
[1.372s] -- Found camera_info_manager: 2.5.1 (/opt/ros/galactic/share/camera_info_manager/cmake)
[1.572s] -- Using all available rosidl_typesupport_c: rosidl_typesupport_fastrtps_c;rosidl_typesupport_introspection_c
[1.585s] -- Found rosidl_adapter: 2.2.3 (/opt/ros/galactic/share/rosidl_adapter/cmake)
[1.714s] -- Found OpenSSL: /usr/lib/x86_64-linux-gnu/libcrypto.so (found version "1.1.1f")  
[1.757s] -- Found FastRTPS: /opt/ros/galactic/include  
[1.930s] -- Using all available rosidl_typesupport_cpp: rosidl_typesupport_fastrtps_cpp;rosidl_typesupport_introspection_cpp
[2.057s] -- Found rmw_implementation_cmake: 3.3.1 (/opt/ros/galactic/share/rmw_implementation_cmake/cmake)
[2.062s] -- Found rmw_cyclonedds_cpp: 0.22.6 (/opt/ros/galactic/share/rmw_cyclonedds_cpp/cmake)
[2.096s] -- Using RMW implementation 'rmw_cyclonedds_cpp' as default
[2.098s] -- Looking for pthread.h
[2.196s] -- Looking for pthread.h - found
[2.197s] -- Performing Test CMAKE_HAVE_LIBC_PTHREAD
[2.316s] -- Performing Test CMAKE_HAVE_LIBC_PTHREAD - Failed
[2.316s] -- Looking for pthread_create in pthreads
[2.419s] -- Looking for pthread_create in pthreads - not found
[2.419s] -- Looking for pthread_create in pthread
[2.532s] -- Looking for pthread_create in pthread - found
[2.535s] -- Found Threads: TRUE  
[3.833s] -- Found gazebo_msgs: 3.5.2 (/opt/ros/galactic/share/gazebo_msgs/cmake)
[4.550s] -- Found gazebo_ros: 3.5.2 (/opt/ros/galactic/share/gazebo_ros/cmake)
[4.652s] -- Found PkgConfig: /usr/bin/pkg-config (found version "0.29.1") 
[4.656s] -- Checking for module 'bullet>=2.82'
[4.692s] --   Found bullet, version 2.88
[4.982s] -- Found ccd: /usr/include (found suitable version "2.0", minimum required is "2.0") 
[5.121s] -- Found fcl: /usr/include (found suitable version "0.5.0", minimum required is "0.3.2") 
[5.244s] -- Found assimp: /usr/include (found version "5.0.0") 
[5.286s] -- Found DART: /usr/include (Required is at least version "6.6") found components: dart 
[5.331s] -- Found Boost: /usr/lib/x86_64-linux-gnu/cmake/Boost-1.71.0/BoostConfig.cmake (found suitable version "1.71.0", minimum required is "1.40.0") found components: thread system filesystem program_options regex iostreams date_time 
[5.608s] -- Found Protobuf: /usr/lib/x86_64-linux-gnu/libprotobuf.so;-lpthread (found version "3.6.1") 
[5.620s] -- Looking for ignition-math6 -- found version 6.15.0
[5.630s] -- Searching for dependencies of ignition-math6
[5.633s] -- Looking for OGRE...
[5.633s] -- OGRE_PREFIX_WATCH changed.
[5.641s] -- Checking for module 'OGRE'
[5.668s] --   Found OGRE, version 1.9.0
[5.756s] -- Found Ogre Ghadamon (1.9.0)
[5.781s] -- Found OGRE: optimized;/usr/lib/x86_64-linux-gnu/libOgreMain.so;debug;/usr/lib/x86_64-linux-gnu/libOgreMain.so
[5.806s] -- Looking for OGRE_Paging...
[5.827s] -- Found OGRE_Paging: optimized;/usr/lib/x86_64-linux-gnu/libOgrePaging.so;debug;/usr/lib/x86_64-linux-gnu/libOgrePaging.so
[5.828s] -- Looking for OGRE_Terrain...
[5.849s] -- Found OGRE_Terrain: optimized;/usr/lib/x86_64-linux-gnu/libOgreTerrain.so;debug;/usr/lib/x86_64-linux-gnu/libOgreTerrain.so
[5.849s] -- Looking for OGRE_Property...
[5.868s] -- Found OGRE_Property: optimized;/usr/lib/x86_64-linux-gnu/libOgreProperty.so;debug;/usr/lib/x86_64-linux-gnu/libOgreProperty.so
[5.868s] -- Looking for OGRE_RTShaderSystem...
[5.888s] -- Found OGRE_RTShaderSystem: optimized;/usr/lib/x86_64-linux-gnu/libOgreRTShaderSystem.so;debug;/usr/lib/x86_64-linux-gnu/libOgreRTShaderSystem.so
[5.888s] -- Looking for OGRE_Volume...
[5.909s] -- Found OGRE_Volume: optimized;/usr/lib/x86_64-linux-gnu/libOgreVolume.so;debug;/usr/lib/x86_64-linux-gnu/libOgreVolume.so
[5.909s] -- Looking for OGRE_Overlay...
[5.929s] -- Found OGRE_Overlay: optimized;/usr/lib/x86_64-linux-gnu/libOgreOverlay.so;debug;/usr/lib/x86_64-linux-gnu/libOgreOverlay.so
[6.357s] -- Looking for ignition-math6 -- found version 6.15.0
[6.362s] -- Looking for ignition-transport8 -- found version 8.3.0
[6.363s] -- Searching for dependencies of ignition-transport8
[6.405s] -- Found Protobuf: /usr/lib/x86_64-linux-gnu/libprotobuf.so;-lpthread (found suitable version "3.6.1", minimum required is "3") 
[6.431s] -- Config-file not installed for ZeroMQ -- checking for pkg-config
[6.443s] -- Checking for module 'libzmq >= 4'
[6.485s] --   Found libzmq , version 4.3.2
[6.593s] -- Found ZeroMQ: TRUE (Required is at least version "4") 
[6.608s] -- Checking for module 'uuid'
[6.648s] --   Found uuid, version 2.34.0
[6.752s] -- Found UUID: TRUE  
[6.757s] -- Looking for ignition-msgs5 -- found version 5.10.0
[6.758s] -- Searching for dependencies of ignition-msgs5
[6.801s] -- Looking for ignition-math6 -- found version 6.15.0
[6.813s] -- Checking for module 'tinyxml2'
[6.850s] --   Found tinyxml2, version 6.2.0
[6.957s] -- Looking for ignition-msgs5 -- found version 5.10.0
[6.963s] -- Looking for ignition-common3 -- found version 3.14.2
[6.964s] -- Searching for dependencies of ignition-common3
[6.965s] -- Looking for dlfcn.h - found
[6.968s] -- Looking for libdl - found
[6.971s] -- Found DL: TRUE  
[6.993s] -- Searching for <ignition-common3> component [graphics]
[6.999s] -- Looking for ignition-common3-graphics -- found version 3.14.2
[7.000s] -- Searching for dependencies of ignition-common3-graphics
[7.001s] -- Looking for ignition-math6 -- found version 6.15.0
[7.009s] -- Looking for ignition-fuel_tools4 -- found version 4.6.0
[7.010s] -- Searching for dependencies of ignition-fuel_tools4
[7.213s] -- Found CURL: /usr/lib/x86_64-linux-gnu/libcurl.so (found version "7.68.0")  
[7.234s] -- Checking for module 'jsoncpp'
[7.275s] --   Found jsoncpp, version 1.7.4
[7.373s] -- Found JSONCPP: TRUE  
[7.388s] -- Checking for module 'libzip'
[7.424s] --   Found libzip, version 1.5.1
[7.519s] -- Found ZIP: TRUE  
[7.520s] -- Looking for ignition-common3 -- found version 3.14.2
[7.521s] -- Looking for ignition-math6 -- found version 6.15.0
[7.522s] -- Looking for ignition-msgs5 -- found version 5.10.0
[7.525s] -- Gazebo version: 11.11
[8.089s] -- Found image_transport: 2.5.1 (/opt/ros/galactic/share/image_transport/cmake)
[9.129s] -- Found cv_bridge: 3.1.3 (/opt/ros/galactic/share/cv_bridge/cmake)
[9.411s] -- Found std_srvs: 2.2.4 (/opt/ros/galactic/share/std_srvs/cmake)
[9.460s] -- Found tf2: 0.17.5 (/opt/ros/galactic/share/tf2/cmake)
[9.491s] -- Found tf2_geometry_msgs: 0.17.5 (/opt/ros/galactic/share/tf2_geometry_msgs/cmake)
[9.531s] -- Found eigen3_cmake_module: 0.1.1 (/opt/ros/galactic/share/eigen3_cmake_module/cmake)
[9.555s] -- Found Eigen3: TRUE (found version "3.3.7") 
[10.364s] -- Found mage_msgs: 0.0.0 (/home/keyur/empm809y_cpp/Cpp_projects/RWA3-Group17/rwa3_ws/install/mage_msgs/share/mage_msgs/cmake)
[10.995s] -- Configuring done
[16.781s] -- Generating done
[16.792s] -- Build files have been written to: /home/keyur/empm809y_cpp/Cpp_projects/RWA3-Group17/rwa3_ws/build/turtlebot3_sensors
[17.113s] Invoked command in '/home/keyur/empm809y_cpp/Cpp_projects/RWA3-Group17/rwa3_ws/build/turtlebot3_sensors' returned '0': AMENT_PREFIX_PATH=/home/keyur/empm809y_cpp/Cpp_projects/RWA3-Group17/rwa3_ws/install/mage_msgs:${AMENT_PREFIX_PATH} CMAKE_PREFIX_PATH=/home/keyur/empm809y_cpp/Cpp_projects/RWA3-Group17/rwa3_ws/install/mage_msgs:/home/keyur/empm809y_cpp/Cpp_projects/ROS2learn/rosprac809_ws/install/my_first_package:/home/keyur/empm809y_cpp/Cpp_projects/ROS2learn/rosprac809_ws/install/automated_vehicle:/home/keyur/empm809y_cpp/Cpp_projects/ROS2learn/rosprac809_ws/install/av_msgs:/home/keyur/ros809_ws/install/first_package:/home/keyur/ros809_ws/install/automated_vehicle:/opt/ros/galactic LD_LIBRARY_PATH=/home/keyur/empm809y_cpp/Cpp_projects/RWA3-Group17/rwa3_ws/install/mage_msgs/lib:${LD_LIBRARY_PATH} PYTHONPATH=/home/keyur/empm809y_cpp/Cpp_projects/RWA3-Group17/rwa3_ws/install/mage_msgs/lib/python3.8/site-packages:${PYTHONPATH} /usr/bin/cmake /home/keyur/empm809y_cpp/Cpp_projects/RWA3-Group17/rwa3_ws/src/turtlebot3_sensors -DCMAKE_INSTALL_PREFIX=/home/keyur/empm809y_cpp/Cpp_projects/RWA3-Group17/rwa3_ws/install/turtlebot3_sensors
[17.118s] Invoking command in '/home/keyur/empm809y_cpp/Cpp_projects/RWA3-Group17/rwa3_ws/build/turtlebot3_sensors': AMENT_PREFIX_PATH=/home/keyur/empm809y_cpp/Cpp_projects/RWA3-Group17/rwa3_ws/install/mage_msgs:${AMENT_PREFIX_PATH} CMAKE_PREFIX_PATH=/home/keyur/empm809y_cpp/Cpp_projects/RWA3-Group17/rwa3_ws/install/mage_msgs:/home/keyur/empm809y_cpp/Cpp_projects/ROS2learn/rosprac809_ws/install/my_first_package:/home/keyur/empm809y_cpp/Cpp_projects/ROS2learn/rosprac809_ws/install/automated_vehicle:/home/keyur/empm809y_cpp/Cpp_projects/ROS2learn/rosprac809_ws/install/av_msgs:/home/keyur/ros809_ws/install/first_package:/home/keyur/ros809_ws/install/automated_vehicle:/opt/ros/galactic LD_LIBRARY_PATH=/home/keyur/empm809y_cpp/Cpp_projects/RWA3-Group17/rwa3_ws/install/mage_msgs/lib:${LD_LIBRARY_PATH} PYTHONPATH=/home/keyur/empm809y_cpp/Cpp_projects/RWA3-Group17/rwa3_ws/install/mage_msgs/lib/python3.8/site-packages:${PYTHONPATH} /usr/bin/cmake --build /home/keyur/empm809y_cpp/Cpp_projects/RWA3-Group17/rwa3_ws/build/turtlebot3_sensors -- -j8 -l8
[19.129s] [35m[1mScanning dependencies of target AriacLogicalCameraPlugin[0m
[20.047s] [ 50%] [32mBuilding CXX object CMakeFiles/AriacLogicalCameraPlugin.dir/src/ariac_logical_camera_plugin.cpp.o[0m
[33.672s] [100%] [32m[1mLinking CXX shared library libAriacLogicalCameraPlugin.so[0m
[36.461s] [100%] Built target AriacLogicalCameraPlugin
[37.113s] Invoked command in '/home/keyur/empm809y_cpp/Cpp_projects/RWA3-Group17/rwa3_ws/build/turtlebot3_sensors' returned '0': AMENT_PREFIX_PATH=/home/keyur/empm809y_cpp/Cpp_projects/RWA3-Group17/rwa3_ws/install/mage_msgs:${AMENT_PREFIX_PATH} CMAKE_PREFIX_PATH=/home/keyur/empm809y_cpp/Cpp_projects/RWA3-Group17/rwa3_ws/install/mage_msgs:/home/keyur/empm809y_cpp/Cpp_projects/ROS2learn/rosprac809_ws/install/my_first_package:/home/keyur/empm809y_cpp/Cpp_projects/ROS2learn/rosprac809_ws/install/automated_vehicle:/home/keyur/empm809y_cpp/Cpp_projects/ROS2learn/rosprac809_ws/install/av_msgs:/home/keyur/ros809_ws/install/first_package:/home/keyur/ros809_ws/install/automated_vehicle:/opt/ros/galactic LD_LIBRARY_PATH=/home/keyur/empm809y_cpp/Cpp_projects/RWA3-Group17/rwa3_ws/install/mage_msgs/lib:${LD_LIBRARY_PATH} PYTHONPATH=/home/keyur/empm809y_cpp/Cpp_projects/RWA3-Group17/rwa3_ws/install/mage_msgs/lib/python3.8/site-packages:${PYTHONPATH} /usr/bin/cmake --build /home/keyur/empm809y_cpp/Cpp_projects/RWA3-Group17/rwa3_ws/build/turtlebot3_sensors -- -j8 -l8
[37.156s] Invoking command in '/home/keyur/empm809y_cpp/Cpp_projects/RWA3-Group17/rwa3_ws/build/turtlebot3_sensors': AMENT_PREFIX_PATH=/home/keyur/empm809y_cpp/Cpp_projects/RWA3-Group17/rwa3_ws/install/mage_msgs:${AMENT_PREFIX_PATH} CMAKE_PREFIX_PATH=/home/keyur/empm809y_cpp/Cpp_projects/RWA3-Group17/rwa3_ws/install/mage_msgs:/home/keyur/empm809y_cpp/Cpp_projects/ROS2learn/rosprac809_ws/install/my_first_package:/home/keyur/empm809y_cpp/Cpp_projects/ROS2learn/rosprac809_ws/install/automated_vehicle:/home/keyur/empm809y_cpp/Cpp_projects/ROS2learn/rosprac809_ws/install/av_msgs:/home/keyur/ros809_ws/install/first_package:/home/keyur/ros809_ws/install/automated_vehicle:/opt/ros/galactic LD_LIBRARY_PATH=/home/keyur/empm809y_cpp/Cpp_projects/RWA3-Group17/rwa3_ws/install/mage_msgs/lib:${LD_LIBRARY_PATH} PYTHONPATH=/home/keyur/empm809y_cpp/Cpp_projects/RWA3-Group17/rwa3_ws/install/mage_msgs/lib/python3.8/site-packages:${PYTHONPATH} /usr/bin/cmake --install /home/keyur/empm809y_cpp/Cpp_projects/RWA3-Group17/rwa3_ws/build/turtlebot3_sensors
[37.170s] -- Install configuration: ""
[37.170s] -- Installing: /home/keyur/empm809y_cpp/Cpp_projects/RWA3-Group17/rwa3_ws/install/turtlebot3_sensors/share/turtlebot3_sensors/environment/library_path.sh
[37.170s] -- Installing: /home/keyur/empm809y_cpp/Cpp_projects/RWA3-Group17/rwa3_ws/install/turtlebot3_sensors/share/turtlebot3_sensors/environment/library_path.dsv
[37.171s] -- Installing: /home/keyur/empm809y_cpp/Cpp_projects/RWA3-Group17/rwa3_ws/install/turtlebot3_sensors/include
[37.171s] -- Installing: /home/keyur/empm809y_cpp/Cpp_projects/RWA3-Group17/rwa3_ws/install/turtlebot3_sensors/include/turtlebot3_sensors
[37.171s] -- Installing: /home/keyur/empm809y_cpp/Cpp_projects/RWA3-Group17/rwa3_ws/install/turtlebot3_sensors/include/turtlebot3_sensors/ariac_logical_camera_plugin.hpp
[37.171s] -- Installing: /home/keyur/empm809y_cpp/Cpp_projects/RWA3-Group17/rwa3_ws/install/turtlebot3_sensors/lib/libAriacLogicalCameraPlugin.so
[37.177s] -- Set runtime path of "/home/keyur/empm809y_cpp/Cpp_projects/RWA3-Group17/rwa3_ws/install/turtlebot3_sensors/lib/libAriacLogicalCameraPlugin.so" to ""
[37.177s] -- Installing: /home/keyur/empm809y_cpp/Cpp_projects/RWA3-Group17/rwa3_ws/install/turtlebot3_sensors/share/turtlebot3_sensors//models
[37.177s] -- Installing: /home/keyur/empm809y_cpp/Cpp_projects/RWA3-Group17/rwa3_ws/install/turtlebot3_sensors/share/turtlebot3_sensors//models/advanced_logical_camera
[37.178s] -- Installing: /home/keyur/empm809y_cpp/Cpp_projects/RWA3-Group17/rwa3_ws/install/turtlebot3_sensors/share/turtlebot3_sensors//models/advanced_logical_camera/materials
[37.178s] -- Installing: /home/keyur/empm809y_cpp/Cpp_projects/RWA3-Group17/rwa3_ws/install/turtlebot3_sensors/share/turtlebot3_sensors//models/advanced_logical_camera/materials/textures
[37.178s] -- Installing: /home/keyur/empm809y_cpp/Cpp_projects/RWA3-Group17/rwa3_ws/install/turtlebot3_sensors/share/turtlebot3_sensors//models/advanced_logical_camera/materials/textures/camera.png
[37.178s] -- Installing: /home/keyur/empm809y_cpp/Cpp_projects/RWA3-Group17/rwa3_ws/install/turtlebot3_sensors/share/turtlebot3_sensors//models/advanced_logical_camera/model.sdf
[37.179s] -- Installing: /home/keyur/empm809y_cpp/Cpp_projects/RWA3-Group17/rwa3_ws/install/turtlebot3_sensors/share/turtlebot3_sensors//models/advanced_logical_camera/model.config
[37.179s] -- Installing: /home/keyur/empm809y_cpp/Cpp_projects/RWA3-Group17/rwa3_ws/install/turtlebot3_sensors/share/turtlebot3_sensors//models/advanced_logical_camera/meshes
[37.179s] -- Installing: /home/keyur/empm809y_cpp/Cpp_projects/RWA3-Group17/rwa3_ws/install/turtlebot3_sensors/share/turtlebot3_sensors//models/advanced_logical_camera/meshes/camera.dae
[37.179s] -- Installing: /home/keyur/empm809y_cpp/Cpp_projects/RWA3-Group17/rwa3_ws/install/turtlebot3_sensors/share/ament_index/resource_index/package_run_dependencies/turtlebot3_sensors
[37.179s] -- Installing: /home/keyur/empm809y_cpp/Cpp_projects/RWA3-Group17/rwa3_ws/install/turtlebot3_sensors/share/ament_index/resource_index/parent_prefix_path/turtlebot3_sensors
[37.180s] -- Installing: /home/keyur/empm809y_cpp/Cpp_projects/RWA3-Group17/rwa3_ws/install/turtlebot3_sensors/share/turtlebot3_sensors/environment/ament_prefix_path.sh
[37.180s] -- Installing: /home/keyur/empm809y_cpp/Cpp_projects/RWA3-Group17/rwa3_ws/install/turtlebot3_sensors/share/turtlebot3_sensors/environment/ament_prefix_path.dsv
[37.180s] -- Installing: /home/keyur/empm809y_cpp/Cpp_projects/RWA3-Group17/rwa3_ws/install/turtlebot3_sensors/share/turtlebot3_sensors/environment/path.sh
[37.180s] -- Installing: /home/keyur/empm809y_cpp/Cpp_projects/RWA3-Group17/rwa3_ws/install/turtlebot3_sensors/share/turtlebot3_sensors/environment/path.dsv
[37.181s] -- Installing: /home/keyur/empm809y_cpp/Cpp_projects/RWA3-Group17/rwa3_ws/install/turtlebot3_sensors/share/turtlebot3_sensors/local_setup.bash
[37.181s] -- Installing: /home/keyur/empm809y_cpp/Cpp_projects/RWA3-Group17/rwa3_ws/install/turtlebot3_sensors/share/turtlebot3_sensors/local_setup.sh
[37.181s] -- Installing: /home/keyur/empm809y_cpp/Cpp_projects/RWA3-Group17/rwa3_ws/install/turtlebot3_sensors/share/turtlebot3_sensors/local_setup.zsh
[37.181s] -- Installing: /home/keyur/empm809y_cpp/Cpp_projects/RWA3-Group17/rwa3_ws/install/turtlebot3_sensors/share/turtlebot3_sensors/local_setup.dsv
[37.181s] -- Installing: /home/keyur/empm809y_cpp/Cpp_projects/RWA3-Group17/rwa3_ws/install/turtlebot3_sensors/share/turtlebot3_sensors/package.dsv
[37.182s] -- Installing: /home/keyur/empm809y_cpp/Cpp_projects/RWA3-Group17/rwa3_ws/install/turtlebot3_sensors/share/ament_index/resource_index/packages/turtlebot3_sensors
[37.182s] -- Installing: /home/keyur/empm809y_cpp/Cpp_projects/RWA3-Group17/rwa3_ws/install/turtlebot3_sensors/share/turtlebot3_sensors/cmake/ament_cmake_export_libraries-extras.cmake
[37.182s] -- Installing: /home/keyur/empm809y_cpp/Cpp_projects/RWA3-Group17/rwa3_ws/install/turtlebot3_sensors/share/turtlebot3_sensors/cmake/turtlebot3_sensorsConfig.cmake
[37.182s] -- Installing: /home/keyur/empm809y_cpp/Cpp_projects/RWA3-Group17/rwa3_ws/install/turtlebot3_sensors/share/turtlebot3_sensors/cmake/turtlebot3_sensorsConfig-version.cmake
[37.182s] -- Installing: /home/keyur/empm809y_cpp/Cpp_projects/RWA3-Group17/rwa3_ws/install/turtlebot3_sensors/share/turtlebot3_sensors/package.xml
[37.185s] Invoked command in '/home/keyur/empm809y_cpp/Cpp_projects/RWA3-Group17/rwa3_ws/build/turtlebot3_sensors' returned '0': AMENT_PREFIX_PATH=/home/keyur/empm809y_cpp/Cpp_projects/RWA3-Group17/rwa3_ws/install/mage_msgs:${AMENT_PREFIX_PATH} CMAKE_PREFIX_PATH=/home/keyur/empm809y_cpp/Cpp_projects/RWA3-Group17/rwa3_ws/install/mage_msgs:/home/keyur/empm809y_cpp/Cpp_projects/ROS2learn/rosprac809_ws/install/my_first_package:/home/keyur/empm809y_cpp/Cpp_projects/ROS2learn/rosprac809_ws/install/automated_vehicle:/home/keyur/empm809y_cpp/Cpp_projects/ROS2learn/rosprac809_ws/install/av_msgs:/home/keyur/ros809_ws/install/first_package:/home/keyur/ros809_ws/install/automated_vehicle:/opt/ros/galactic LD_LIBRARY_PATH=/home/keyur/empm809y_cpp/Cpp_projects/RWA3-Group17/rwa3_ws/install/mage_msgs/lib:${LD_LIBRARY_PATH} PYTHONPATH=/home/keyur/empm809y_cpp/Cpp_projects/RWA3-Group17/rwa3_ws/install/mage_msgs/lib/python3.8/site-packages:${PYTHONPATH} /usr/bin/cmake --install /home/keyur/empm809y_cpp/Cpp_projects/RWA3-Group17/rwa3_ws/build/turtlebot3_sensors
