Traceback (most recent call last):
  File "setup.py", line 1, in <module>
    from setuptools import setup
  File "/usr/lib/python3/dist-packages/setuptools/__init__.py", line 17, in <module>
    import setuptools.version
  File "/usr/lib/python3/dist-packages/setuptools/version.py", line 1, in <module>
    import pkg_resources
  File "/usr/lib/python3/dist-packages/pkg_resources/__init__.py", line 3254, in <module>
    def _initialize_master_working_set():
  File "/usr/lib/python3/dist-packages/pkg_resources/__init__.py", line 3237, in _call_aside
    f(*args, **kwargs)
  File "/usr/lib/python3/dist-packages/pkg_resources/__init__.py", line 3266, in _initialize_master_working_set
    working_set = WorkingSet._build_master()
  File "/usr/lib/python3/dist-packages/pkg_resources/__init__.py", line 575, in _build_master
    ws = cls()
  File "/usr/lib/python3/dist-packages/pkg_resources/__init__.py", line 568, in __init__
    self.add_entry(entry)
  File "/usr/lib/python3/dist-packages/pkg_resources/__init__.py", line 624, in add_entry
    for dist in find_distributions(entry, True):
  File "/usr/lib/python3/dist-packages/pkg_resources/__init__.py", line 2066, in find_on_path
    for dist in factory(fullpath):
  File "/usr/lib/python3/dist-packages/pkg_resources/__init__.py", line 2135, in distributions_from_metadata
    yield Distribution.from_location(
  File "/usr/lib/python3/dist-packages/pkg_resources/__init__.py", line 2592, in from_location
    return cls(
  File "/usr/lib/python3/dist-packages/pkg_resources/__init__.py", line 2996, in _reload_version
    md_version = self._get_version()
  File "/usr/lib/python3/dist-packages/pkg_resources/__init__.py", line 2774, in _get_version
    version = _version_from_file(lines)
  File "/usr/lib/python3/dist-packages/pkg_resources/__init__.py", line 2558, in _version_from_file
    line = next(iter(version_lines), '')
  File "/usr/lib/python3/dist-packages/pkg_resources/__init__.py", line 2768, in _get_metadata
    if self.has_metadata(name):
  File "/usr/lib/python3/dist-packages/pkg_resources/__init__.py", line 1414, in has_metadata
    path = self._get_metadata_path(name)
  File "/usr/lib/python3/dist-packages/pkg_resources/__init__.py", line 1408, in _get_metadata_path
    return self._fn(self.egg_info, name)
  File "/usr/lib/python3/dist-packages/pkg_resources/__init__.py", line 1488, in _fn
    self._validate_resource_path(resource_name)
  File "/usr/lib/python3/dist-packages/pkg_resources/__init__.py", line 1549, in _validate_resource_path
    ntpath.isabs(path)
  File "/usr/lib/python3.8/ntpath.py", line 72, in isabs
    s = splitdrive(s)[1]
  File "/usr/lib/python3.8/ntpath.py", line 154, in splitdrive
    if (normp[0:2] == sep*2) and (normp[2:3] != sep):
KeyboardInterrupt
