[16.922s] Invoking command in '/home/keyur/empm809y_cpp/Cpp_projects/RWA3-Group17/rwa3_ws/src/ros2_aruco/ros2_aruco': PYTHONPATH=/home/keyur/empm809y_cpp/Cpp_projects/RWA3-Group17/rwa3_ws/build/ros2_aruco/prefix_override:/home/keyur/empm809y_cpp/Cpp_projects/RWA3-Group17/rwa3_ws/install/ros2_aruco/lib/python3.8/site-packages:${PYTHONPATH} /usr/bin/python3 setup.py egg_info --egg-base ../../../build/ros2_aruco build --build-base /home/keyur/empm809y_cpp/Cpp_projects/RWA3-Group17/rwa3_ws/build/ros2_aruco/build install --record /home/keyur/empm809y_cpp/Cpp_projects/RWA3-Group17/rwa3_ws/build/ros2_aruco/install.log --install-scripts $base/lib/ros2_aruco --single-version-externally-managed
[17.950s] Traceback (most recent call last):
[17.950s]   File "setup.py", line 1, in <module>
[17.950s]     from setuptools import setup
[17.950s]   File "/usr/lib/python3/dist-packages/setuptools/__init__.py", line 17, in <module>
[17.951s]     import setuptools.version
[17.951s]   File "/usr/lib/python3/dist-packages/setuptools/version.py", line 1, in <module>
[17.951s]     import pkg_resources
[17.951s]   File "/usr/lib/python3/dist-packages/pkg_resources/__init__.py", line 3254, in <module>
[17.951s]     def _initialize_master_working_set():
[17.951s]   File "/usr/lib/python3/dist-packages/pkg_resources/__init__.py", line 3237, in _call_aside
[17.952s]     f(*args, **kwargs)
[17.952s]   File "/usr/lib/python3/dist-packages/pkg_resources/__init__.py", line 3266, in _initialize_master_working_set
[17.952s]     working_set = WorkingSet._build_master()
[17.967s]   File "/usr/lib/python3/dist-packages/pkg_resources/__init__.py", line 575, in _build_master
[17.968s]     ws = cls()
[17.968s]   File "/usr/lib/python3/dist-packages/pkg_resources/__init__.py", line 568, in __init__
[17.969s]     self.add_entry(entry)
[17.969s]   File "/usr/lib/python3/dist-packages/pkg_resources/__init__.py", line 624, in add_entry
[17.969s]     for dist in find_distributions(entry, True):
[17.970s]   File "/usr/lib/python3/dist-packages/pkg_resources/__init__.py", line 2066, in find_on_path
[17.970s]     for dist in factory(fullpath):
[17.970s]   File "/usr/lib/python3/dist-packages/pkg_resources/__init__.py", line 2135, in distributions_from_metadata
[17.970s]     yield Distribution.from_location(
[17.971s]   File "/usr/lib/python3/dist-packages/pkg_resources/__init__.py", line 2592, in from_location
[17.971s]     return cls(
[17.971s]   File "/usr/lib/python3/dist-packages/pkg_resources/__init__.py", line 2996, in _reload_version
[17.972s]     md_version = self._get_version()
[17.972s]   File "/usr/lib/python3/dist-packages/pkg_resources/__init__.py", line 2774, in _get_version
[17.972s]     version = _version_from_file(lines)
[17.974s]   File "/usr/lib/python3/dist-packages/pkg_resources/__init__.py", line 2558, in _version_from_file
[17.977s]     line = next(iter(version_lines), '')
[17.979s]   File "/usr/lib/python3/dist-packages/pkg_resources/__init__.py", line 2768, in _get_metadata
[17.980s]     if self.has_metadata(name):
[17.981s]   File "/usr/lib/python3/dist-packages/pkg_resources/__init__.py", line 1414, in has_metadata
[17.982s]     path = self._get_metadata_path(name)
[17.982s]   File "/usr/lib/python3/dist-packages/pkg_resources/__init__.py", line 1408, in _get_metadata_path
[17.983s]     return self._fn(self.egg_info, name)
[17.983s]   File "/usr/lib/python3/dist-packages/pkg_resources/__init__.py", line 1488, in _fn
[17.995s]     self._validate_resource_path(resource_name)
[17.996s]   File "/usr/lib/python3/dist-packages/pkg_resources/__init__.py", line 1549, in _validate_resource_path
[17.996s]     ntpath.isabs(path)
[17.996s]   File "/usr/lib/python3.8/ntpath.py", line 72, in isabs
[17.996s]     s = splitdrive(s)[1]
[17.996s]   File "/usr/lib/python3.8/ntpath.py", line 154, in splitdrive
[18.001s]     if (normp[0:2] == sep*2) and (normp[2:3] != sep):
[18.002s] KeyboardInterrupt
