[1.119s] Invoking command in '/home/keyur/empm809y_cpp/Cpp_projects/RWA3-Group17/rwa3_ws/build/ros2_aruco_interfaces': CMAKE_PREFIX_PATH=${CMAKE_PREFIX_PATH}:/home/keyur/empm809y_cpp/Cpp_projects/RWA3-Group17/rwa3_ws/install/ros2_aruco:/opt/ros/galactic /usr/bin/cmake --build /home/keyur/empm809y_cpp/Cpp_projects/RWA3-Group17/rwa3_ws/build/ros2_aruco_interfaces -- -j8 -l8
[1.230s] [  3%] Built target ros2_aruco_interfaces__cpp
[1.238s] [ 12%] Built target ros2_aruco_interfaces__rosidl_generator_c
[1.333s] [ 22%] Built target ros2_aruco_interfaces__rosidl_typesupport_introspection_cpp
[1.334s] [ 32%] Built target ros2_aruco_interfaces__rosidl_typesupport_cpp
[1.334s] [ 41%] Built target ros2_aruco_interfaces__rosidl_typesupport_fastrtps_cpp
[1.334s] [ 51%] Built target ros2_aruco_interfaces__rosidl_typesupport_introspection_c
[1.334s] [ 61%] Built target ros2_aruco_interfaces__rosidl_typesupport_c
[1.367s] [ 70%] Built target ros2_aruco_interfaces__rosidl_typesupport_fastrtps_c
[1.406s] [ 70%] Built target ros2_aruco_interfaces
[1.442s] [ 74%] Built target ros2_aruco_interfaces__py
[1.487s] [ 80%] Built target ros2_aruco_interfaces__python
[1.532s] [ 87%] Built target ros2_aruco_interfaces__rosidl_typesupport_fastrtps_c__pyext
[1.543s] [ 93%] Built target ros2_aruco_interfaces__rosidl_typesupport_c__pyext
[1.547s] [100%] Built target ros2_aruco_interfaces__rosidl_typesupport_introspection_c__pyext
[1.599s] Invoked command in '/home/keyur/empm809y_cpp/Cpp_projects/RWA3-Group17/rwa3_ws/build/ros2_aruco_interfaces' returned '0': CMAKE_PREFIX_PATH=${CMAKE_PREFIX_PATH}:/home/keyur/empm809y_cpp/Cpp_projects/RWA3-Group17/rwa3_ws/install/ros2_aruco:/opt/ros/galactic /usr/bin/cmake --build /home/keyur/empm809y_cpp/Cpp_projects/RWA3-Group17/rwa3_ws/build/ros2_aruco_interfaces -- -j8 -l8
[2.128s] Invoking command in '/home/keyur/empm809y_cpp/Cpp_projects/RWA3-Group17/rwa3_ws/build/ros2_aruco_interfaces': CMAKE_PREFIX_PATH=${CMAKE_PREFIX_PATH}:/home/keyur/empm809y_cpp/Cpp_projects/RWA3-Group17/rwa3_ws/install/ros2_aruco:/opt/ros/galactic /usr/bin/cmake --install /home/keyur/empm809y_cpp/Cpp_projects/RWA3-Group17/rwa3_ws/build/ros2_aruco_interfaces
[2.444s] -- Install configuration: ""
[2.444s] -- Up-to-date: /home/keyur/empm809y_cpp/Cpp_projects/RWA3-Group17/rwa3_ws/install/ros2_aruco_interfaces/share/ament_index/resource_index/rosidl_interfaces/ros2_aruco_interfaces
[2.445s] -- Up-to-date: /home/keyur/empm809y_cpp/Cpp_projects/RWA3-Group17/rwa3_ws/install/ros2_aruco_interfaces/include/ros2_aruco_interfaces
[2.445s] -- Up-to-date: /home/keyur/empm809y_cpp/Cpp_projects/RWA3-Group17/rwa3_ws/install/ros2_aruco_interfaces/include/ros2_aruco_interfaces/msg
[2.445s] -- Up-to-date: /home/keyur/empm809y_cpp/Cpp_projects/RWA3-Group17/rwa3_ws/install/ros2_aruco_interfaces/include/ros2_aruco_interfaces/msg/aruco_markers.h
[2.445s] -- Up-to-date: /home/keyur/empm809y_cpp/Cpp_projects/RWA3-Group17/rwa3_ws/install/ros2_aruco_interfaces/include/ros2_aruco_interfaces/msg/rosidl_generator_c__visibility_control.h
[2.446s] -- Up-to-date: /home/keyur/empm809y_cpp/Cpp_projects/RWA3-Group17/rwa3_ws/install/ros2_aruco_interfaces/include/ros2_aruco_interfaces/msg/detail
[2.446s] -- Up-to-date: /home/keyur/empm809y_cpp/Cpp_projects/RWA3-Group17/rwa3_ws/install/ros2_aruco_interfaces/include/ros2_aruco_interfaces/msg/detail/aruco_markers__functions.c
[2.446s] -- Up-to-date: /home/keyur/empm809y_cpp/Cpp_projects/RWA3-Group17/rwa3_ws/install/ros2_aruco_interfaces/include/ros2_aruco_interfaces/msg/detail/aruco_markers__struct.h
[2.446s] -- Up-to-date: /home/keyur/empm809y_cpp/Cpp_projects/RWA3-Group17/rwa3_ws/install/ros2_aruco_interfaces/include/ros2_aruco_interfaces/msg/detail/aruco_markers__type_support.h
[2.447s] -- Up-to-date: /home/keyur/empm809y_cpp/Cpp_projects/RWA3-Group17/rwa3_ws/install/ros2_aruco_interfaces/include/ros2_aruco_interfaces/msg/detail/aruco_markers__functions.h
[2.447s] -- Up-to-date: /home/keyur/empm809y_cpp/Cpp_projects/RWA3-Group17/rwa3_ws/install/ros2_aruco_interfaces/share/ros2_aruco_interfaces/environment/library_path.sh
[2.447s] -- Up-to-date: /home/keyur/empm809y_cpp/Cpp_projects/RWA3-Group17/rwa3_ws/install/ros2_aruco_interfaces/share/ros2_aruco_interfaces/environment/library_path.dsv
[2.447s] -- Up-to-date: /home/keyur/empm809y_cpp/Cpp_projects/RWA3-Group17/rwa3_ws/install/ros2_aruco_interfaces/lib/libros2_aruco_interfaces__rosidl_generator_c.so
[2.447s] -- Up-to-date: /home/keyur/empm809y_cpp/Cpp_projects/RWA3-Group17/rwa3_ws/install/ros2_aruco_interfaces/include/ros2_aruco_interfaces
[2.448s] -- Up-to-date: /home/keyur/empm809y_cpp/Cpp_projects/RWA3-Group17/rwa3_ws/install/ros2_aruco_interfaces/include/ros2_aruco_interfaces/msg
[2.448s] -- Up-to-date: /home/keyur/empm809y_cpp/Cpp_projects/RWA3-Group17/rwa3_ws/install/ros2_aruco_interfaces/include/ros2_aruco_interfaces/msg/rosidl_typesupport_fastrtps_c__visibility_control.h
[2.448s] -- Up-to-date: /home/keyur/empm809y_cpp/Cpp_projects/RWA3-Group17/rwa3_ws/install/ros2_aruco_interfaces/include/ros2_aruco_interfaces/msg/detail
[2.448s] -- Up-to-date: /home/keyur/empm809y_cpp/Cpp_projects/RWA3-Group17/rwa3_ws/install/ros2_aruco_interfaces/include/ros2_aruco_interfaces/msg/detail/aruco_markers__rosidl_typesupport_fastrtps_c.h
[2.448s] -- Up-to-date: /home/keyur/empm809y_cpp/Cpp_projects/RWA3-Group17/rwa3_ws/install/ros2_aruco_interfaces/lib/libros2_aruco_interfaces__rosidl_typesupport_fastrtps_c.so
[2.448s] -- Up-to-date: /home/keyur/empm809y_cpp/Cpp_projects/RWA3-Group17/rwa3_ws/install/ros2_aruco_interfaces/include/ros2_aruco_interfaces
[2.448s] -- Up-to-date: /home/keyur/empm809y_cpp/Cpp_projects/RWA3-Group17/rwa3_ws/install/ros2_aruco_interfaces/include/ros2_aruco_interfaces/msg
[2.448s] -- Up-to-date: /home/keyur/empm809y_cpp/Cpp_projects/RWA3-Group17/rwa3_ws/install/ros2_aruco_interfaces/include/ros2_aruco_interfaces/msg/rosidl_typesupport_fastrtps_cpp__visibility_control.h
[2.449s] -- Up-to-date: /home/keyur/empm809y_cpp/Cpp_projects/RWA3-Group17/rwa3_ws/install/ros2_aruco_interfaces/include/ros2_aruco_interfaces/msg/detail
[2.449s] -- Up-to-date: /home/keyur/empm809y_cpp/Cpp_projects/RWA3-Group17/rwa3_ws/install/ros2_aruco_interfaces/include/ros2_aruco_interfaces/msg/detail/dds_fastrtps
[2.449s] -- Up-to-date: /home/keyur/empm809y_cpp/Cpp_projects/RWA3-Group17/rwa3_ws/install/ros2_aruco_interfaces/include/ros2_aruco_interfaces/msg/detail/aruco_markers__rosidl_typesupport_fastrtps_cpp.hpp
[2.449s] -- Up-to-date: /home/keyur/empm809y_cpp/Cpp_projects/RWA3-Group17/rwa3_ws/install/ros2_aruco_interfaces/lib/libros2_aruco_interfaces__rosidl_typesupport_fastrtps_cpp.so
[2.449s] -- Up-to-date: /home/keyur/empm809y_cpp/Cpp_projects/RWA3-Group17/rwa3_ws/install/ros2_aruco_interfaces/include/ros2_aruco_interfaces
[2.449s] -- Up-to-date: /home/keyur/empm809y_cpp/Cpp_projects/RWA3-Group17/rwa3_ws/install/ros2_aruco_interfaces/include/ros2_aruco_interfaces/msg
[2.450s] -- Up-to-date: /home/keyur/empm809y_cpp/Cpp_projects/RWA3-Group17/rwa3_ws/install/ros2_aruco_interfaces/include/ros2_aruco_interfaces/msg/rosidl_typesupport_introspection_c__visibility_control.h
[2.450s] -- Up-to-date: /home/keyur/empm809y_cpp/Cpp_projects/RWA3-Group17/rwa3_ws/install/ros2_aruco_interfaces/include/ros2_aruco_interfaces/msg/detail
[2.450s] -- Up-to-date: /home/keyur/empm809y_cpp/Cpp_projects/RWA3-Group17/rwa3_ws/install/ros2_aruco_interfaces/include/ros2_aruco_interfaces/msg/detail/aruco_markers__type_support.c
[2.450s] -- Up-to-date: /home/keyur/empm809y_cpp/Cpp_projects/RWA3-Group17/rwa3_ws/install/ros2_aruco_interfaces/include/ros2_aruco_interfaces/msg/detail/aruco_markers__rosidl_typesupport_introspection_c.h
[2.450s] -- Up-to-date: /home/keyur/empm809y_cpp/Cpp_projects/RWA3-Group17/rwa3_ws/install/ros2_aruco_interfaces/lib/libros2_aruco_interfaces__rosidl_typesupport_introspection_c.so
[2.450s] -- Up-to-date: /home/keyur/empm809y_cpp/Cpp_projects/RWA3-Group17/rwa3_ws/install/ros2_aruco_interfaces/lib/libros2_aruco_interfaces__rosidl_typesupport_c.so
[2.451s] -- Up-to-date: /home/keyur/empm809y_cpp/Cpp_projects/RWA3-Group17/rwa3_ws/install/ros2_aruco_interfaces/include/ros2_aruco_interfaces
[2.451s] -- Up-to-date: /home/keyur/empm809y_cpp/Cpp_projects/RWA3-Group17/rwa3_ws/install/ros2_aruco_interfaces/include/ros2_aruco_interfaces/msg
[2.451s] -- Up-to-date: /home/keyur/empm809y_cpp/Cpp_projects/RWA3-Group17/rwa3_ws/install/ros2_aruco_interfaces/include/ros2_aruco_interfaces/msg/aruco_markers.hpp
[2.451s] -- Up-to-date: /home/keyur/empm809y_cpp/Cpp_projects/RWA3-Group17/rwa3_ws/install/ros2_aruco_interfaces/include/ros2_aruco_interfaces/msg/detail
[2.452s] -- Up-to-date: /home/keyur/empm809y_cpp/Cpp_projects/RWA3-Group17/rwa3_ws/install/ros2_aruco_interfaces/include/ros2_aruco_interfaces/msg/detail/aruco_markers__builder.hpp
[2.452s] -- Up-to-date: /home/keyur/empm809y_cpp/Cpp_projects/RWA3-Group17/rwa3_ws/install/ros2_aruco_interfaces/include/ros2_aruco_interfaces/msg/detail/aruco_markers__struct.hpp
[2.452s] -- Up-to-date: /home/keyur/empm809y_cpp/Cpp_projects/RWA3-Group17/rwa3_ws/install/ros2_aruco_interfaces/include/ros2_aruco_interfaces/msg/detail/aruco_markers__traits.hpp
[2.452s] -- Up-to-date: /home/keyur/empm809y_cpp/Cpp_projects/RWA3-Group17/rwa3_ws/install/ros2_aruco_interfaces/include/ros2_aruco_interfaces
[2.452s] -- Up-to-date: /home/keyur/empm809y_cpp/Cpp_projects/RWA3-Group17/rwa3_ws/install/ros2_aruco_interfaces/include/ros2_aruco_interfaces/msg
[2.453s] -- Up-to-date: /home/keyur/empm809y_cpp/Cpp_projects/RWA3-Group17/rwa3_ws/install/ros2_aruco_interfaces/include/ros2_aruco_interfaces/msg/detail
[2.453s] -- Up-to-date: /home/keyur/empm809y_cpp/Cpp_projects/RWA3-Group17/rwa3_ws/install/ros2_aruco_interfaces/include/ros2_aruco_interfaces/msg/detail/aruco_markers__rosidl_typesupport_introspection_cpp.hpp
[2.453s] -- Up-to-date: /home/keyur/empm809y_cpp/Cpp_projects/RWA3-Group17/rwa3_ws/install/ros2_aruco_interfaces/include/ros2_aruco_interfaces/msg/detail/aruco_markers__type_support.cpp
[2.453s] -- Up-to-date: /home/keyur/empm809y_cpp/Cpp_projects/RWA3-Group17/rwa3_ws/install/ros2_aruco_interfaces/lib/libros2_aruco_interfaces__rosidl_typesupport_introspection_cpp.so
[2.453s] -- Up-to-date: /home/keyur/empm809y_cpp/Cpp_projects/RWA3-Group17/rwa3_ws/install/ros2_aruco_interfaces/lib/libros2_aruco_interfaces__rosidl_typesupport_cpp.so
[2.456s] -- Up-to-date: /home/keyur/empm809y_cpp/Cpp_projects/RWA3-Group17/rwa3_ws/install/ros2_aruco_interfaces/share/ros2_aruco_interfaces/environment/pythonpath.sh
[2.457s] -- Up-to-date: /home/keyur/empm809y_cpp/Cpp_projects/RWA3-Group17/rwa3_ws/install/ros2_aruco_interfaces/share/ros2_aruco_interfaces/environment/pythonpath.dsv
[2.457s] -- Up-to-date: /home/keyur/empm809y_cpp/Cpp_projects/RWA3-Group17/rwa3_ws/install/ros2_aruco_interfaces/lib/python3.8/site-packages/ros2_aruco_interfaces/__init__.py
[2.458s] -- Up-to-date: /home/keyur/empm809y_cpp/Cpp_projects/RWA3-Group17/rwa3_ws/install/ros2_aruco_interfaces/lib/python3.8/site-packages/ros2_aruco_interfaces/msg
[2.458s] -- Up-to-date: /home/keyur/empm809y_cpp/Cpp_projects/RWA3-Group17/rwa3_ws/install/ros2_aruco_interfaces/lib/python3.8/site-packages/ros2_aruco_interfaces/msg/_aruco_markers.py
[2.458s] -- Up-to-date: /home/keyur/empm809y_cpp/Cpp_projects/RWA3-Group17/rwa3_ws/install/ros2_aruco_interfaces/lib/python3.8/site-packages/ros2_aruco_interfaces/msg/__init__.py
[2.458s] -- Up-to-date: /home/keyur/empm809y_cpp/Cpp_projects/RWA3-Group17/rwa3_ws/install/ros2_aruco_interfaces/lib/python3.8/site-packages/ros2_aruco_interfaces/msg/_aruco_markers_s.c
[2.458s] -- Up-to-date: /home/keyur/empm809y_cpp/Cpp_projects/RWA3-Group17/rwa3_ws/install/ros2_aruco_interfaces/lib/python3.8/site-packages/ros2_aruco_interfaces/ros2_aruco_interfaces_s__rosidl_typesupport_fastrtps_c.cpython-38-x86_64-linux-gnu.so
[2.459s] -- Up-to-date: /home/keyur/empm809y_cpp/Cpp_projects/RWA3-Group17/rwa3_ws/install/ros2_aruco_interfaces/lib/python3.8/site-packages/ros2_aruco_interfaces/ros2_aruco_interfaces_s__rosidl_typesupport_introspection_c.cpython-38-x86_64-linux-gnu.so
[2.459s] -- Up-to-date: /home/keyur/empm809y_cpp/Cpp_projects/RWA3-Group17/rwa3_ws/install/ros2_aruco_interfaces/lib/python3.8/site-packages/ros2_aruco_interfaces/ros2_aruco_interfaces_s__rosidl_typesupport_c.cpython-38-x86_64-linux-gnu.so
[2.460s] -- Up-to-date: /home/keyur/empm809y_cpp/Cpp_projects/RWA3-Group17/rwa3_ws/install/ros2_aruco_interfaces/lib/libros2_aruco_interfaces__python.so
[2.461s] -- Up-to-date: /home/keyur/empm809y_cpp/Cpp_projects/RWA3-Group17/rwa3_ws/install/ros2_aruco_interfaces/share/ros2_aruco_interfaces/msg/ArucoMarkers.idl
[2.461s] -- Up-to-date: /home/keyur/empm809y_cpp/Cpp_projects/RWA3-Group17/rwa3_ws/install/ros2_aruco_interfaces/share/ros2_aruco_interfaces/msg/ArucoMarkers.msg
[2.462s] -- Up-to-date: /home/keyur/empm809y_cpp/Cpp_projects/RWA3-Group17/rwa3_ws/install/ros2_aruco_interfaces/share/ament_index/resource_index/package_run_dependencies/ros2_aruco_interfaces
[2.463s] -- Up-to-date: /home/keyur/empm809y_cpp/Cpp_projects/RWA3-Group17/rwa3_ws/install/ros2_aruco_interfaces/share/ament_index/resource_index/parent_prefix_path/ros2_aruco_interfaces
[2.464s] -- Up-to-date: /home/keyur/empm809y_cpp/Cpp_projects/RWA3-Group17/rwa3_ws/install/ros2_aruco_interfaces/share/ros2_aruco_interfaces/environment/ament_prefix_path.sh
[2.465s] -- Up-to-date: /home/keyur/empm809y_cpp/Cpp_projects/RWA3-Group17/rwa3_ws/install/ros2_aruco_interfaces/share/ros2_aruco_interfaces/environment/ament_prefix_path.dsv
[2.466s] -- Up-to-date: /home/keyur/empm809y_cpp/Cpp_projects/RWA3-Group17/rwa3_ws/install/ros2_aruco_interfaces/share/ros2_aruco_interfaces/environment/path.sh
[2.467s] -- Up-to-date: /home/keyur/empm809y_cpp/Cpp_projects/RWA3-Group17/rwa3_ws/install/ros2_aruco_interfaces/share/ros2_aruco_interfaces/environment/path.dsv
[2.467s] -- Up-to-date: /home/keyur/empm809y_cpp/Cpp_projects/RWA3-Group17/rwa3_ws/install/ros2_aruco_interfaces/share/ros2_aruco_interfaces/local_setup.bash
[2.468s] -- Up-to-date: /home/keyur/empm809y_cpp/Cpp_projects/RWA3-Group17/rwa3_ws/install/ros2_aruco_interfaces/share/ros2_aruco_interfaces/local_setup.sh
[2.468s] -- Up-to-date: /home/keyur/empm809y_cpp/Cpp_projects/RWA3-Group17/rwa3_ws/install/ros2_aruco_interfaces/share/ros2_aruco_interfaces/local_setup.zsh
[2.468s] -- Up-to-date: /home/keyur/empm809y_cpp/Cpp_projects/RWA3-Group17/rwa3_ws/install/ros2_aruco_interfaces/share/ros2_aruco_interfaces/local_setup.dsv
[2.469s] -- Installing: /home/keyur/empm809y_cpp/Cpp_projects/RWA3-Group17/rwa3_ws/install/ros2_aruco_interfaces/share/ros2_aruco_interfaces/package.dsv
[2.469s] -- Up-to-date: /home/keyur/empm809y_cpp/Cpp_projects/RWA3-Group17/rwa3_ws/install/ros2_aruco_interfaces/share/ament_index/resource_index/packages/ros2_aruco_interfaces
[2.469s] -- Up-to-date: /home/keyur/empm809y_cpp/Cpp_projects/RWA3-Group17/rwa3_ws/install/ros2_aruco_interfaces/share/ros2_aruco_interfaces/cmake/ros2_aruco_interfaces__rosidl_generator_cExport.cmake
[2.469s] -- Up-to-date: /home/keyur/empm809y_cpp/Cpp_projects/RWA3-Group17/rwa3_ws/install/ros2_aruco_interfaces/share/ros2_aruco_interfaces/cmake/ros2_aruco_interfaces__rosidl_generator_cExport-noconfig.cmake
[2.470s] -- Up-to-date: /home/keyur/empm809y_cpp/Cpp_projects/RWA3-Group17/rwa3_ws/install/ros2_aruco_interfaces/share/ros2_aruco_interfaces/cmake/ros2_aruco_interfaces__rosidl_typesupport_introspection_cExport.cmake
[2.470s] -- Up-to-date: /home/keyur/empm809y_cpp/Cpp_projects/RWA3-Group17/rwa3_ws/install/ros2_aruco_interfaces/share/ros2_aruco_interfaces/cmake/ros2_aruco_interfaces__rosidl_typesupport_introspection_cExport-noconfig.cmake
[2.471s] -- Up-to-date: /home/keyur/empm809y_cpp/Cpp_projects/RWA3-Group17/rwa3_ws/install/ros2_aruco_interfaces/share/ros2_aruco_interfaces/cmake/ros2_aruco_interfaces__rosidl_typesupport_cExport.cmake
[2.472s] -- Up-to-date: /home/keyur/empm809y_cpp/Cpp_projects/RWA3-Group17/rwa3_ws/install/ros2_aruco_interfaces/share/ros2_aruco_interfaces/cmake/ros2_aruco_interfaces__rosidl_typesupport_cExport-noconfig.cmake
[2.472s] -- Up-to-date: /home/keyur/empm809y_cpp/Cpp_projects/RWA3-Group17/rwa3_ws/install/ros2_aruco_interfaces/share/ros2_aruco_interfaces/cmake/ros2_aruco_interfaces__rosidl_generator_cppExport.cmake
[2.473s] -- Up-to-date: /home/keyur/empm809y_cpp/Cpp_projects/RWA3-Group17/rwa3_ws/install/ros2_aruco_interfaces/share/ros2_aruco_interfaces/cmake/ros2_aruco_interfaces__rosidl_typesupport_introspection_cppExport.cmake
[2.474s] -- Up-to-date: /home/keyur/empm809y_cpp/Cpp_projects/RWA3-Group17/rwa3_ws/install/ros2_aruco_interfaces/share/ros2_aruco_interfaces/cmake/ros2_aruco_interfaces__rosidl_typesupport_introspection_cppExport-noconfig.cmake
[2.475s] -- Up-to-date: /home/keyur/empm809y_cpp/Cpp_projects/RWA3-Group17/rwa3_ws/install/ros2_aruco_interfaces/share/ros2_aruco_interfaces/cmake/ros2_aruco_interfaces__rosidl_typesupport_cppExport.cmake
[2.475s] -- Up-to-date: /home/keyur/empm809y_cpp/Cpp_projects/RWA3-Group17/rwa3_ws/install/ros2_aruco_interfaces/share/ros2_aruco_interfaces/cmake/ros2_aruco_interfaces__rosidl_typesupport_cppExport-noconfig.cmake
[2.476s] -- Up-to-date: /home/keyur/empm809y_cpp/Cpp_projects/RWA3-Group17/rwa3_ws/install/ros2_aruco_interfaces/share/ros2_aruco_interfaces/cmake/rosidl_cmake-extras.cmake
[2.476s] -- Up-to-date: /home/keyur/empm809y_cpp/Cpp_projects/RWA3-Group17/rwa3_ws/install/ros2_aruco_interfaces/share/ros2_aruco_interfaces/cmake/ament_cmake_export_dependencies-extras.cmake
[2.477s] -- Up-to-date: /home/keyur/empm809y_cpp/Cpp_projects/RWA3-Group17/rwa3_ws/install/ros2_aruco_interfaces/share/ros2_aruco_interfaces/cmake/ament_cmake_export_libraries-extras.cmake
[2.477s] -- Up-to-date: /home/keyur/empm809y_cpp/Cpp_projects/RWA3-Group17/rwa3_ws/install/ros2_aruco_interfaces/share/ros2_aruco_interfaces/cmake/ament_cmake_export_targets-extras.cmake
[2.478s] -- Up-to-date: /home/keyur/empm809y_cpp/Cpp_projects/RWA3-Group17/rwa3_ws/install/ros2_aruco_interfaces/share/ros2_aruco_interfaces/cmake/ament_cmake_export_include_directories-extras.cmake
[2.479s] -- Up-to-date: /home/keyur/empm809y_cpp/Cpp_projects/RWA3-Group17/rwa3_ws/install/ros2_aruco_interfaces/share/ros2_aruco_interfaces/cmake/rosidl_cmake_export_typesupport_libraries-extras.cmake
[2.480s] -- Up-to-date: /home/keyur/empm809y_cpp/Cpp_projects/RWA3-Group17/rwa3_ws/install/ros2_aruco_interfaces/share/ros2_aruco_interfaces/cmake/rosidl_cmake_export_typesupport_targets-extras.cmake
[2.481s] -- Up-to-date: /home/keyur/empm809y_cpp/Cpp_projects/RWA3-Group17/rwa3_ws/install/ros2_aruco_interfaces/share/ros2_aruco_interfaces/cmake/ros2_aruco_interfacesConfig.cmake
[2.481s] -- Up-to-date: /home/keyur/empm809y_cpp/Cpp_projects/RWA3-Group17/rwa3_ws/install/ros2_aruco_interfaces/share/ros2_aruco_interfaces/cmake/ros2_aruco_interfacesConfig-version.cmake
[2.482s] -- Up-to-date: /home/keyur/empm809y_cpp/Cpp_projects/RWA3-Group17/rwa3_ws/install/ros2_aruco_interfaces/share/ros2_aruco_interfaces/package.xml
[3.029s] Invoked command in '/home/keyur/empm809y_cpp/Cpp_projects/RWA3-Group17/rwa3_ws/build/ros2_aruco_interfaces' returned '0': CMAKE_PREFIX_PATH=${CMAKE_PREFIX_PATH}:/home/keyur/empm809y_cpp/Cpp_projects/RWA3-Group17/rwa3_ws/install/ros2_aruco:/opt/ros/galactic /usr/bin/cmake --install /home/keyur/empm809y_cpp/Cpp_projects/RWA3-Group17/rwa3_ws/build/ros2_aruco_interfaces
