[1.334s] Invoking command in '/home/keyur/empm809y_cpp/Cpp_projects/RWA3-Group17/rwa3_ws/build/mage_msgs': CMAKE_PREFIX_PATH=${CMAKE_PREFIX_PATH}:/opt/ros/galactic /usr/bin/cmake /home/keyur/empm809y_cpp/Cpp_projects/RWA3-Group17/rwa3_ws/src/mage_msgs -DCMAKE_INSTALL_PREFIX=/home/keyur/empm809y_cpp/Cpp_projects/RWA3-Group17/rwa3_ws/install/mage_msgs
[4.399s] -- The C compiler identification is GNU 9.4.0
[5.592s] -- The CXX compiler identification is GNU 9.4.0
[5.664s] -- Check for working C compiler: /usr/bin/cc
[5.954s] -- Check for working C compiler: /usr/bin/cc -- works
[6.134s] -- Detecting C compiler ABI info
[6.333s] -- Detecting C compiler ABI info - done
[6.362s] -- Detecting C compile features
[6.362s] -- Detecting C compile features - done
[6.368s] -- Check for working CXX compiler: /usr/bin/c++
[6.487s] -- Check for working CXX compiler: /usr/bin/c++ -- works
[6.488s] -- Detecting CXX compiler ABI info
[6.602s] -- Detecting CXX compiler ABI info - done
[6.621s] -- Detecting CXX compile features
[6.622s] -- Detecting CXX compile features - done
[7.447s] -- Found ament_cmake: 1.1.6 (/opt/ros/galactic/share/ament_cmake/cmake)
[8.013s] -- Found PythonInterp: /usr/bin/python3 (found suitable version "3.8.10", minimum required is "3") 
[8.014s] -- Using PYTHON_EXECUTABLE: /usr/bin/python3
[8.662s] -- Found builtin_interfaces: 1.0.3 (/opt/ros/galactic/share/builtin_interfaces/cmake)
[9.523s] -- Using all available rosidl_typesupport_c: rosidl_typesupport_fastrtps_c;rosidl_typesupport_introspection_c
[9.627s] -- Found rosidl_adapter: 2.2.3 (/opt/ros/galactic/share/rosidl_adapter/cmake)
[10.204s] -- Found OpenSSL: /usr/lib/x86_64-linux-gnu/libcrypto.so (found version "1.1.1f")  
[10.257s] -- Found FastRTPS: /opt/ros/galactic/include  
[10.887s] -- Using all available rosidl_typesupport_cpp: rosidl_typesupport_fastrtps_cpp;rosidl_typesupport_introspection_cpp
[11.053s] -- Found std_msgs: 2.2.4 (/opt/ros/galactic/share/std_msgs/cmake)
[11.125s] -- Found geometry_msgs: 2.2.4 (/opt/ros/galactic/share/geometry_msgs/cmake)
[11.243s] -- Found rosidl_default_generators: 1.1.1 (/opt/ros/galactic/share/rosidl_default_generators/cmake)
[11.325s] -- Found PythonInterp: /usr/bin/python3 (found version "3.8.10") 
[11.731s] -- Found ament_cmake_cppcheck: 0.10.7 (/opt/ros/galactic/share/ament_cmake_cppcheck/cmake)
[11.781s] -- Found ament_cmake_cpplint: 0.10.7 (/opt/ros/galactic/share/ament_cmake_cpplint/cmake)
[11.873s] -- Found ament_cmake_uncrustify: 0.10.7 (/opt/ros/galactic/share/ament_cmake_uncrustify/cmake)
[11.928s] -- Found ament_cmake_ros: 0.9.2 (/opt/ros/galactic/share/ament_cmake_ros/cmake)
[12.624s] -- Using all available rosidl_typesupport_c: rosidl_typesupport_fastrtps_c;rosidl_typesupport_introspection_c
[12.853s] -- Using all available rosidl_typesupport_cpp: rosidl_typesupport_fastrtps_cpp;rosidl_typesupport_introspection_cpp
[12.892s] -- Found PythonInterp: /usr/bin/python3 (found suitable version "3.8.10", minimum required is "3.5") 
[12.900s] -- Found python_cmake_module: 0.8.1 (/opt/ros/galactic/share/python_cmake_module/cmake)
[12.991s] -- Found PythonLibs: /usr/lib/x86_64-linux-gnu/libpython3.8.so (found suitable version "3.8.10", minimum required is "3.5") 
[12.992s] -- Using PYTHON_EXECUTABLE: /usr/bin/python3
[12.992s] -- Using PYTHON_INCLUDE_DIRS: /usr/include/python3.8
[12.992s] -- Using PYTHON_LIBRARIES: /usr/lib/x86_64-linux-gnu/libpython3.8.so
[13.021s] -- Found PythonExtra: .so  
[13.195s] -- Found ament_cmake_flake8: 0.10.7 (/opt/ros/galactic/share/ament_cmake_flake8/cmake)
[13.257s] -- Found ament_cmake_pep257: 0.10.7 (/opt/ros/galactic/share/ament_cmake_pep257/cmake)
[13.377s] -- Configuring done
[13.996s] -- Generating done
[14.000s] -- Build files have been written to: /home/keyur/empm809y_cpp/Cpp_projects/RWA3-Group17/rwa3_ws/build/mage_msgs
[14.013s] Invoked command in '/home/keyur/empm809y_cpp/Cpp_projects/RWA3-Group17/rwa3_ws/build/mage_msgs' returned '0': CMAKE_PREFIX_PATH=${CMAKE_PREFIX_PATH}:/opt/ros/galactic /usr/bin/cmake /home/keyur/empm809y_cpp/Cpp_projects/RWA3-Group17/rwa3_ws/src/mage_msgs -DCMAKE_INSTALL_PREFIX=/home/keyur/empm809y_cpp/Cpp_projects/RWA3-Group17/rwa3_ws/install/mage_msgs
[14.016s] Invoking command in '/home/keyur/empm809y_cpp/Cpp_projects/RWA3-Group17/rwa3_ws/build/mage_msgs': CMAKE_PREFIX_PATH=${CMAKE_PREFIX_PATH}:/opt/ros/galactic /usr/bin/cmake --build /home/keyur/empm809y_cpp/Cpp_projects/RWA3-Group17/rwa3_ws/build/mage_msgs -- -j8 -l8
[14.077s] [35m[1mScanning dependencies of target mage_msgs__cpp[0m
[14.081s] [  1%] [34m[1mGenerating C code for ROS interfaces[0m
[14.094s] [  2%] [34m[1mGenerating C++ code for ROS interfaces[0m
[15.131s] [  2%] Built target mage_msgs__cpp
[15.168s] [  4%] [34m[1mGenerating C++ type support for eProsima Fast-RTPS[0m
[15.168s] [  5%] [34m[1mGenerating C++ introspection for ROS interfaces[0m
[15.184s] [  7%] [34m[1mGenerating C++ type support dispatch for ROS interfaces[0m
[15.671s] [35m[1mScanning dependencies of target mage_msgs__rosidl_generator_c[0m
[15.784s] [  8%] [32mBuilding C object CMakeFiles/mage_msgs__rosidl_generator_c.dir/rosidl_generator_c/mage_msgs/msg/detail/advanced_logical_camera_image__functions.c.o[0m
[15.785s] [  9%] [32mBuilding C object CMakeFiles/mage_msgs__rosidl_generator_c.dir/rosidl_generator_c/mage_msgs/msg/detail/part_pose__functions.c.o[0m
[15.786s] [ 11%] [32mBuilding C object CMakeFiles/mage_msgs__rosidl_generator_c.dir/rosidl_generator_c/mage_msgs/msg/detail/sensors__functions.c.o[0m
[15.789s] [ 12%] [32mBuilding C object CMakeFiles/mage_msgs__rosidl_generator_c.dir/rosidl_generator_c/mage_msgs/msg/detail/part__functions.c.o[0m
[15.795s] [ 14%] [32mBuilding C object CMakeFiles/mage_msgs__rosidl_generator_c.dir/rosidl_generator_c/mage_msgs/msg/detail/marker__functions.c.o[0m
[16.179s] [35m[1mScanning dependencies of target mage_msgs__rosidl_typesupport_introspection_cpp[0m
[16.183s] [35m[1mScanning dependencies of target mage_msgs__rosidl_typesupport_cpp[0m
[16.239s] [ 15%] [32mBuilding C object CMakeFiles/mage_msgs__rosidl_generator_c.dir/rosidl_generator_c/mage_msgs/msg/detail/marker_array__functions.c.o[0m
[16.241s] [ 16%] [32mBuilding CXX object CMakeFiles/mage_msgs__rosidl_typesupport_introspection_cpp.dir/rosidl_typesupport_introspection_cpp/mage_msgs/msg/detail/advanced_logical_camera_image__type_support.cpp.o[0m
[16.244s] [ 19%] [32mBuilding CXX object CMakeFiles/mage_msgs__rosidl_typesupport_cpp.dir/rosidl_typesupport_cpp/mage_msgs/msg/advanced_logical_camera_image__type_support.cpp.o[0m
[16.244s] [ 19%] [32mBuilding CXX object CMakeFiles/mage_msgs__rosidl_typesupport_introspection_cpp.dir/rosidl_typesupport_introspection_cpp/mage_msgs/msg/detail/part_pose__type_support.cpp.o[0m
[16.249s] [ 21%] [32mBuilding CXX object CMakeFiles/mage_msgs__rosidl_typesupport_introspection_cpp.dir/rosidl_typesupport_introspection_cpp/mage_msgs/msg/detail/sensors__type_support.cpp.o[0m
[16.263s] [ 22%] [32mBuilding CXX object CMakeFiles/mage_msgs__rosidl_typesupport_cpp.dir/rosidl_typesupport_cpp/mage_msgs/msg/part__type_support.cpp.o[0m
[16.273s] [ 23%] [32mBuilding CXX object CMakeFiles/mage_msgs__rosidl_typesupport_introspection_cpp.dir/rosidl_typesupport_introspection_cpp/mage_msgs/msg/detail/part__type_support.cpp.o[0m
[16.406s] [35m[1mScanning dependencies of target mage_msgs__rosidl_typesupport_fastrtps_cpp[0m
[16.636s] [ 25%] [32mBuilding CXX object CMakeFiles/mage_msgs__rosidl_typesupport_fastrtps_cpp.dir/rosidl_typesupport_fastrtps_cpp/mage_msgs/msg/detail/dds_fastrtps/advanced_logical_camera_image__type_support.cpp.o[0m
[16.886s] [ 26%] [32m[1mLinking C shared library libmage_msgs__rosidl_generator_c.so[0m
[17.402s] [ 26%] Built target mage_msgs__rosidl_generator_c
[17.423s] [ 28%] [32mBuilding CXX object CMakeFiles/mage_msgs__rosidl_typesupport_fastrtps_cpp.dir/rosidl_typesupport_fastrtps_cpp/mage_msgs/msg/detail/dds_fastrtps/part__type_support.cpp.o[0m
[18.330s] [ 29%] [32mBuilding CXX object CMakeFiles/mage_msgs__rosidl_typesupport_cpp.dir/rosidl_typesupport_cpp/mage_msgs/msg/part_pose__type_support.cpp.o[0m
[18.341s] [ 30%] [32mBuilding CXX object CMakeFiles/mage_msgs__rosidl_typesupport_fastrtps_cpp.dir/rosidl_typesupport_fastrtps_cpp/mage_msgs/msg/detail/dds_fastrtps/part_pose__type_support.cpp.o[0m
[18.405s] [ 32%] [32mBuilding CXX object CMakeFiles/mage_msgs__rosidl_typesupport_cpp.dir/rosidl_typesupport_cpp/mage_msgs/msg/sensors__type_support.cpp.o[0m
[18.427s] [ 33%] [32mBuilding CXX object CMakeFiles/mage_msgs__rosidl_typesupport_introspection_cpp.dir/rosidl_typesupport_introspection_cpp/mage_msgs/msg/detail/marker_array__type_support.cpp.o[0m
[18.427s] [ 35%] [32mBuilding CXX object CMakeFiles/mage_msgs__rosidl_typesupport_introspection_cpp.dir/rosidl_typesupport_introspection_cpp/mage_msgs/msg/detail/marker__type_support.cpp.o[0m
[19.201s] [ 36%] [32mBuilding CXX object CMakeFiles/mage_msgs__rosidl_typesupport_cpp.dir/rosidl_typesupport_cpp/mage_msgs/msg/marker__type_support.cpp.o[0m
[19.208s] [ 39%] [34m[1mGenerating C introspection for ROS interfaces[0m
[19.208s] [ 39%] [34m[1mGenerating C type support dispatch for ROS interfaces[0m
[19.446s] [ 42%] [32mBuilding CXX object CMakeFiles/mage_msgs__rosidl_typesupport_cpp.dir/rosidl_typesupport_cpp/mage_msgs/msg/marker_array__type_support.cpp.o[0m
[19.446s] [ 42%] [32mBuilding CXX object CMakeFiles/mage_msgs__rosidl_typesupport_fastrtps_cpp.dir/rosidl_typesupport_fastrtps_cpp/mage_msgs/msg/detail/dds_fastrtps/sensors__type_support.cpp.o[0m
[19.448s] [ 43%] [32m[1mLinking CXX shared library libmage_msgs__rosidl_typesupport_introspection_cpp.so[0m
[19.465s] [ 45%] [32mBuilding CXX object CMakeFiles/mage_msgs__rosidl_typesupport_fastrtps_cpp.dir/rosidl_typesupport_fastrtps_cpp/mage_msgs/msg/detail/dds_fastrtps/marker_array__type_support.cpp.o[0m
[19.466s] [ 46%] [32mBuilding CXX object CMakeFiles/mage_msgs__rosidl_typesupport_fastrtps_cpp.dir/rosidl_typesupport_fastrtps_cpp/mage_msgs/msg/detail/dds_fastrtps/marker__type_support.cpp.o[0m
[19.652s] [ 46%] Built target mage_msgs__rosidl_typesupport_introspection_cpp
[20.108s] [ 47%] [32m[1mLinking CXX shared library libmage_msgs__rosidl_typesupport_cpp.so[0m
[20.164s] [35m[1mScanning dependencies of target mage_msgs__rosidl_typesupport_introspection_c[0m
[20.188s] [35m[1mScanning dependencies of target mage_msgs__rosidl_typesupport_c[0m
[20.220s] [ 50%] [32mBuilding CXX object CMakeFiles/mage_msgs__rosidl_typesupport_c.dir/rosidl_typesupport_c/mage_msgs/msg/advanced_logical_camera_image__type_support.cpp.o[0m
[20.221s] [ 52%] [32mBuilding CXX object CMakeFiles/mage_msgs__rosidl_typesupport_c.dir/rosidl_typesupport_c/mage_msgs/msg/part_pose__type_support.cpp.o[0m
[20.221s] [ 50%] [32mBuilding CXX object CMakeFiles/mage_msgs__rosidl_typesupport_c.dir/rosidl_typesupport_c/mage_msgs/msg/part__type_support.cpp.o[0m
[20.221s] [ 52%] Built target mage_msgs__rosidl_typesupport_cpp
[20.253s] [ 53%] [32mBuilding CXX object CMakeFiles/mage_msgs__rosidl_typesupport_c.dir/rosidl_typesupport_c/mage_msgs/msg/sensors__type_support.cpp.o[0m
[20.275s] [ 54%] [32mBuilding C object CMakeFiles/mage_msgs__rosidl_typesupport_introspection_c.dir/rosidl_typesupport_introspection_c/mage_msgs/msg/detail/advanced_logical_camera_image__type_support.c.o[0m
[20.305s] [ 56%] [32mBuilding C object CMakeFiles/mage_msgs__rosidl_typesupport_introspection_c.dir/rosidl_typesupport_introspection_c/mage_msgs/msg/detail/part__type_support.c.o[0m
[20.306s] [ 57%] [32mBuilding CXX object CMakeFiles/mage_msgs__rosidl_typesupport_c.dir/rosidl_typesupport_c/mage_msgs/msg/marker__type_support.cpp.o[0m
[20.324s] [ 59%] [32mBuilding C object CMakeFiles/mage_msgs__rosidl_typesupport_introspection_c.dir/rosidl_typesupport_introspection_c/mage_msgs/msg/detail/part_pose__type_support.c.o[0m
[20.339s] [ 60%] [32mBuilding CXX object CMakeFiles/mage_msgs__rosidl_typesupport_c.dir/rosidl_typesupport_c/mage_msgs/msg/marker_array__type_support.cpp.o[0m
[20.384s] [ 63%] [32mBuilding C object CMakeFiles/mage_msgs__rosidl_typesupport_introspection_c.dir/rosidl_typesupport_introspection_c/mage_msgs/msg/detail/marker__type_support.c.o[0m
[20.384s] [ 63%] [32mBuilding C object CMakeFiles/mage_msgs__rosidl_typesupport_introspection_c.dir/rosidl_typesupport_introspection_c/mage_msgs/msg/detail/sensors__type_support.c.o[0m
[20.401s] [ 64%] [32mBuilding C object CMakeFiles/mage_msgs__rosidl_typesupport_introspection_c.dir/rosidl_typesupport_introspection_c/mage_msgs/msg/detail/marker_array__type_support.c.o[0m
[20.416s] [ 66%] [32m[1mLinking CXX shared library libmage_msgs__rosidl_typesupport_c.so[0m
[20.478s] [ 67%] [32m[1mLinking C shared library libmage_msgs__rosidl_typesupport_introspection_c.so[0m
[20.511s] [ 67%] Built target mage_msgs__rosidl_typesupport_c
[20.530s] [ 67%] Built target mage_msgs__rosidl_typesupport_introspection_c
[20.539s] [ 69%] [32m[1mLinking CXX shared library libmage_msgs__rosidl_typesupport_fastrtps_cpp.so[0m
[20.659s] [ 69%] Built target mage_msgs__rosidl_typesupport_fastrtps_cpp
[20.673s] [ 70%] [34m[1mGenerating C type support for eProsima Fast-RTPS[0m
[21.277s] [35m[1mScanning dependencies of target mage_msgs__rosidl_typesupport_fastrtps_c[0m
[21.313s] [ 74%] [32mBuilding CXX object CMakeFiles/mage_msgs__rosidl_typesupport_fastrtps_c.dir/rosidl_typesupport_fastrtps_c/mage_msgs/msg/detail/advanced_logical_camera_image__type_support_c.cpp.o[0m
[21.313s] [ 74%] [32mBuilding CXX object CMakeFiles/mage_msgs__rosidl_typesupport_fastrtps_c.dir/rosidl_typesupport_fastrtps_c/mage_msgs/msg/detail/part__type_support_c.cpp.o[0m
[21.313s] [ 74%] [32mBuilding CXX object CMakeFiles/mage_msgs__rosidl_typesupport_fastrtps_c.dir/rosidl_typesupport_fastrtps_c/mage_msgs/msg/detail/marker__type_support_c.cpp.o[0m
[21.314s] [ 76%] [32mBuilding CXX object CMakeFiles/mage_msgs__rosidl_typesupport_fastrtps_c.dir/rosidl_typesupport_fastrtps_c/mage_msgs/msg/detail/sensors__type_support_c.cpp.o[0m
[21.314s] [ 77%] [32mBuilding CXX object CMakeFiles/mage_msgs__rosidl_typesupport_fastrtps_c.dir/rosidl_typesupport_fastrtps_c/mage_msgs/msg/detail/part_pose__type_support_c.cpp.o[0m
[21.315s] [ 78%] [32mBuilding CXX object CMakeFiles/mage_msgs__rosidl_typesupport_fastrtps_c.dir/rosidl_typesupport_fastrtps_c/mage_msgs/msg/detail/marker_array__type_support_c.cpp.o[0m
[22.178s] [ 80%] [32m[1mLinking CXX shared library libmage_msgs__rosidl_typesupport_fastrtps_c.so[0m
[22.327s] [ 80%] Built target mage_msgs__rosidl_typesupport_fastrtps_c
[22.340s] [35m[1mScanning dependencies of target mage_msgs[0m
[22.354s] [ 80%] Built target mage_msgs
[22.368s] [35m[1mScanning dependencies of target mage_msgs__py[0m
[22.382s] [ 81%] [34m[1mGenerating Python code for ROS interfaces[0m
[27.737s] [ 81%] Built target mage_msgs__py
[27.751s] [35m[1mScanning dependencies of target mage_msgs__python[0m
[27.798s] [ 83%] [32mBuilding C object CMakeFiles/mage_msgs__python.dir/rosidl_generator_py/mage_msgs/msg/_part_pose_s.c.o[0m
[27.798s] [ 84%] [32mBuilding C object CMakeFiles/mage_msgs__python.dir/rosidl_generator_py/mage_msgs/msg/_advanced_logical_camera_image_s.c.o[0m
[27.801s] [ 85%] [32mBuilding C object CMakeFiles/mage_msgs__python.dir/rosidl_generator_py/mage_msgs/msg/_sensors_s.c.o[0m
[27.801s] [ 87%] [32mBuilding C object CMakeFiles/mage_msgs__python.dir/rosidl_generator_py/mage_msgs/msg/_part_s.c.o[0m
[27.804s] [ 88%] [32mBuilding C object CMakeFiles/mage_msgs__python.dir/rosidl_generator_py/mage_msgs/msg/_marker_array_s.c.o[0m
[27.817s] [ 90%] [32mBuilding C object CMakeFiles/mage_msgs__python.dir/rosidl_generator_py/mage_msgs/msg/_marker_s.c.o[0m
[28.171s] [ 91%] [32m[1mLinking C shared library rosidl_generator_py/mage_msgs/libmage_msgs__python.so[0m
[28.300s] [ 91%] Built target mage_msgs__python
[28.327s] [35m[1mScanning dependencies of target mage_msgs__rosidl_typesupport_fastrtps_c__pyext[0m
[28.355s] [35m[1mScanning dependencies of target mage_msgs__rosidl_typesupport_c__pyext[0m
[28.380s] [35m[1mScanning dependencies of target mage_msgs__rosidl_typesupport_introspection_c__pyext[0m
[28.383s] [ 92%] [32mBuilding C object CMakeFiles/mage_msgs__rosidl_typesupport_fastrtps_c__pyext.dir/rosidl_generator_py/mage_msgs/_mage_msgs_s.ep.rosidl_typesupport_fastrtps_c.c.o[0m
[28.424s] [ 94%] [32mBuilding C object CMakeFiles/mage_msgs__rosidl_typesupport_c__pyext.dir/rosidl_generator_py/mage_msgs/_mage_msgs_s.ep.rosidl_typesupport_c.c.o[0m
[28.481s] [ 95%] [32mBuilding C object CMakeFiles/mage_msgs__rosidl_typesupport_introspection_c__pyext.dir/rosidl_generator_py/mage_msgs/_mage_msgs_s.ep.rosidl_typesupport_introspection_c.c.o[0m
[28.707s] [ 97%] [32m[1mLinking C shared library rosidl_generator_py/mage_msgs/mage_msgs_s__rosidl_typesupport_c.cpython-38-x86_64-linux-gnu.so[0m
[28.736s] [ 98%] [32m[1mLinking CXX shared library rosidl_generator_py/mage_msgs/mage_msgs_s__rosidl_typesupport_fastrtps_c.cpython-38-x86_64-linux-gnu.so[0m
[28.802s] [ 98%] Built target mage_msgs__rosidl_typesupport_c__pyext
[28.804s] [100%] [32m[1mLinking C shared library rosidl_generator_py/mage_msgs/mage_msgs_s__rosidl_typesupport_introspection_c.cpython-38-x86_64-linux-gnu.so[0m
[28.890s] [100%] Built target mage_msgs__rosidl_typesupport_introspection_c__pyext
[28.896s] [100%] Built target mage_msgs__rosidl_typesupport_fastrtps_c__pyext
[28.917s] Invoked command in '/home/keyur/empm809y_cpp/Cpp_projects/RWA3-Group17/rwa3_ws/build/mage_msgs' returned '0': CMAKE_PREFIX_PATH=${CMAKE_PREFIX_PATH}:/opt/ros/galactic /usr/bin/cmake --build /home/keyur/empm809y_cpp/Cpp_projects/RWA3-Group17/rwa3_ws/build/mage_msgs -- -j8 -l8
[29.380s] Invoking command in '/home/keyur/empm809y_cpp/Cpp_projects/RWA3-Group17/rwa3_ws/build/mage_msgs': CMAKE_PREFIX_PATH=${CMAKE_PREFIX_PATH}:/opt/ros/galactic /usr/bin/cmake --install /home/keyur/empm809y_cpp/Cpp_projects/RWA3-Group17/rwa3_ws/build/mage_msgs
[29.394s] -- Install configuration: ""
[29.395s] -- Installing: /home/keyur/empm809y_cpp/Cpp_projects/RWA3-Group17/rwa3_ws/install/mage_msgs/share/ament_index/resource_index/rosidl_interfaces/mage_msgs
[29.395s] -- Installing: /home/keyur/empm809y_cpp/Cpp_projects/RWA3-Group17/rwa3_ws/install/mage_msgs/include/mage_msgs
[29.395s] -- Installing: /home/keyur/empm809y_cpp/Cpp_projects/RWA3-Group17/rwa3_ws/install/mage_msgs/include/mage_msgs/msg
[29.395s] -- Installing: /home/keyur/empm809y_cpp/Cpp_projects/RWA3-Group17/rwa3_ws/install/mage_msgs/include/mage_msgs/msg/marker_array.h
[29.396s] -- Installing: /home/keyur/empm809y_cpp/Cpp_projects/RWA3-Group17/rwa3_ws/install/mage_msgs/include/mage_msgs/msg/sensors.h
[29.396s] -- Installing: /home/keyur/empm809y_cpp/Cpp_projects/RWA3-Group17/rwa3_ws/install/mage_msgs/include/mage_msgs/msg/part_pose.h
[29.396s] -- Installing: /home/keyur/empm809y_cpp/Cpp_projects/RWA3-Group17/rwa3_ws/install/mage_msgs/include/mage_msgs/msg/rosidl_generator_c__visibility_control.h
[29.397s] -- Installing: /home/keyur/empm809y_cpp/Cpp_projects/RWA3-Group17/rwa3_ws/install/mage_msgs/include/mage_msgs/msg/marker.h
[29.397s] -- Installing: /home/keyur/empm809y_cpp/Cpp_projects/RWA3-Group17/rwa3_ws/install/mage_msgs/include/mage_msgs/msg/part.h
[29.397s] -- Installing: /home/keyur/empm809y_cpp/Cpp_projects/RWA3-Group17/rwa3_ws/install/mage_msgs/include/mage_msgs/msg/detail
[29.397s] -- Installing: /home/keyur/empm809y_cpp/Cpp_projects/RWA3-Group17/rwa3_ws/install/mage_msgs/include/mage_msgs/msg/detail/sensors__type_support.h
[29.397s] -- Installing: /home/keyur/empm809y_cpp/Cpp_projects/RWA3-Group17/rwa3_ws/install/mage_msgs/include/mage_msgs/msg/detail/marker__struct.h
[29.397s] -- Installing: /home/keyur/empm809y_cpp/Cpp_projects/RWA3-Group17/rwa3_ws/install/mage_msgs/include/mage_msgs/msg/detail/part__struct.h
[29.398s] -- Installing: /home/keyur/empm809y_cpp/Cpp_projects/RWA3-Group17/rwa3_ws/install/mage_msgs/include/mage_msgs/msg/detail/marker__functions.h
[29.398s] -- Installing: /home/keyur/empm809y_cpp/Cpp_projects/RWA3-Group17/rwa3_ws/install/mage_msgs/include/mage_msgs/msg/detail/part_pose__struct.h
[29.399s] -- Installing: /home/keyur/empm809y_cpp/Cpp_projects/RWA3-Group17/rwa3_ws/install/mage_msgs/include/mage_msgs/msg/detail/advanced_logical_camera_image__functions.h
[29.399s] -- Installing: /home/keyur/empm809y_cpp/Cpp_projects/RWA3-Group17/rwa3_ws/install/mage_msgs/include/mage_msgs/msg/detail/marker_array__functions.c
[29.399s] -- Installing: /home/keyur/empm809y_cpp/Cpp_projects/RWA3-Group17/rwa3_ws/install/mage_msgs/include/mage_msgs/msg/detail/advanced_logical_camera_image__type_support.h
[29.400s] -- Installing: /home/keyur/empm809y_cpp/Cpp_projects/RWA3-Group17/rwa3_ws/install/mage_msgs/include/mage_msgs/msg/detail/part_pose__functions.h
[29.400s] -- Installing: /home/keyur/empm809y_cpp/Cpp_projects/RWA3-Group17/rwa3_ws/install/mage_msgs/include/mage_msgs/msg/detail/sensors__struct.h
[29.401s] -- Installing: /home/keyur/empm809y_cpp/Cpp_projects/RWA3-Group17/rwa3_ws/install/mage_msgs/include/mage_msgs/msg/detail/sensors__functions.h
[29.401s] -- Installing: /home/keyur/empm809y_cpp/Cpp_projects/RWA3-Group17/rwa3_ws/install/mage_msgs/include/mage_msgs/msg/detail/marker_array__functions.h
[29.401s] -- Installing: /home/keyur/empm809y_cpp/Cpp_projects/RWA3-Group17/rwa3_ws/install/mage_msgs/include/mage_msgs/msg/detail/advanced_logical_camera_image__functions.c
[29.402s] -- Installing: /home/keyur/empm809y_cpp/Cpp_projects/RWA3-Group17/rwa3_ws/install/mage_msgs/include/mage_msgs/msg/detail/part_pose__type_support.h
[29.402s] -- Installing: /home/keyur/empm809y_cpp/Cpp_projects/RWA3-Group17/rwa3_ws/install/mage_msgs/include/mage_msgs/msg/detail/part__type_support.h
[29.402s] -- Installing: /home/keyur/empm809y_cpp/Cpp_projects/RWA3-Group17/rwa3_ws/install/mage_msgs/include/mage_msgs/msg/detail/advanced_logical_camera_image__struct.h
[29.403s] -- Installing: /home/keyur/empm809y_cpp/Cpp_projects/RWA3-Group17/rwa3_ws/install/mage_msgs/include/mage_msgs/msg/detail/marker__type_support.h
[29.403s] -- Installing: /home/keyur/empm809y_cpp/Cpp_projects/RWA3-Group17/rwa3_ws/install/mage_msgs/include/mage_msgs/msg/detail/part__functions.c
[29.403s] -- Installing: /home/keyur/empm809y_cpp/Cpp_projects/RWA3-Group17/rwa3_ws/install/mage_msgs/include/mage_msgs/msg/detail/marker__functions.c
[29.404s] -- Installing: /home/keyur/empm809y_cpp/Cpp_projects/RWA3-Group17/rwa3_ws/install/mage_msgs/include/mage_msgs/msg/detail/sensors__functions.c
[29.404s] -- Installing: /home/keyur/empm809y_cpp/Cpp_projects/RWA3-Group17/rwa3_ws/install/mage_msgs/include/mage_msgs/msg/detail/marker_array__struct.h
[29.405s] -- Installing: /home/keyur/empm809y_cpp/Cpp_projects/RWA3-Group17/rwa3_ws/install/mage_msgs/include/mage_msgs/msg/detail/part__functions.h
[29.405s] -- Installing: /home/keyur/empm809y_cpp/Cpp_projects/RWA3-Group17/rwa3_ws/install/mage_msgs/include/mage_msgs/msg/detail/marker_array__type_support.h
[29.405s] -- Installing: /home/keyur/empm809y_cpp/Cpp_projects/RWA3-Group17/rwa3_ws/install/mage_msgs/include/mage_msgs/msg/detail/part_pose__functions.c
[29.405s] -- Installing: /home/keyur/empm809y_cpp/Cpp_projects/RWA3-Group17/rwa3_ws/install/mage_msgs/include/mage_msgs/msg/advanced_logical_camera_image.h
[29.406s] -- Installing: /home/keyur/empm809y_cpp/Cpp_projects/RWA3-Group17/rwa3_ws/install/mage_msgs/share/mage_msgs/environment/library_path.sh
[29.406s] -- Installing: /home/keyur/empm809y_cpp/Cpp_projects/RWA3-Group17/rwa3_ws/install/mage_msgs/share/mage_msgs/environment/library_path.dsv
[29.406s] -- Installing: /home/keyur/empm809y_cpp/Cpp_projects/RWA3-Group17/rwa3_ws/install/mage_msgs/lib/libmage_msgs__rosidl_generator_c.so
[29.406s] -- Set runtime path of "/home/keyur/empm809y_cpp/Cpp_projects/RWA3-Group17/rwa3_ws/install/mage_msgs/lib/libmage_msgs__rosidl_generator_c.so" to ""
[29.406s] -- Up-to-date: /home/keyur/empm809y_cpp/Cpp_projects/RWA3-Group17/rwa3_ws/install/mage_msgs/include/mage_msgs
[29.407s] -- Up-to-date: /home/keyur/empm809y_cpp/Cpp_projects/RWA3-Group17/rwa3_ws/install/mage_msgs/include/mage_msgs/msg
[29.407s] -- Installing: /home/keyur/empm809y_cpp/Cpp_projects/RWA3-Group17/rwa3_ws/install/mage_msgs/include/mage_msgs/msg/rosidl_typesupport_fastrtps_c__visibility_control.h
[29.407s] -- Up-to-date: /home/keyur/empm809y_cpp/Cpp_projects/RWA3-Group17/rwa3_ws/install/mage_msgs/include/mage_msgs/msg/detail
[29.408s] -- Installing: /home/keyur/empm809y_cpp/Cpp_projects/RWA3-Group17/rwa3_ws/install/mage_msgs/include/mage_msgs/msg/detail/marker_array__rosidl_typesupport_fastrtps_c.h
[29.408s] -- Installing: /home/keyur/empm809y_cpp/Cpp_projects/RWA3-Group17/rwa3_ws/install/mage_msgs/include/mage_msgs/msg/detail/sensors__rosidl_typesupport_fastrtps_c.h
[29.408s] -- Installing: /home/keyur/empm809y_cpp/Cpp_projects/RWA3-Group17/rwa3_ws/install/mage_msgs/include/mage_msgs/msg/detail/part__rosidl_typesupport_fastrtps_c.h
[29.408s] -- Installing: /home/keyur/empm809y_cpp/Cpp_projects/RWA3-Group17/rwa3_ws/install/mage_msgs/include/mage_msgs/msg/detail/advanced_logical_camera_image__rosidl_typesupport_fastrtps_c.h
[29.409s] -- Installing: /home/keyur/empm809y_cpp/Cpp_projects/RWA3-Group17/rwa3_ws/install/mage_msgs/include/mage_msgs/msg/detail/marker__rosidl_typesupport_fastrtps_c.h
[29.409s] -- Installing: /home/keyur/empm809y_cpp/Cpp_projects/RWA3-Group17/rwa3_ws/install/mage_msgs/include/mage_msgs/msg/detail/part_pose__rosidl_typesupport_fastrtps_c.h
[29.409s] -- Installing: /home/keyur/empm809y_cpp/Cpp_projects/RWA3-Group17/rwa3_ws/install/mage_msgs/lib/libmage_msgs__rosidl_typesupport_fastrtps_c.so
[29.409s] -- Set runtime path of "/home/keyur/empm809y_cpp/Cpp_projects/RWA3-Group17/rwa3_ws/install/mage_msgs/lib/libmage_msgs__rosidl_typesupport_fastrtps_c.so" to ""
[29.409s] -- Up-to-date: /home/keyur/empm809y_cpp/Cpp_projects/RWA3-Group17/rwa3_ws/install/mage_msgs/include/mage_msgs
[29.410s] -- Up-to-date: /home/keyur/empm809y_cpp/Cpp_projects/RWA3-Group17/rwa3_ws/install/mage_msgs/include/mage_msgs/msg
[29.410s] -- Installing: /home/keyur/empm809y_cpp/Cpp_projects/RWA3-Group17/rwa3_ws/install/mage_msgs/include/mage_msgs/msg/rosidl_typesupport_fastrtps_cpp__visibility_control.h
[29.410s] -- Up-to-date: /home/keyur/empm809y_cpp/Cpp_projects/RWA3-Group17/rwa3_ws/install/mage_msgs/include/mage_msgs/msg/detail
[29.410s] -- Installing: /home/keyur/empm809y_cpp/Cpp_projects/RWA3-Group17/rwa3_ws/install/mage_msgs/include/mage_msgs/msg/detail/part__rosidl_typesupport_fastrtps_cpp.hpp
[29.411s] -- Installing: /home/keyur/empm809y_cpp/Cpp_projects/RWA3-Group17/rwa3_ws/install/mage_msgs/include/mage_msgs/msg/detail/marker_array__rosidl_typesupport_fastrtps_cpp.hpp
[29.411s] -- Installing: /home/keyur/empm809y_cpp/Cpp_projects/RWA3-Group17/rwa3_ws/install/mage_msgs/include/mage_msgs/msg/detail/sensors__rosidl_typesupport_fastrtps_cpp.hpp
[29.411s] -- Installing: /home/keyur/empm809y_cpp/Cpp_projects/RWA3-Group17/rwa3_ws/install/mage_msgs/include/mage_msgs/msg/detail/advanced_logical_camera_image__rosidl_typesupport_fastrtps_cpp.hpp
[29.411s] -- Installing: /home/keyur/empm809y_cpp/Cpp_projects/RWA3-Group17/rwa3_ws/install/mage_msgs/include/mage_msgs/msg/detail/dds_fastrtps
[29.411s] -- Installing: /home/keyur/empm809y_cpp/Cpp_projects/RWA3-Group17/rwa3_ws/install/mage_msgs/include/mage_msgs/msg/detail/marker__rosidl_typesupport_fastrtps_cpp.hpp
[29.412s] -- Installing: /home/keyur/empm809y_cpp/Cpp_projects/RWA3-Group17/rwa3_ws/install/mage_msgs/include/mage_msgs/msg/detail/part_pose__rosidl_typesupport_fastrtps_cpp.hpp
[29.412s] -- Installing: /home/keyur/empm809y_cpp/Cpp_projects/RWA3-Group17/rwa3_ws/install/mage_msgs/lib/libmage_msgs__rosidl_typesupport_fastrtps_cpp.so
[29.412s] -- Set runtime path of "/home/keyur/empm809y_cpp/Cpp_projects/RWA3-Group17/rwa3_ws/install/mage_msgs/lib/libmage_msgs__rosidl_typesupport_fastrtps_cpp.so" to ""
[29.412s] -- Up-to-date: /home/keyur/empm809y_cpp/Cpp_projects/RWA3-Group17/rwa3_ws/install/mage_msgs/include/mage_msgs
[29.413s] -- Up-to-date: /home/keyur/empm809y_cpp/Cpp_projects/RWA3-Group17/rwa3_ws/install/mage_msgs/include/mage_msgs/msg
[29.413s] -- Installing: /home/keyur/empm809y_cpp/Cpp_projects/RWA3-Group17/rwa3_ws/install/mage_msgs/include/mage_msgs/msg/rosidl_typesupport_introspection_c__visibility_control.h
[29.413s] -- Up-to-date: /home/keyur/empm809y_cpp/Cpp_projects/RWA3-Group17/rwa3_ws/install/mage_msgs/include/mage_msgs/msg/detail
[29.413s] -- Installing: /home/keyur/empm809y_cpp/Cpp_projects/RWA3-Group17/rwa3_ws/install/mage_msgs/include/mage_msgs/msg/detail/sensors__type_support.c
[29.414s] -- Installing: /home/keyur/empm809y_cpp/Cpp_projects/RWA3-Group17/rwa3_ws/install/mage_msgs/include/mage_msgs/msg/detail/marker_array__type_support.c
[29.414s] -- Installing: /home/keyur/empm809y_cpp/Cpp_projects/RWA3-Group17/rwa3_ws/install/mage_msgs/include/mage_msgs/msg/detail/part__type_support.c
[29.414s] -- Installing: /home/keyur/empm809y_cpp/Cpp_projects/RWA3-Group17/rwa3_ws/install/mage_msgs/include/mage_msgs/msg/detail/marker_array__rosidl_typesupport_introspection_c.h
[29.414s] -- Installing: /home/keyur/empm809y_cpp/Cpp_projects/RWA3-Group17/rwa3_ws/install/mage_msgs/include/mage_msgs/msg/detail/advanced_logical_camera_image__rosidl_typesupport_introspection_c.h
[29.414s] -- Installing: /home/keyur/empm809y_cpp/Cpp_projects/RWA3-Group17/rwa3_ws/install/mage_msgs/include/mage_msgs/msg/detail/advanced_logical_camera_image__type_support.c
[29.415s] -- Installing: /home/keyur/empm809y_cpp/Cpp_projects/RWA3-Group17/rwa3_ws/install/mage_msgs/include/mage_msgs/msg/detail/part__rosidl_typesupport_introspection_c.h
[29.415s] -- Installing: /home/keyur/empm809y_cpp/Cpp_projects/RWA3-Group17/rwa3_ws/install/mage_msgs/include/mage_msgs/msg/detail/part_pose__type_support.c
[29.415s] -- Installing: /home/keyur/empm809y_cpp/Cpp_projects/RWA3-Group17/rwa3_ws/install/mage_msgs/include/mage_msgs/msg/detail/sensors__rosidl_typesupport_introspection_c.h
[29.415s] -- Installing: /home/keyur/empm809y_cpp/Cpp_projects/RWA3-Group17/rwa3_ws/install/mage_msgs/include/mage_msgs/msg/detail/part_pose__rosidl_typesupport_introspection_c.h
[29.415s] -- Installing: /home/keyur/empm809y_cpp/Cpp_projects/RWA3-Group17/rwa3_ws/install/mage_msgs/include/mage_msgs/msg/detail/marker__rosidl_typesupport_introspection_c.h
[29.416s] -- Installing: /home/keyur/empm809y_cpp/Cpp_projects/RWA3-Group17/rwa3_ws/install/mage_msgs/include/mage_msgs/msg/detail/marker__type_support.c
[29.416s] -- Installing: /home/keyur/empm809y_cpp/Cpp_projects/RWA3-Group17/rwa3_ws/install/mage_msgs/lib/libmage_msgs__rosidl_typesupport_introspection_c.so
[29.416s] -- Set runtime path of "/home/keyur/empm809y_cpp/Cpp_projects/RWA3-Group17/rwa3_ws/install/mage_msgs/lib/libmage_msgs__rosidl_typesupport_introspection_c.so" to ""
[29.417s] -- Installing: /home/keyur/empm809y_cpp/Cpp_projects/RWA3-Group17/rwa3_ws/install/mage_msgs/lib/libmage_msgs__rosidl_typesupport_c.so
[29.417s] -- Set runtime path of "/home/keyur/empm809y_cpp/Cpp_projects/RWA3-Group17/rwa3_ws/install/mage_msgs/lib/libmage_msgs__rosidl_typesupport_c.so" to ""
[29.417s] -- Up-to-date: /home/keyur/empm809y_cpp/Cpp_projects/RWA3-Group17/rwa3_ws/install/mage_msgs/include/mage_msgs
[29.418s] -- Up-to-date: /home/keyur/empm809y_cpp/Cpp_projects/RWA3-Group17/rwa3_ws/install/mage_msgs/include/mage_msgs/msg
[29.418s] -- Installing: /home/keyur/empm809y_cpp/Cpp_projects/RWA3-Group17/rwa3_ws/install/mage_msgs/include/mage_msgs/msg/advanced_logical_camera_image.hpp
[29.418s] -- Installing: /home/keyur/empm809y_cpp/Cpp_projects/RWA3-Group17/rwa3_ws/install/mage_msgs/include/mage_msgs/msg/marker_array.hpp
[29.419s] -- Installing: /home/keyur/empm809y_cpp/Cpp_projects/RWA3-Group17/rwa3_ws/install/mage_msgs/include/mage_msgs/msg/part.hpp
[29.419s] -- Installing: /home/keyur/empm809y_cpp/Cpp_projects/RWA3-Group17/rwa3_ws/install/mage_msgs/include/mage_msgs/msg/sensors.hpp
[29.419s] -- Installing: /home/keyur/empm809y_cpp/Cpp_projects/RWA3-Group17/rwa3_ws/install/mage_msgs/include/mage_msgs/msg/marker.hpp
[29.419s] -- Installing: /home/keyur/empm809y_cpp/Cpp_projects/RWA3-Group17/rwa3_ws/install/mage_msgs/include/mage_msgs/msg/part_pose.hpp
[29.420s] -- Up-to-date: /home/keyur/empm809y_cpp/Cpp_projects/RWA3-Group17/rwa3_ws/install/mage_msgs/include/mage_msgs/msg/detail
[29.420s] -- Installing: /home/keyur/empm809y_cpp/Cpp_projects/RWA3-Group17/rwa3_ws/install/mage_msgs/include/mage_msgs/msg/detail/marker__traits.hpp
[29.420s] -- Installing: /home/keyur/empm809y_cpp/Cpp_projects/RWA3-Group17/rwa3_ws/install/mage_msgs/include/mage_msgs/msg/detail/marker__struct.hpp
[29.421s] -- Installing: /home/keyur/empm809y_cpp/Cpp_projects/RWA3-Group17/rwa3_ws/install/mage_msgs/include/mage_msgs/msg/detail/sensors__traits.hpp
[29.421s] -- Installing: /home/keyur/empm809y_cpp/Cpp_projects/RWA3-Group17/rwa3_ws/install/mage_msgs/include/mage_msgs/msg/detail/marker_array__struct.hpp
[29.421s] -- Installing: /home/keyur/empm809y_cpp/Cpp_projects/RWA3-Group17/rwa3_ws/install/mage_msgs/include/mage_msgs/msg/detail/part_pose__traits.hpp
[29.422s] -- Installing: /home/keyur/empm809y_cpp/Cpp_projects/RWA3-Group17/rwa3_ws/install/mage_msgs/include/mage_msgs/msg/detail/part__builder.hpp
[29.422s] -- Installing: /home/keyur/empm809y_cpp/Cpp_projects/RWA3-Group17/rwa3_ws/install/mage_msgs/include/mage_msgs/msg/detail/sensors__builder.hpp
[29.422s] -- Installing: /home/keyur/empm809y_cpp/Cpp_projects/RWA3-Group17/rwa3_ws/install/mage_msgs/include/mage_msgs/msg/detail/sensors__struct.hpp
[29.422s] -- Installing: /home/keyur/empm809y_cpp/Cpp_projects/RWA3-Group17/rwa3_ws/install/mage_msgs/include/mage_msgs/msg/detail/marker_array__builder.hpp
[29.423s] -- Installing: /home/keyur/empm809y_cpp/Cpp_projects/RWA3-Group17/rwa3_ws/install/mage_msgs/include/mage_msgs/msg/detail/advanced_logical_camera_image__struct.hpp
[29.423s] -- Installing: /home/keyur/empm809y_cpp/Cpp_projects/RWA3-Group17/rwa3_ws/install/mage_msgs/include/mage_msgs/msg/detail/part__traits.hpp
[29.423s] -- Installing: /home/keyur/empm809y_cpp/Cpp_projects/RWA3-Group17/rwa3_ws/install/mage_msgs/include/mage_msgs/msg/detail/part__struct.hpp
[29.424s] -- Installing: /home/keyur/empm809y_cpp/Cpp_projects/RWA3-Group17/rwa3_ws/install/mage_msgs/include/mage_msgs/msg/detail/marker__builder.hpp
[29.424s] -- Installing: /home/keyur/empm809y_cpp/Cpp_projects/RWA3-Group17/rwa3_ws/install/mage_msgs/include/mage_msgs/msg/detail/part_pose__struct.hpp
[29.424s] -- Installing: /home/keyur/empm809y_cpp/Cpp_projects/RWA3-Group17/rwa3_ws/install/mage_msgs/include/mage_msgs/msg/detail/marker_array__traits.hpp
[29.424s] -- Installing: /home/keyur/empm809y_cpp/Cpp_projects/RWA3-Group17/rwa3_ws/install/mage_msgs/include/mage_msgs/msg/detail/advanced_logical_camera_image__builder.hpp
[29.425s] -- Installing: /home/keyur/empm809y_cpp/Cpp_projects/RWA3-Group17/rwa3_ws/install/mage_msgs/include/mage_msgs/msg/detail/part_pose__builder.hpp
[29.425s] -- Installing: /home/keyur/empm809y_cpp/Cpp_projects/RWA3-Group17/rwa3_ws/install/mage_msgs/include/mage_msgs/msg/detail/advanced_logical_camera_image__traits.hpp
[29.425s] -- Up-to-date: /home/keyur/empm809y_cpp/Cpp_projects/RWA3-Group17/rwa3_ws/install/mage_msgs/include/mage_msgs
[29.425s] -- Up-to-date: /home/keyur/empm809y_cpp/Cpp_projects/RWA3-Group17/rwa3_ws/install/mage_msgs/include/mage_msgs/msg
[29.426s] -- Up-to-date: /home/keyur/empm809y_cpp/Cpp_projects/RWA3-Group17/rwa3_ws/install/mage_msgs/include/mage_msgs/msg/detail
[29.426s] -- Installing: /home/keyur/empm809y_cpp/Cpp_projects/RWA3-Group17/rwa3_ws/install/mage_msgs/include/mage_msgs/msg/detail/marker__rosidl_typesupport_introspection_cpp.hpp
[29.426s] -- Installing: /home/keyur/empm809y_cpp/Cpp_projects/RWA3-Group17/rwa3_ws/install/mage_msgs/include/mage_msgs/msg/detail/advanced_logical_camera_image__type_support.cpp
[29.426s] -- Installing: /home/keyur/empm809y_cpp/Cpp_projects/RWA3-Group17/rwa3_ws/install/mage_msgs/include/mage_msgs/msg/detail/sensors__rosidl_typesupport_introspection_cpp.hpp
[29.427s] -- Installing: /home/keyur/empm809y_cpp/Cpp_projects/RWA3-Group17/rwa3_ws/install/mage_msgs/include/mage_msgs/msg/detail/advanced_logical_camera_image__rosidl_typesupport_introspection_cpp.hpp
[29.427s] -- Installing: /home/keyur/empm809y_cpp/Cpp_projects/RWA3-Group17/rwa3_ws/install/mage_msgs/include/mage_msgs/msg/detail/sensors__type_support.cpp
[29.427s] -- Installing: /home/keyur/empm809y_cpp/Cpp_projects/RWA3-Group17/rwa3_ws/install/mage_msgs/include/mage_msgs/msg/detail/part_pose__rosidl_typesupport_introspection_cpp.hpp
[29.427s] -- Installing: /home/keyur/empm809y_cpp/Cpp_projects/RWA3-Group17/rwa3_ws/install/mage_msgs/include/mage_msgs/msg/detail/part__type_support.cpp
[29.427s] -- Installing: /home/keyur/empm809y_cpp/Cpp_projects/RWA3-Group17/rwa3_ws/install/mage_msgs/include/mage_msgs/msg/detail/part__rosidl_typesupport_introspection_cpp.hpp
[29.428s] -- Installing: /home/keyur/empm809y_cpp/Cpp_projects/RWA3-Group17/rwa3_ws/install/mage_msgs/include/mage_msgs/msg/detail/marker__type_support.cpp
[29.428s] -- Installing: /home/keyur/empm809y_cpp/Cpp_projects/RWA3-Group17/rwa3_ws/install/mage_msgs/include/mage_msgs/msg/detail/marker_array__type_support.cpp
[29.428s] -- Installing: /home/keyur/empm809y_cpp/Cpp_projects/RWA3-Group17/rwa3_ws/install/mage_msgs/include/mage_msgs/msg/detail/marker_array__rosidl_typesupport_introspection_cpp.hpp
[29.428s] -- Installing: /home/keyur/empm809y_cpp/Cpp_projects/RWA3-Group17/rwa3_ws/install/mage_msgs/include/mage_msgs/msg/detail/part_pose__type_support.cpp
[29.428s] -- Installing: /home/keyur/empm809y_cpp/Cpp_projects/RWA3-Group17/rwa3_ws/install/mage_msgs/lib/libmage_msgs__rosidl_typesupport_introspection_cpp.so
[29.429s] -- Set runtime path of "/home/keyur/empm809y_cpp/Cpp_projects/RWA3-Group17/rwa3_ws/install/mage_msgs/lib/libmage_msgs__rosidl_typesupport_introspection_cpp.so" to ""
[29.429s] -- Installing: /home/keyur/empm809y_cpp/Cpp_projects/RWA3-Group17/rwa3_ws/install/mage_msgs/lib/libmage_msgs__rosidl_typesupport_cpp.so
[29.429s] -- Set runtime path of "/home/keyur/empm809y_cpp/Cpp_projects/RWA3-Group17/rwa3_ws/install/mage_msgs/lib/libmage_msgs__rosidl_typesupport_cpp.so" to ""
[29.429s] -- Installing: /home/keyur/empm809y_cpp/Cpp_projects/RWA3-Group17/rwa3_ws/install/mage_msgs/share/mage_msgs/environment/pythonpath.sh
[29.429s] -- Installing: /home/keyur/empm809y_cpp/Cpp_projects/RWA3-Group17/rwa3_ws/install/mage_msgs/share/mage_msgs/environment/pythonpath.dsv
[29.430s] -- Installing: /home/keyur/empm809y_cpp/Cpp_projects/RWA3-Group17/rwa3_ws/install/mage_msgs/lib/python3.8/site-packages/mage_msgs/__init__.py
[29.474s] Compiling '/home/keyur/empm809y_cpp/Cpp_projects/RWA3-Group17/rwa3_ws/install/mage_msgs/lib/python3.8/site-packages/mage_msgs/__init__.py'...
[29.482s] -- Installing: /home/keyur/empm809y_cpp/Cpp_projects/RWA3-Group17/rwa3_ws/install/mage_msgs/lib/python3.8/site-packages/mage_msgs/msg
[29.483s] -- Installing: /home/keyur/empm809y_cpp/Cpp_projects/RWA3-Group17/rwa3_ws/install/mage_msgs/lib/python3.8/site-packages/mage_msgs/msg/_sensors_s.c
[29.483s] -- Installing: /home/keyur/empm809y_cpp/Cpp_projects/RWA3-Group17/rwa3_ws/install/mage_msgs/lib/python3.8/site-packages/mage_msgs/msg/_part_s.c
[29.483s] -- Installing: /home/keyur/empm809y_cpp/Cpp_projects/RWA3-Group17/rwa3_ws/install/mage_msgs/lib/python3.8/site-packages/mage_msgs/msg/_marker_array.py
[29.483s] -- Installing: /home/keyur/empm809y_cpp/Cpp_projects/RWA3-Group17/rwa3_ws/install/mage_msgs/lib/python3.8/site-packages/mage_msgs/msg/_marker_s.c
[29.483s] -- Installing: /home/keyur/empm809y_cpp/Cpp_projects/RWA3-Group17/rwa3_ws/install/mage_msgs/lib/python3.8/site-packages/mage_msgs/msg/_part_pose.py
[29.483s] -- Installing: /home/keyur/empm809y_cpp/Cpp_projects/RWA3-Group17/rwa3_ws/install/mage_msgs/lib/python3.8/site-packages/mage_msgs/msg/_sensors.py
[29.485s] -- Installing: /home/keyur/empm809y_cpp/Cpp_projects/RWA3-Group17/rwa3_ws/install/mage_msgs/lib/python3.8/site-packages/mage_msgs/msg/_part_pose_s.c
[29.486s] -- Installing: /home/keyur/empm809y_cpp/Cpp_projects/RWA3-Group17/rwa3_ws/install/mage_msgs/lib/python3.8/site-packages/mage_msgs/msg/__init__.py
[29.487s] -- Installing: /home/keyur/empm809y_cpp/Cpp_projects/RWA3-Group17/rwa3_ws/install/mage_msgs/lib/python3.8/site-packages/mage_msgs/msg/_marker_array_s.c
[29.488s] -- Installing: /home/keyur/empm809y_cpp/Cpp_projects/RWA3-Group17/rwa3_ws/install/mage_msgs/lib/python3.8/site-packages/mage_msgs/msg/_part.py
[29.488s] -- Installing: /home/keyur/empm809y_cpp/Cpp_projects/RWA3-Group17/rwa3_ws/install/mage_msgs/lib/python3.8/site-packages/mage_msgs/msg/_marker.py
[29.488s] -- Installing: /home/keyur/empm809y_cpp/Cpp_projects/RWA3-Group17/rwa3_ws/install/mage_msgs/lib/python3.8/site-packages/mage_msgs/msg/_advanced_logical_camera_image.py
[29.489s] -- Installing: /home/keyur/empm809y_cpp/Cpp_projects/RWA3-Group17/rwa3_ws/install/mage_msgs/lib/python3.8/site-packages/mage_msgs/msg/_advanced_logical_camera_image_s.c
[29.489s] -- Installing: /home/keyur/empm809y_cpp/Cpp_projects/RWA3-Group17/rwa3_ws/install/mage_msgs/lib/python3.8/site-packages/mage_msgs/mage_msgs_s__rosidl_typesupport_fastrtps_c.cpython-38-x86_64-linux-gnu.so
[29.491s] -- Set runtime path of "/home/keyur/empm809y_cpp/Cpp_projects/RWA3-Group17/rwa3_ws/install/mage_msgs/lib/python3.8/site-packages/mage_msgs/mage_msgs_s__rosidl_typesupport_fastrtps_c.cpython-38-x86_64-linux-gnu.so" to ""
[29.493s] -- Installing: /home/keyur/empm809y_cpp/Cpp_projects/RWA3-Group17/rwa3_ws/install/mage_msgs/lib/python3.8/site-packages/mage_msgs/mage_msgs_s__rosidl_typesupport_introspection_c.cpython-38-x86_64-linux-gnu.so
[29.495s] -- Set runtime path of "/home/keyur/empm809y_cpp/Cpp_projects/RWA3-Group17/rwa3_ws/install/mage_msgs/lib/python3.8/site-packages/mage_msgs/mage_msgs_s__rosidl_typesupport_introspection_c.cpython-38-x86_64-linux-gnu.so" to ""
[29.496s] -- Installing: /home/keyur/empm809y_cpp/Cpp_projects/RWA3-Group17/rwa3_ws/install/mage_msgs/lib/python3.8/site-packages/mage_msgs/mage_msgs_s__rosidl_typesupport_c.cpython-38-x86_64-linux-gnu.so
[29.498s] -- Set runtime path of "/home/keyur/empm809y_cpp/Cpp_projects/RWA3-Group17/rwa3_ws/install/mage_msgs/lib/python3.8/site-packages/mage_msgs/mage_msgs_s__rosidl_typesupport_c.cpython-38-x86_64-linux-gnu.so" to ""
[29.499s] -- Installing: /home/keyur/empm809y_cpp/Cpp_projects/RWA3-Group17/rwa3_ws/install/mage_msgs/lib/libmage_msgs__python.so
[29.500s] -- Set runtime path of "/home/keyur/empm809y_cpp/Cpp_projects/RWA3-Group17/rwa3_ws/install/mage_msgs/lib/libmage_msgs__python.so" to ""
[29.501s] -- Installing: /home/keyur/empm809y_cpp/Cpp_projects/RWA3-Group17/rwa3_ws/install/mage_msgs/share/mage_msgs/msg/AdvancedLogicalCameraImage.idl
[29.502s] -- Installing: /home/keyur/empm809y_cpp/Cpp_projects/RWA3-Group17/rwa3_ws/install/mage_msgs/share/mage_msgs/msg/Part.idl
[29.502s] -- Installing: /home/keyur/empm809y_cpp/Cpp_projects/RWA3-Group17/rwa3_ws/install/mage_msgs/share/mage_msgs/msg/PartPose.idl
[29.503s] -- Installing: /home/keyur/empm809y_cpp/Cpp_projects/RWA3-Group17/rwa3_ws/install/mage_msgs/share/mage_msgs/msg/Sensors.idl
[29.504s] -- Installing: /home/keyur/empm809y_cpp/Cpp_projects/RWA3-Group17/rwa3_ws/install/mage_msgs/share/mage_msgs/msg/Marker.idl
[29.504s] -- Installing: /home/keyur/empm809y_cpp/Cpp_projects/RWA3-Group17/rwa3_ws/install/mage_msgs/share/mage_msgs/msg/MarkerArray.idl
[29.505s] -- Installing: /home/keyur/empm809y_cpp/Cpp_projects/RWA3-Group17/rwa3_ws/install/mage_msgs/share/mage_msgs/msg/AdvancedLogicalCameraImage.msg
[29.505s] -- Installing: /home/keyur/empm809y_cpp/Cpp_projects/RWA3-Group17/rwa3_ws/install/mage_msgs/share/mage_msgs/msg/Part.msg
[29.505s] -- Installing: /home/keyur/empm809y_cpp/Cpp_projects/RWA3-Group17/rwa3_ws/install/mage_msgs/share/mage_msgs/msg/PartPose.msg
[29.505s] -- Installing: /home/keyur/empm809y_cpp/Cpp_projects/RWA3-Group17/rwa3_ws/install/mage_msgs/share/mage_msgs/msg/Sensors.msg
[29.506s] -- Installing: /home/keyur/empm809y_cpp/Cpp_projects/RWA3-Group17/rwa3_ws/install/mage_msgs/share/mage_msgs/msg/Marker.msg
[29.506s] -- Installing: /home/keyur/empm809y_cpp/Cpp_projects/RWA3-Group17/rwa3_ws/install/mage_msgs/share/mage_msgs/msg/MarkerArray.msg
[29.507s] -- Installing: /home/keyur/empm809y_cpp/Cpp_projects/RWA3-Group17/rwa3_ws/install/mage_msgs/share/ament_index/resource_index/package_run_dependencies/mage_msgs
[29.507s] -- Installing: /home/keyur/empm809y_cpp/Cpp_projects/RWA3-Group17/rwa3_ws/install/mage_msgs/share/ament_index/resource_index/parent_prefix_path/mage_msgs
[29.508s] -- Installing: /home/keyur/empm809y_cpp/Cpp_projects/RWA3-Group17/rwa3_ws/install/mage_msgs/share/mage_msgs/environment/ament_prefix_path.sh
[29.509s] -- Installing: /home/keyur/empm809y_cpp/Cpp_projects/RWA3-Group17/rwa3_ws/install/mage_msgs/share/mage_msgs/environment/ament_prefix_path.dsv
[29.509s] -- Installing: /home/keyur/empm809y_cpp/Cpp_projects/RWA3-Group17/rwa3_ws/install/mage_msgs/share/mage_msgs/environment/path.sh
[29.510s] -- Installing: /home/keyur/empm809y_cpp/Cpp_projects/RWA3-Group17/rwa3_ws/install/mage_msgs/share/mage_msgs/environment/path.dsv
[29.511s] -- Installing: /home/keyur/empm809y_cpp/Cpp_projects/RWA3-Group17/rwa3_ws/install/mage_msgs/share/mage_msgs/local_setup.bash
[29.511s] -- Installing: /home/keyur/empm809y_cpp/Cpp_projects/RWA3-Group17/rwa3_ws/install/mage_msgs/share/mage_msgs/local_setup.sh
[29.511s] -- Installing: /home/keyur/empm809y_cpp/Cpp_projects/RWA3-Group17/rwa3_ws/install/mage_msgs/share/mage_msgs/local_setup.zsh
[29.511s] -- Installing: /home/keyur/empm809y_cpp/Cpp_projects/RWA3-Group17/rwa3_ws/install/mage_msgs/share/mage_msgs/local_setup.dsv
[29.511s] -- Installing: /home/keyur/empm809y_cpp/Cpp_projects/RWA3-Group17/rwa3_ws/install/mage_msgs/share/mage_msgs/package.dsv
[29.512s] -- Installing: /home/keyur/empm809y_cpp/Cpp_projects/RWA3-Group17/rwa3_ws/install/mage_msgs/share/ament_index/resource_index/packages/mage_msgs
[29.512s] -- Installing: /home/keyur/empm809y_cpp/Cpp_projects/RWA3-Group17/rwa3_ws/install/mage_msgs/share/mage_msgs/cmake/mage_msgs__rosidl_generator_cExport.cmake
[29.512s] -- Installing: /home/keyur/empm809y_cpp/Cpp_projects/RWA3-Group17/rwa3_ws/install/mage_msgs/share/mage_msgs/cmake/mage_msgs__rosidl_generator_cExport-noconfig.cmake
[29.512s] -- Installing: /home/keyur/empm809y_cpp/Cpp_projects/RWA3-Group17/rwa3_ws/install/mage_msgs/share/mage_msgs/cmake/mage_msgs__rosidl_typesupport_introspection_cExport.cmake
[29.512s] -- Installing: /home/keyur/empm809y_cpp/Cpp_projects/RWA3-Group17/rwa3_ws/install/mage_msgs/share/mage_msgs/cmake/mage_msgs__rosidl_typesupport_introspection_cExport-noconfig.cmake
[29.513s] -- Installing: /home/keyur/empm809y_cpp/Cpp_projects/RWA3-Group17/rwa3_ws/install/mage_msgs/share/mage_msgs/cmake/mage_msgs__rosidl_typesupport_cExport.cmake
[29.513s] -- Installing: /home/keyur/empm809y_cpp/Cpp_projects/RWA3-Group17/rwa3_ws/install/mage_msgs/share/mage_msgs/cmake/mage_msgs__rosidl_typesupport_cExport-noconfig.cmake
[29.513s] -- Installing: /home/keyur/empm809y_cpp/Cpp_projects/RWA3-Group17/rwa3_ws/install/mage_msgs/share/mage_msgs/cmake/mage_msgs__rosidl_generator_cppExport.cmake
[29.513s] -- Installing: /home/keyur/empm809y_cpp/Cpp_projects/RWA3-Group17/rwa3_ws/install/mage_msgs/share/mage_msgs/cmake/mage_msgs__rosidl_typesupport_introspection_cppExport.cmake
[29.513s] -- Installing: /home/keyur/empm809y_cpp/Cpp_projects/RWA3-Group17/rwa3_ws/install/mage_msgs/share/mage_msgs/cmake/mage_msgs__rosidl_typesupport_introspection_cppExport-noconfig.cmake
[29.514s] -- Installing: /home/keyur/empm809y_cpp/Cpp_projects/RWA3-Group17/rwa3_ws/install/mage_msgs/share/mage_msgs/cmake/mage_msgs__rosidl_typesupport_cppExport.cmake
[29.514s] -- Installing: /home/keyur/empm809y_cpp/Cpp_projects/RWA3-Group17/rwa3_ws/install/mage_msgs/share/mage_msgs/cmake/mage_msgs__rosidl_typesupport_cppExport-noconfig.cmake
[29.514s] -- Installing: /home/keyur/empm809y_cpp/Cpp_projects/RWA3-Group17/rwa3_ws/install/mage_msgs/share/mage_msgs/cmake/rosidl_cmake-extras.cmake
[29.514s] -- Installing: /home/keyur/empm809y_cpp/Cpp_projects/RWA3-Group17/rwa3_ws/install/mage_msgs/share/mage_msgs/cmake/ament_cmake_export_dependencies-extras.cmake
[29.514s] -- Installing: /home/keyur/empm809y_cpp/Cpp_projects/RWA3-Group17/rwa3_ws/install/mage_msgs/share/mage_msgs/cmake/ament_cmake_export_libraries-extras.cmake
[29.514s] -- Installing: /home/keyur/empm809y_cpp/Cpp_projects/RWA3-Group17/rwa3_ws/install/mage_msgs/share/mage_msgs/cmake/ament_cmake_export_targets-extras.cmake
[29.514s] -- Installing: /home/keyur/empm809y_cpp/Cpp_projects/RWA3-Group17/rwa3_ws/install/mage_msgs/share/mage_msgs/cmake/ament_cmake_export_include_directories-extras.cmake
[29.514s] -- Installing: /home/keyur/empm809y_cpp/Cpp_projects/RWA3-Group17/rwa3_ws/install/mage_msgs/share/mage_msgs/cmake/rosidl_cmake_export_typesupport_libraries-extras.cmake
[29.515s] -- Installing: /home/keyur/empm809y_cpp/Cpp_projects/RWA3-Group17/rwa3_ws/install/mage_msgs/share/mage_msgs/cmake/rosidl_cmake_export_typesupport_targets-extras.cmake
[29.515s] -- Installing: /home/keyur/empm809y_cpp/Cpp_projects/RWA3-Group17/rwa3_ws/install/mage_msgs/share/mage_msgs/cmake/mage_msgsConfig.cmake
[29.515s] -- Installing: /home/keyur/empm809y_cpp/Cpp_projects/RWA3-Group17/rwa3_ws/install/mage_msgs/share/mage_msgs/cmake/mage_msgsConfig-version.cmake
[29.516s] -- Installing: /home/keyur/empm809y_cpp/Cpp_projects/RWA3-Group17/rwa3_ws/install/mage_msgs/share/mage_msgs/package.xml
[29.962s] Invoked command in '/home/keyur/empm809y_cpp/Cpp_projects/RWA3-Group17/rwa3_ws/build/mage_msgs' returned '0': CMAKE_PREFIX_PATH=${CMAKE_PREFIX_PATH}:/opt/ros/galactic /usr/bin/cmake --install /home/keyur/empm809y_cpp/Cpp_projects/RWA3-Group17/rwa3_ws/build/mage_msgs
