[2.772s] Invoking command in '/home/keyur/empm809y_cpp/Cpp_projects/RWA3-Group17/rwa3_ws/build/group17': AMENT_PREFIX_PATH=/home/keyur/empm809y_cpp/Cpp_projects/RWA3-Group17/rwa3_ws/install/mage_msgs:${AMENT_PREFIX_PATH} CMAKE_PREFIX_PATH=/home/keyur/empm809y_cpp/Cpp_projects/RWA3-Group17/rwa3_ws/install/turtlebot3_simulations:/home/keyur/empm809y_cpp/Cpp_projects/RWA3-Group17/rwa3_ws/install/turtlebot3_gazebo:/home/keyur/empm809y_cpp/Cpp_projects/RWA3-Group17/rwa3_ws/install/turtlebot3_fake_node:/home/keyur/empm809y_cpp/Cpp_projects/RWA3-Group17/rwa3_ws/install/mage_msgs:/home/keyur/empm809y_cpp/Cpp_projects/RWA3-Group17/rwa3_ws/install/turtlebot3_sensors:/home/keyur/empm809y_cpp/Cpp_projects/RWA3-Group17/rwa3_ws/install/group17:/home/keyur/empm809y_cpp/Cpp_projects/ROS2learn/rosprac809_ws/install/my_first_package:/home/keyur/empm809y_cpp/Cpp_projects/ROS2learn/rosprac809_ws/install/automated_vehicle:/home/keyur/empm809y_cpp/Cpp_projects/ROS2learn/rosprac809_ws/install/av_msgs:/home/keyur/ros809_ws/install/first_package:/home/keyur/ros809_ws/install/automated_vehicle:/home/keyur/empm809y_cpp/Cpp_projects/RWA3-Group17/rwa3_ws/install/ros2_aruco_interfaces:/home/keyur/empm809y_cpp/Cpp_projects/RWA3-Group17/rwa3_ws/install/ros2_aruco:/opt/ros/galactic LD_LIBRARY_PATH=/home/keyur/empm809y_cpp/Cpp_projects/RWA3-Group17/rwa3_ws/install/mage_msgs/lib:/home/keyur/empm809y_cpp/Cpp_projects/RWA3-Group17/rwa3_ws/install/turtlebot3_sensors/lib:/home/keyur/empm809y_cpp/Cpp_projects/RWA3-Group17/rwa3_ws/install/ros2_aruco_interfaces/lib:/home/keyur/empm809y_cpp/Cpp_projects/ROS2learn/rosprac809_ws/install/av_msgs/lib:/usr/lib/x86_64-linux-gnu/gazebo-11/plugins:/opt/ros/galactic/opt/yaml_cpp_vendor/lib:/opt/ros/galactic/opt/rviz_ogre_vendor/lib:/opt/ros/galactic/lib/x86_64-linux-gnu:/opt/ros/galactic/lib PYTHONPATH=/home/keyur/empm809y_cpp/Cpp_projects/RWA3-Group17/rwa3_ws/install/turtlebot3_gazebo/lib/python3.8/site-packages:/home/keyur/empm809y_cpp/Cpp_projects/RWA3-Group17/rwa3_ws/install/mage_msgs/lib/python3.8/site-packages:/home/keyur/empm809y_cpp/Cpp_projects/RWA3-Group17/rwa3_ws/install/ros2_aruco_interfaces/lib/python3.8/site-packages:/home/keyur/empm809y_cpp/Cpp_projects/RWA3-Group17/rwa3_ws/install/ros2_aruco/lib/python3.8/site-packages:/home/keyur/empm809y_cpp/Cpp_projects/ROS2learn/rosprac809_ws/install/av_msgs/lib/python3.8/site-packages:/opt/ros/galactic/lib/python3.8/site-packages /usr/bin/cmake --build /home/keyur/empm809y_cpp/Cpp_projects/RWA3-Group17/rwa3_ws/build/group17 -- -j8 -l8
[2.831s] -- Found ament_cmake: 1.1.6 (/opt/ros/galactic/share/ament_cmake/cmake)
[2.865s] -- Using PYTHON_EXECUTABLE: /usr/bin/python3
[2.955s] -- Found rclcpp: 9.2.2 (/opt/ros/galactic/share/rclcpp/cmake)
[3.006s] -- Using all available rosidl_typesupport_c: rosidl_typesupport_fastrtps_c;rosidl_typesupport_introspection_c
[3.010s] -- Found rosidl_adapter: 2.2.3 (/opt/ros/galactic/share/rosidl_adapter/cmake)
[3.185s] -- Using all available rosidl_typesupport_cpp: rosidl_typesupport_fastrtps_cpp;rosidl_typesupport_introspection_cpp
[3.252s] -- Found rmw_implementation_cmake: 3.3.1 (/opt/ros/galactic/share/rmw_implementation_cmake/cmake)
[3.256s] -- Found rmw_cyclonedds_cpp: 0.22.6 (/opt/ros/galactic/share/rmw_cyclonedds_cpp/cmake)
[3.280s] -- Using RMW implementation 'rmw_cyclonedds_cpp' as default
[3.465s] -- Found mage_msgs: 0.0.0 (/home/keyur/empm809y_cpp/Cpp_projects/RWA3-Group17/rwa3_ws/install/mage_msgs/share/mage_msgs/cmake)
[3.624s] -- Found tf2_ros: 0.17.5 (/opt/ros/galactic/share/tf2_ros/cmake)
[4.042s] -- Found tf2_geometry_msgs: 0.17.5 (/opt/ros/galactic/share/tf2_geometry_msgs/cmake)
[4.050s] -- Found eigen3_cmake_module: 0.1.1 (/opt/ros/galactic/share/eigen3_cmake_module/cmake)
[4.085s] -- Found ament_lint_auto: 0.10.7 (/opt/ros/galactic/share/ament_lint_auto/cmake)
[4.350s] -- Added test 'copyright' to check source files copyright and LICENSE
[4.351s] -- Added test 'cppcheck' to perform static code analysis on C / C++ code
[4.353s] -- Configured cppcheck include dirs: /home/keyur/empm809y_cpp/Cpp_projects/RWA3-Group17/rwa3_ws/src/group17/include/group17
[4.353s] -- Configured cppcheck exclude dirs and/or files: 
[4.355s] -- Added test 'cpplint' to check C / C++ code against the Google style
[4.355s] -- Configured cpplint exclude dirs and/or files: 
[4.356s] -- Added test 'lint_cmake' to check CMake code style
[4.357s] -- Added test 'uncrustify' to check C / C++ code style
[4.357s] -- Configured uncrustify additional arguments: 
[4.358s] -- Added test 'xmllint' to check XML markup files
[4.362s] -- Configuring done
[4.386s] -- Generating done
[4.390s] -- Build files have been written to: /home/keyur/empm809y_cpp/Cpp_projects/RWA3-Group17/rwa3_ws/build/group17
[4.428s] [35m[1mScanning dependencies of target broadcaster_demo[0m
[4.428s] [35m[1mScanning dependencies of target listener_demo[0m
[4.456s] [ 33%] [32mBuilding CXX object CMakeFiles/listener_demo.dir/src/utils.cpp.o[0m
[4.456s] [ 33%] [32mBuilding CXX object CMakeFiles/broadcaster_demo.dir/src/utils.cpp.o[0m
[4.459s] [ 50%] [32mBuilding CXX object CMakeFiles/broadcaster_demo.dir/src/broadcaster_demo.cpp.o[0m
[4.460s] [ 66%] [32mBuilding CXX object CMakeFiles/listener_demo.dir/src/listener_demo.cpp.o[0m
[20.269s] [100%] [32m[1mLinking CXX executable listener_demo[0m
[20.271s] [100%] [32m[1mLinking CXX executable broadcaster_demo[0m
[50.219s] [100%] Built target listener_demo
[50.848s] [100%] Built target broadcaster_demo
[50.892s] Invoked command in '/home/keyur/empm809y_cpp/Cpp_projects/RWA3-Group17/rwa3_ws/build/group17' returned '0': AMENT_PREFIX_PATH=/home/keyur/empm809y_cpp/Cpp_projects/RWA3-Group17/rwa3_ws/install/mage_msgs:${AMENT_PREFIX_PATH} CMAKE_PREFIX_PATH=/home/keyur/empm809y_cpp/Cpp_projects/RWA3-Group17/rwa3_ws/install/turtlebot3_simulations:/home/keyur/empm809y_cpp/Cpp_projects/RWA3-Group17/rwa3_ws/install/turtlebot3_gazebo:/home/keyur/empm809y_cpp/Cpp_projects/RWA3-Group17/rwa3_ws/install/turtlebot3_fake_node:/home/keyur/empm809y_cpp/Cpp_projects/RWA3-Group17/rwa3_ws/install/mage_msgs:/home/keyur/empm809y_cpp/Cpp_projects/RWA3-Group17/rwa3_ws/install/turtlebot3_sensors:/home/keyur/empm809y_cpp/Cpp_projects/RWA3-Group17/rwa3_ws/install/group17:/home/keyur/empm809y_cpp/Cpp_projects/ROS2learn/rosprac809_ws/install/my_first_package:/home/keyur/empm809y_cpp/Cpp_projects/ROS2learn/rosprac809_ws/install/automated_vehicle:/home/keyur/empm809y_cpp/Cpp_projects/ROS2learn/rosprac809_ws/install/av_msgs:/home/keyur/ros809_ws/install/first_package:/home/keyur/ros809_ws/install/automated_vehicle:/home/keyur/empm809y_cpp/Cpp_projects/RWA3-Group17/rwa3_ws/install/ros2_aruco_interfaces:/home/keyur/empm809y_cpp/Cpp_projects/RWA3-Group17/rwa3_ws/install/ros2_aruco:/opt/ros/galactic LD_LIBRARY_PATH=/home/keyur/empm809y_cpp/Cpp_projects/RWA3-Group17/rwa3_ws/install/mage_msgs/lib:/home/keyur/empm809y_cpp/Cpp_projects/RWA3-Group17/rwa3_ws/install/turtlebot3_sensors/lib:/home/keyur/empm809y_cpp/Cpp_projects/RWA3-Group17/rwa3_ws/install/ros2_aruco_interfaces/lib:/home/keyur/empm809y_cpp/Cpp_projects/ROS2learn/rosprac809_ws/install/av_msgs/lib:/usr/lib/x86_64-linux-gnu/gazebo-11/plugins:/opt/ros/galactic/opt/yaml_cpp_vendor/lib:/opt/ros/galactic/opt/rviz_ogre_vendor/lib:/opt/ros/galactic/lib/x86_64-linux-gnu:/opt/ros/galactic/lib PYTHONPATH=/home/keyur/empm809y_cpp/Cpp_projects/RWA3-Group17/rwa3_ws/install/turtlebot3_gazebo/lib/python3.8/site-packages:/home/keyur/empm809y_cpp/Cpp_projects/RWA3-Group17/rwa3_ws/install/mage_msgs/lib/python3.8/site-packages:/home/keyur/empm809y_cpp/Cpp_projects/RWA3-Group17/rwa3_ws/install/ros2_aruco_interfaces/lib/python3.8/site-packages:/home/keyur/empm809y_cpp/Cpp_projects/RWA3-Group17/rwa3_ws/install/ros2_aruco/lib/python3.8/site-packages:/home/keyur/empm809y_cpp/Cpp_projects/ROS2learn/rosprac809_ws/install/av_msgs/lib/python3.8/site-packages:/opt/ros/galactic/lib/python3.8/site-packages /usr/bin/cmake --build /home/keyur/empm809y_cpp/Cpp_projects/RWA3-Group17/rwa3_ws/build/group17 -- -j8 -l8
[50.967s] Invoking command in '/home/keyur/empm809y_cpp/Cpp_projects/RWA3-Group17/rwa3_ws/build/group17': AMENT_PREFIX_PATH=/home/keyur/empm809y_cpp/Cpp_projects/RWA3-Group17/rwa3_ws/install/mage_msgs:${AMENT_PREFIX_PATH} CMAKE_PREFIX_PATH=/home/keyur/empm809y_cpp/Cpp_projects/RWA3-Group17/rwa3_ws/install/turtlebot3_simulations:/home/keyur/empm809y_cpp/Cpp_projects/RWA3-Group17/rwa3_ws/install/turtlebot3_gazebo:/home/keyur/empm809y_cpp/Cpp_projects/RWA3-Group17/rwa3_ws/install/turtlebot3_fake_node:/home/keyur/empm809y_cpp/Cpp_projects/RWA3-Group17/rwa3_ws/install/mage_msgs:/home/keyur/empm809y_cpp/Cpp_projects/RWA3-Group17/rwa3_ws/install/turtlebot3_sensors:/home/keyur/empm809y_cpp/Cpp_projects/RWA3-Group17/rwa3_ws/install/group17:/home/keyur/empm809y_cpp/Cpp_projects/ROS2learn/rosprac809_ws/install/my_first_package:/home/keyur/empm809y_cpp/Cpp_projects/ROS2learn/rosprac809_ws/install/automated_vehicle:/home/keyur/empm809y_cpp/Cpp_projects/ROS2learn/rosprac809_ws/install/av_msgs:/home/keyur/ros809_ws/install/first_package:/home/keyur/ros809_ws/install/automated_vehicle:/home/keyur/empm809y_cpp/Cpp_projects/RWA3-Group17/rwa3_ws/install/ros2_aruco_interfaces:/home/keyur/empm809y_cpp/Cpp_projects/RWA3-Group17/rwa3_ws/install/ros2_aruco:/opt/ros/galactic LD_LIBRARY_PATH=/home/keyur/empm809y_cpp/Cpp_projects/RWA3-Group17/rwa3_ws/install/mage_msgs/lib:/home/keyur/empm809y_cpp/Cpp_projects/RWA3-Group17/rwa3_ws/install/turtlebot3_sensors/lib:/home/keyur/empm809y_cpp/Cpp_projects/RWA3-Group17/rwa3_ws/install/ros2_aruco_interfaces/lib:/home/keyur/empm809y_cpp/Cpp_projects/ROS2learn/rosprac809_ws/install/av_msgs/lib:/usr/lib/x86_64-linux-gnu/gazebo-11/plugins:/opt/ros/galactic/opt/yaml_cpp_vendor/lib:/opt/ros/galactic/opt/rviz_ogre_vendor/lib:/opt/ros/galactic/lib/x86_64-linux-gnu:/opt/ros/galactic/lib PYTHONPATH=/home/keyur/empm809y_cpp/Cpp_projects/RWA3-Group17/rwa3_ws/install/turtlebot3_gazebo/lib/python3.8/site-packages:/home/keyur/empm809y_cpp/Cpp_projects/RWA3-Group17/rwa3_ws/install/mage_msgs/lib/python3.8/site-packages:/home/keyur/empm809y_cpp/Cpp_projects/RWA3-Group17/rwa3_ws/install/ros2_aruco_interfaces/lib/python3.8/site-packages:/home/keyur/empm809y_cpp/Cpp_projects/RWA3-Group17/rwa3_ws/install/ros2_aruco/lib/python3.8/site-packages:/home/keyur/empm809y_cpp/Cpp_projects/ROS2learn/rosprac809_ws/install/av_msgs/lib/python3.8/site-packages:/opt/ros/galactic/lib/python3.8/site-packages /usr/bin/cmake --install /home/keyur/empm809y_cpp/Cpp_projects/RWA3-Group17/rwa3_ws/build/group17
[50.981s] -- Install configuration: ""
[50.981s] -- Installing: /home/keyur/empm809y_cpp/Cpp_projects/RWA3-Group17/rwa3_ws/install/group17/lib/group17/broadcaster_demo
[50.984s] -- Set runtime path of "/home/keyur/empm809y_cpp/Cpp_projects/RWA3-Group17/rwa3_ws/install/group17/lib/group17/broadcaster_demo" to ""
[50.984s] -- Installing: /home/keyur/empm809y_cpp/Cpp_projects/RWA3-Group17/rwa3_ws/install/group17/lib/group17/listener_demo
[50.985s] -- Set runtime path of "/home/keyur/empm809y_cpp/Cpp_projects/RWA3-Group17/rwa3_ws/install/group17/lib/group17/listener_demo" to ""
[50.986s] -- Up-to-date: /home/keyur/empm809y_cpp/Cpp_projects/RWA3-Group17/rwa3_ws/install/group17/lib/group17/broadcaster_demo
[50.986s] -- Up-to-date: /home/keyur/empm809y_cpp/Cpp_projects/RWA3-Group17/rwa3_ws/install/group17/lib/group17/listener_demo
[50.987s] -- Installing: /home/keyur/empm809y_cpp/Cpp_projects/RWA3-Group17/rwa3_ws/install/group17/share/group17//include
[50.987s] -- Installing: /home/keyur/empm809y_cpp/Cpp_projects/RWA3-Group17/rwa3_ws/install/group17/share/group17//include/group17
[50.987s] -- Installing: /home/keyur/empm809y_cpp/Cpp_projects/RWA3-Group17/rwa3_ws/install/group17/share/group17//include/group17/listener_demo.hpp
[50.988s] -- Installing: /home/keyur/empm809y_cpp/Cpp_projects/RWA3-Group17/rwa3_ws/install/group17/share/group17//include/group17/utils.hpp
[50.988s] -- Installing: /home/keyur/empm809y_cpp/Cpp_projects/RWA3-Group17/rwa3_ws/install/group17/share/group17//include/group17/broadcaster_demo.hpp
[50.988s] -- Installing: /home/keyur/empm809y_cpp/Cpp_projects/RWA3-Group17/rwa3_ws/install/group17/share/ament_index/resource_index/package_run_dependencies/group17
[50.988s] -- Installing: /home/keyur/empm809y_cpp/Cpp_projects/RWA3-Group17/rwa3_ws/install/group17/share/ament_index/resource_index/parent_prefix_path/group17
[50.988s] -- Up-to-date: /home/keyur/empm809y_cpp/Cpp_projects/RWA3-Group17/rwa3_ws/install/group17/share/group17/environment/ament_prefix_path.sh
[50.989s] -- Installing: /home/keyur/empm809y_cpp/Cpp_projects/RWA3-Group17/rwa3_ws/install/group17/share/group17/environment/ament_prefix_path.dsv
[50.989s] -- Up-to-date: /home/keyur/empm809y_cpp/Cpp_projects/RWA3-Group17/rwa3_ws/install/group17/share/group17/environment/path.sh
[50.989s] -- Installing: /home/keyur/empm809y_cpp/Cpp_projects/RWA3-Group17/rwa3_ws/install/group17/share/group17/environment/path.dsv
[50.989s] -- Up-to-date: /home/keyur/empm809y_cpp/Cpp_projects/RWA3-Group17/rwa3_ws/install/group17/share/group17/local_setup.bash
[50.990s] -- Up-to-date: /home/keyur/empm809y_cpp/Cpp_projects/RWA3-Group17/rwa3_ws/install/group17/share/group17/local_setup.sh
[50.990s] -- Up-to-date: /home/keyur/empm809y_cpp/Cpp_projects/RWA3-Group17/rwa3_ws/install/group17/share/group17/local_setup.zsh
[50.990s] -- Installing: /home/keyur/empm809y_cpp/Cpp_projects/RWA3-Group17/rwa3_ws/install/group17/share/group17/local_setup.dsv
[50.990s] -- Installing: /home/keyur/empm809y_cpp/Cpp_projects/RWA3-Group17/rwa3_ws/install/group17/share/group17/package.dsv
[50.990s] -- Up-to-date: /home/keyur/empm809y_cpp/Cpp_projects/RWA3-Group17/rwa3_ws/install/group17/share/ament_index/resource_index/packages/group17
[50.991s] -- Up-to-date: /home/keyur/empm809y_cpp/Cpp_projects/RWA3-Group17/rwa3_ws/install/group17/share/group17/cmake/group17Config.cmake
[50.991s] -- Up-to-date: /home/keyur/empm809y_cpp/Cpp_projects/RWA3-Group17/rwa3_ws/install/group17/share/group17/cmake/group17Config-version.cmake
[50.991s] -- Installing: /home/keyur/empm809y_cpp/Cpp_projects/RWA3-Group17/rwa3_ws/install/group17/share/group17/package.xml
[51.767s] Invoked command in '/home/keyur/empm809y_cpp/Cpp_projects/RWA3-Group17/rwa3_ws/build/group17' returned '0': AMENT_PREFIX_PATH=/home/keyur/empm809y_cpp/Cpp_projects/RWA3-Group17/rwa3_ws/install/mage_msgs:${AMENT_PREFIX_PATH} CMAKE_PREFIX_PATH=/home/keyur/empm809y_cpp/Cpp_projects/RWA3-Group17/rwa3_ws/install/turtlebot3_simulations:/home/keyur/empm809y_cpp/Cpp_projects/RWA3-Group17/rwa3_ws/install/turtlebot3_gazebo:/home/keyur/empm809y_cpp/Cpp_projects/RWA3-Group17/rwa3_ws/install/turtlebot3_fake_node:/home/keyur/empm809y_cpp/Cpp_projects/RWA3-Group17/rwa3_ws/install/mage_msgs:/home/keyur/empm809y_cpp/Cpp_projects/RWA3-Group17/rwa3_ws/install/turtlebot3_sensors:/home/keyur/empm809y_cpp/Cpp_projects/RWA3-Group17/rwa3_ws/install/group17:/home/keyur/empm809y_cpp/Cpp_projects/ROS2learn/rosprac809_ws/install/my_first_package:/home/keyur/empm809y_cpp/Cpp_projects/ROS2learn/rosprac809_ws/install/automated_vehicle:/home/keyur/empm809y_cpp/Cpp_projects/ROS2learn/rosprac809_ws/install/av_msgs:/home/keyur/ros809_ws/install/first_package:/home/keyur/ros809_ws/install/automated_vehicle:/home/keyur/empm809y_cpp/Cpp_projects/RWA3-Group17/rwa3_ws/install/ros2_aruco_interfaces:/home/keyur/empm809y_cpp/Cpp_projects/RWA3-Group17/rwa3_ws/install/ros2_aruco:/opt/ros/galactic LD_LIBRARY_PATH=/home/keyur/empm809y_cpp/Cpp_projects/RWA3-Group17/rwa3_ws/install/mage_msgs/lib:/home/keyur/empm809y_cpp/Cpp_projects/RWA3-Group17/rwa3_ws/install/turtlebot3_sensors/lib:/home/keyur/empm809y_cpp/Cpp_projects/RWA3-Group17/rwa3_ws/install/ros2_aruco_interfaces/lib:/home/keyur/empm809y_cpp/Cpp_projects/ROS2learn/rosprac809_ws/install/av_msgs/lib:/usr/lib/x86_64-linux-gnu/gazebo-11/plugins:/opt/ros/galactic/opt/yaml_cpp_vendor/lib:/opt/ros/galactic/opt/rviz_ogre_vendor/lib:/opt/ros/galactic/lib/x86_64-linux-gnu:/opt/ros/galactic/lib PYTHONPATH=/home/keyur/empm809y_cpp/Cpp_projects/RWA3-Group17/rwa3_ws/install/turtlebot3_gazebo/lib/python3.8/site-packages:/home/keyur/empm809y_cpp/Cpp_projects/RWA3-Group17/rwa3_ws/install/mage_msgs/lib/python3.8/site-packages:/home/keyur/empm809y_cpp/Cpp_projects/RWA3-Group17/rwa3_ws/install/ros2_aruco_interfaces/lib/python3.8/site-packages:/home/keyur/empm809y_cpp/Cpp_projects/RWA3-Group17/rwa3_ws/install/ros2_aruco/lib/python3.8/site-packages:/home/keyur/empm809y_cpp/Cpp_projects/ROS2learn/rosprac809_ws/install/av_msgs/lib/python3.8/site-packages:/opt/ros/galactic/lib/python3.8/site-packages /usr/bin/cmake --install /home/keyur/empm809y_cpp/Cpp_projects/RWA3-Group17/rwa3_ws/build/group17
