[5.621s] Invoking command in '/home/keyur/empm809y_cpp/Cpp_projects/RWA3-Group17/rwa3_ws/src/ros2_aruco/ros2_aruco': PYTHONPATH=/home/keyur/empm809y_cpp/Cpp_projects/RWA3-Group17/rwa3_ws/build/ros2_aruco/prefix_override:/home/keyur/empm809y_cpp/Cpp_projects/RWA3-Group17/rwa3_ws/install/ros2_aruco/lib/python3.8/site-packages:${PYTHONPATH} /usr/bin/python3 setup.py egg_info --egg-base ../../../build/ros2_aruco build --build-base /home/keyur/empm809y_cpp/Cpp_projects/RWA3-Group17/rwa3_ws/build/ros2_aruco/build install --record /home/keyur/empm809y_cpp/Cpp_projects/RWA3-Group17/rwa3_ws/build/ros2_aruco/install.log --install-scripts $base/lib/ros2_aruco --single-version-externally-managed
[5.931s] running egg_info
[5.932s] writing ../../../build/ros2_aruco/ros2_aruco.egg-info/PKG-INFO
[5.932s] writing dependency_links to ../../../build/ros2_aruco/ros2_aruco.egg-info/dependency_links.txt
[5.932s] writing entry points to ../../../build/ros2_aruco/ros2_aruco.egg-info/entry_points.txt
[5.932s] writing requirements to ../../../build/ros2_aruco/ros2_aruco.egg-info/requires.txt
[5.932s] writing top-level names to ../../../build/ros2_aruco/ros2_aruco.egg-info/top_level.txt
[6.152s] reading manifest file '../../../build/ros2_aruco/ros2_aruco.egg-info/SOURCES.txt'
[6.169s] writing manifest file '../../../build/ros2_aruco/ros2_aruco.egg-info/SOURCES.txt'
[6.169s] running build
[6.170s] running build_py
[6.170s] copying ros2_aruco/aruco_node.py -> /home/keyur/empm809y_cpp/Cpp_projects/RWA3-Group17/rwa3_ws/build/ros2_aruco/build/lib/ros2_aruco
[6.192s] running install
[6.194s] running install_lib
[6.195s] copying /home/keyur/empm809y_cpp/Cpp_projects/RWA3-Group17/rwa3_ws/build/ros2_aruco/build/lib/ros2_aruco/aruco_node.py -> /home/keyur/empm809y_cpp/Cpp_projects/RWA3-Group17/rwa3_ws/install/ros2_aruco/lib/python3.8/site-packages/ros2_aruco
[6.196s] byte-compiling /home/keyur/empm809y_cpp/Cpp_projects/RWA3-Group17/rwa3_ws/install/ros2_aruco/lib/python3.8/site-packages/ros2_aruco/aruco_node.py to aruco_node.cpython-38.pyc
[6.200s] running install_data
[6.201s] running install_egg_info
[6.204s] removing '/home/keyur/empm809y_cpp/Cpp_projects/RWA3-Group17/rwa3_ws/install/ros2_aruco/lib/python3.8/site-packages/ros2_aruco-0.1.0-py3.8.egg-info' (and everything under it)
[6.214s] Copying ../../../build/ros2_aruco/ros2_aruco.egg-info to /home/keyur/empm809y_cpp/Cpp_projects/RWA3-Group17/rwa3_ws/install/ros2_aruco/lib/python3.8/site-packages/ros2_aruco-0.1.0-py3.8.egg-info
[6.227s] running install_scripts
[6.269s] Installing aruco_node script to /home/keyur/empm809y_cpp/Cpp_projects/RWA3-Group17/rwa3_ws/install/ros2_aruco/lib/ros2_aruco
[6.272s] writing list of installed files to '/home/keyur/empm809y_cpp/Cpp_projects/RWA3-Group17/rwa3_ws/build/ros2_aruco/install.log'
[6.551s] Invoked command in '/home/keyur/empm809y_cpp/Cpp_projects/RWA3-Group17/rwa3_ws/src/ros2_aruco/ros2_aruco' returned '0': PYTHONPATH=/home/keyur/empm809y_cpp/Cpp_projects/RWA3-Group17/rwa3_ws/build/ros2_aruco/prefix_override:/home/keyur/empm809y_cpp/Cpp_projects/RWA3-Group17/rwa3_ws/install/ros2_aruco/lib/python3.8/site-packages:${PYTHONPATH} /usr/bin/python3 setup.py egg_info --egg-base ../../../build/ros2_aruco build --build-base /home/keyur/empm809y_cpp/Cpp_projects/RWA3-Group17/rwa3_ws/build/ros2_aruco/build install --record /home/keyur/empm809y_cpp/Cpp_projects/RWA3-Group17/rwa3_ws/build/ros2_aruco/install.log --install-scripts $base/lib/ros2_aruco --single-version-externally-managed
