In file included from [01m[K/opt/ros/galactic/include/rclcpp/service.hpp:34[m[K,
                 from [01m[K/opt/ros/galactic/include/rclcpp/callback_group.hpp:25[m[K,
                 from [01m[K/opt/ros/galactic/include/rclcpp/any_executable.hpp:20[m[K,
                 from [01m[K/opt/ros/galactic/include/rclcpp/memory_strategy.hpp:25[m[K,
                 from [01m[K/opt/ros/galactic/include/rclcpp/memory_strategies.hpp:18[m[K,
                 from [01m[K/opt/ros/galactic/include/rclcpp/executor_options.hpp:20[m[K,
                 from [01m[K/opt/ros/galactic/include/rclcpp/executor.hpp:36[m[K,
                 from [01m[K/opt/ros/galactic/include/rclcpp/executors/multi_threaded_executor.hpp:26[m[K,
                 from [01m[K/opt/ros/galactic/include/rclcpp/executors.hpp:21[m[K,
                 from [01m[K/opt/ros/galactic/include/rclcpp/rclcpp.hpp:156[m[K,
                 from [01m[K/opt/ros/galactic/include/tf2_ros/static_transform_broadcaster.h:38[m[K,
                 from [01m[K/home/keyur/empm809y_cpp/Cpp_projects/RWA3-Group17/rwa3_ws/src/group17/include/group17/my_robot_node.hpp:4[m[K,
                 from [01m[K/home/keyur/empm809y_cpp/Cpp_projects/RWA3-Group17/rwa3_ws/src/group17/src/my_robot_node.cpp:1[m[K:
[01m[K/home/keyur/empm809y_cpp/Cpp_projects/RWA3-Group17/rwa3_ws/src/group17/src/my_robot_node.cpp:[m[K In function ‘[01m[Kvoid odom_sub_cb(nav_msgs::msg::Odometry_<std::allocator<void> >::SharedPtr)[m[K’:
[01m[K/home/keyur/empm809y_cpp/Cpp_projects/RWA3-Group17/rwa3_ws/src/group17/src/my_robot_node.cpp:190:24:[m[K [01;31m[Kerror: [m[Kinvalid use of ‘[01m[Kthis[m[K’ in non-member function
  190 | PP_INFO_STREAM([01;31m[Kthis[m[K->get_logger(), "Euler angles : " <<roll<<","<<pitch","<<yaw);
      |                [01;31m[K^~~~[m[K

[01m[K/home/keyur/empm809y_cpp/Cpp_projects/RWA3-Group17/rwa3_ws/src/group17/src/my_robot_node.cpp:190:24:[m[K [01;31m[Kerror: [m[Kinvalid use of ‘[01m[Kthis[m[K’ in non-member function
[01m[K/home/keyur/empm809y_cpp/Cpp_projects/RWA3-Group17/rwa3_ws/src/group17/src/my_robot_node.cpp:190:5:[m[K [01;31m[Kerror: [m[Ktemplate argument 1 is invalid
  190 |     [01;31m[KRCLCPP_INFO_STREAM[m[K(this->get_logger(), "Euler angles : " <<roll<<","<<pitch","<<yaw);
      |     [01;31m[K^~~~~~~~~~~~~~~~~~[m[K
[01m[K/home/keyur/empm809y_cpp/Cpp_projects/RWA3-Group17/rwa3_ws/src/group17/src/my_robot_node.cpp:190:5:[m[K [01;31m[Kerror: [m[Ktemplate argument 1 is invalid
  190 |     [01;31m[KRCLCPP_INFO_STREAM[m[K(this->get_logger(), "Euler angles : " <<roll<<","<<pitch","<<yaw);
      |     [01;31m[K^~~~~~~~~~~~~~~~~~[m[K
[01m[K/home/keyur/empm809y_cpp/Cpp_projects/RWA3-Group17/rwa3_ws/src/group17/src/my_robot_node.cpp:190:5:[m[K [01;31m[Kerror: [m[Ktemplate argument 1 is invalid
  190 |     [01;31m[KRCLCPP_INFO_STREAM[m[K(this->get_logger(), "Euler angles : " <<roll<<","<<pitch","<<yaw);
      |     [01;31m[K^~~~~~~~~~~~~~~~~~[m[K
[01m[K/home/keyur/empm809y_cpp/Cpp_projects/RWA3-Group17/rwa3_ws/src/group17/src/my_robot_node.cpp:190:80:[m[K [01;31m[Kerror: [m[Kexpected ‘[01m[K;[m[K’ before string constant
  190 |  : " <<roll<<","<<pitch[01;31m[K","[m[K<<yaw);
      |                        [01;31m[K^~~[m[K

In file included from [01m[K/opt/ros/galactic/include/rclcpp/client.hpp:40[m[K,
                 from [01m[K/opt/ros/galactic/include/rclcpp/callback_group.hpp:23[m[K,
                 from [01m[K/opt/ros/galactic/include/rclcpp/any_executable.hpp:20[m[K,
                 from [01m[K/opt/ros/galactic/include/rclcpp/memory_strategy.hpp:25[m[K,
                 from [01m[K/opt/ros/galactic/include/rclcpp/memory_strategies.hpp:18[m[K,
                 from [01m[K/opt/ros/galactic/include/rclcpp/executor_options.hpp:20[m[K,
                 from [01m[K/opt/ros/galactic/include/rclcpp/executor.hpp:36[m[K,
                 from [01m[K/opt/ros/galactic/include/rclcpp/executors/multi_threaded_executor.hpp:26[m[K,
                 from [01m[K/opt/ros/galactic/include/rclcpp/executors.hpp:21[m[K,
                 from [01m[K/opt/ros/galactic/include/rclcpp/rclcpp.hpp:156[m[K,
                 from [01m[K/opt/ros/galactic/include/tf2_ros/static_transform_broadcaster.h:38[m[K,
                 from [01m[K/home/keyur/empm809y_cpp/Cpp_projects/RWA3-Group17/rwa3_ws/src/group17/include/group17/my_robot_node.hpp:4[m[K,
                 from [01m[K/home/keyur/empm809y_cpp/Cpp_projects/RWA3-Group17/rwa3_ws/src/group17/src/my_robot_node.cpp:1[m[K:
[01m[K/home/keyur/empm809y_cpp/Cpp_projects/RWA3-Group17/rwa3_ws/src/group17/src/my_robot_node.cpp:190:24:[m[K [01;31m[Kerror: [m[Kinvalid use of ‘[01m[Kthis[m[K’ in non-member function
  190 | PP_INFO_STREAM([01;31m[Kthis[m[K->get_logger(), "Euler angles : " <<roll<<","<<pitch","<<yaw);
      |                [01;31m[K^~~~[m[K

[01m[K/home/keyur/empm809y_cpp/Cpp_projects/RWA3-Group17/rwa3_ws/src/group17/src/my_robot_node.cpp:190:24:[m[K [01;31m[Kerror: [m[Kinvalid use of ‘[01m[Kthis[m[K’ in non-member function
  190 | PP_INFO_STREAM([01;31m[Kthis[m[K->get_logger(), "Euler angles : " <<roll<<","<<pitch","<<yaw);
      |                [01;31m[K^~~~[m[K

make[2]: *** [CMakeFiles/my_robot_node.dir/build.make:63: CMakeFiles/my_robot_node.dir/src/my_robot_node.cpp.o] Error 1
make[1]: *** [CMakeFiles/Makefile2:107: CMakeFiles/my_robot_node.dir/all] Error 2
make: *** [Makefile:141: all] Error 2
