[4.611s] DEBUG:colcon:Command line arguments: ['/usr/bin/colcon', 'build', '--packages-select', 'group17']
[4.611s] DEBUG:colcon:Parsed command line arguments: Namespace(allow_overriding=[], ament_cmake_args=None, base_paths=['.'], build_base='build', catkin_cmake_args=None, catkin_skip_building_tests=False, cmake_args=None, cmake_clean_cache=False, cmake_clean_first=False, cmake_force_configure=False, cmake_target=None, cmake_target_skip_unavailable=False, continue_on_error=False, event_handlers=None, executor='parallel', ignore_user_meta=False, install_base='install', log_base=None, log_level=None, main=<bound method BuildVerb.main of <colcon_core.verb.build.BuildVerb object at 0x7f189d4f5370>>, merge_install=False, metas=['./colcon.meta'], packages_above=None, packages_above_and_dependencies=None, packages_above_depth=None, packages_end=None, packages_ignore=None, packages_ignore_regex=None, packages_select=['group17'], packages_select_build_failed=False, packages_select_by_dep=None, packages_select_regex=None, packages_select_test_failures=False, packages_skip=None, packages_skip_build_finished=False, packages_skip_by_dep=None, packages_skip_regex=None, packages_skip_test_passed=False, packages_skip_up_to=None, packages_start=None, packages_up_to=None, packages_up_to_regex=None, parallel_workers=8, paths=None, symlink_install=False, test_result_base=None, verb_extension=<colcon_core.verb.build.BuildVerb object at 0x7f189d4f5370>, verb_name='build', verb_parser=<colcon_defaults.argument_parser.defaults.DefaultArgumentsDecorator object at 0x7f189d4ac550>)
[5.001s] Level 1:colcon.colcon_core.package_discovery:discover_packages(colcon_meta) check parameters
[5.002s] Level 1:colcon.colcon_core.package_discovery:discover_packages(recursive) check parameters
[5.002s] Level 1:colcon.colcon_core.package_discovery:discover_packages(ignore) check parameters
[5.002s] Level 1:colcon.colcon_core.package_discovery:discover_packages(path) check parameters
[5.002s] Level 1:colcon.colcon_core.package_discovery:discover_packages(colcon_meta) discover
[5.002s] Level 1:colcon.colcon_core.package_discovery:discover_packages(recursive) discover
[5.002s] INFO:colcon.colcon_core.package_discovery:Crawling recursively for packages in '/home/keyur/empm809y_cpp/Cpp_projects/RWA3-Group17/rwa3_ws'
[5.003s] Level 1:colcon.colcon_core.package_identification:_identify(.) by extensions ['ignore', 'ignore_ament_install']
[5.003s] Level 1:colcon.colcon_core.package_identification:_identify(.) by extension 'ignore'
[5.003s] Level 1:colcon.colcon_core.package_identification:_identify(.) by extension 'ignore_ament_install'
[5.003s] Level 1:colcon.colcon_core.package_identification:_identify(.) by extensions ['colcon_pkg']
[5.003s] Level 1:colcon.colcon_core.package_identification:_identify(.) by extension 'colcon_pkg'
[5.004s] Level 1:colcon.colcon_core.package_identification:_identify(.) by extensions ['colcon_meta']
[5.004s] Level 1:colcon.colcon_core.package_identification:_identify(.) by extension 'colcon_meta'
[5.004s] Level 1:colcon.colcon_core.package_identification:_identify(.) by extensions ['ros']
[5.004s] Level 1:colcon.colcon_core.package_identification:_identify(.) by extension 'ros'
[5.279s] Level 1:colcon.colcon_core.package_identification:_identify(.) by extensions ['cmake', 'python']
[5.279s] Level 1:colcon.colcon_core.package_identification:_identify(.) by extension 'cmake'
[5.279s] Level 1:colcon.colcon_core.package_identification:_identify(.) by extension 'python'
[5.279s] Level 1:colcon.colcon_core.package_identification:_identify(.) by extensions ['python_setup_py']
[5.279s] Level 1:colcon.colcon_core.package_identification:_identify(.) by extension 'python_setup_py'
[5.279s] Level 1:colcon.colcon_core.package_identification:_identify(build) by extensions ['ignore', 'ignore_ament_install']
[5.279s] Level 1:colcon.colcon_core.package_identification:_identify(build) by extension 'ignore'
[5.279s] Level 1:colcon.colcon_core.package_identification:_identify(build) ignored
[5.280s] Level 1:colcon.colcon_core.package_identification:_identify(install) by extensions ['ignore', 'ignore_ament_install']
[5.280s] Level 1:colcon.colcon_core.package_identification:_identify(install) by extension 'ignore'
[5.280s] Level 1:colcon.colcon_core.package_identification:_identify(install) ignored
[5.280s] Level 1:colcon.colcon_core.package_identification:_identify(log) by extensions ['ignore', 'ignore_ament_install']
[5.280s] Level 1:colcon.colcon_core.package_identification:_identify(log) by extension 'ignore'
[5.280s] Level 1:colcon.colcon_core.package_identification:_identify(log) ignored
[5.280s] Level 1:colcon.colcon_core.package_identification:_identify(src) by extensions ['ignore', 'ignore_ament_install']
[5.281s] Level 1:colcon.colcon_core.package_identification:_identify(src) by extension 'ignore'
[5.281s] Level 1:colcon.colcon_core.package_identification:_identify(src) by extension 'ignore_ament_install'
[5.281s] Level 1:colcon.colcon_core.package_identification:_identify(src) by extensions ['colcon_pkg']
[5.281s] Level 1:colcon.colcon_core.package_identification:_identify(src) by extension 'colcon_pkg'
[5.281s] Level 1:colcon.colcon_core.package_identification:_identify(src) by extensions ['colcon_meta']
[5.281s] Level 1:colcon.colcon_core.package_identification:_identify(src) by extension 'colcon_meta'
[5.281s] Level 1:colcon.colcon_core.package_identification:_identify(src) by extensions ['ros']
[5.281s] Level 1:colcon.colcon_core.package_identification:_identify(src) by extension 'ros'
[5.281s] Level 1:colcon.colcon_core.package_identification:_identify(src) by extensions ['cmake', 'python']
[5.281s] Level 1:colcon.colcon_core.package_identification:_identify(src) by extension 'cmake'
[5.281s] Level 1:colcon.colcon_core.package_identification:_identify(src) by extension 'python'
[5.281s] Level 1:colcon.colcon_core.package_identification:_identify(src) by extensions ['python_setup_py']
[5.281s] Level 1:colcon.colcon_core.package_identification:_identify(src) by extension 'python_setup_py'
[5.282s] Level 1:colcon.colcon_core.package_identification:_identify(src/group17) by extensions ['ignore', 'ignore_ament_install']
[5.282s] Level 1:colcon.colcon_core.package_identification:_identify(src/group17) by extension 'ignore'
[5.282s] Level 1:colcon.colcon_core.package_identification:_identify(src/group17) by extension 'ignore_ament_install'
[5.282s] Level 1:colcon.colcon_core.package_identification:_identify(src/group17) by extensions ['colcon_pkg']
[5.282s] Level 1:colcon.colcon_core.package_identification:_identify(src/group17) by extension 'colcon_pkg'
[5.282s] Level 1:colcon.colcon_core.package_identification:_identify(src/group17) by extensions ['colcon_meta']
[5.282s] Level 1:colcon.colcon_core.package_identification:_identify(src/group17) by extension 'colcon_meta'
[5.282s] Level 1:colcon.colcon_core.package_identification:_identify(src/group17) by extensions ['ros']
[5.282s] Level 1:colcon.colcon_core.package_identification:_identify(src/group17) by extension 'ros'
[5.288s] DEBUG:colcon.colcon_core.package_identification:Package 'src/group17' with type 'ros.ament_cmake' and name 'group17'
[5.288s] Level 1:colcon.colcon_core.package_identification:_identify(src/mage_msgs) by extensions ['ignore', 'ignore_ament_install']
[5.288s] Level 1:colcon.colcon_core.package_identification:_identify(src/mage_msgs) by extension 'ignore'
[5.289s] Level 1:colcon.colcon_core.package_identification:_identify(src/mage_msgs) by extension 'ignore_ament_install'
[5.289s] Level 1:colcon.colcon_core.package_identification:_identify(src/mage_msgs) by extensions ['colcon_pkg']
[5.289s] Level 1:colcon.colcon_core.package_identification:_identify(src/mage_msgs) by extension 'colcon_pkg'
[5.289s] Level 1:colcon.colcon_core.package_identification:_identify(src/mage_msgs) by extensions ['colcon_meta']
[5.289s] Level 1:colcon.colcon_core.package_identification:_identify(src/mage_msgs) by extension 'colcon_meta'
[5.289s] Level 1:colcon.colcon_core.package_identification:_identify(src/mage_msgs) by extensions ['ros']
[5.289s] Level 1:colcon.colcon_core.package_identification:_identify(src/mage_msgs) by extension 'ros'
[5.290s] DEBUG:colcon.colcon_core.package_identification:Package 'src/mage_msgs' with type 'ros.ament_cmake' and name 'mage_msgs'
[5.291s] Level 1:colcon.colcon_core.package_identification:_identify(src/ros2_aruco) by extensions ['ignore', 'ignore_ament_install']
[5.291s] Level 1:colcon.colcon_core.package_identification:_identify(src/ros2_aruco) by extension 'ignore'
[5.291s] Level 1:colcon.colcon_core.package_identification:_identify(src/ros2_aruco) by extension 'ignore_ament_install'
[5.291s] Level 1:colcon.colcon_core.package_identification:_identify(src/ros2_aruco) by extensions ['colcon_pkg']
[5.291s] Level 1:colcon.colcon_core.package_identification:_identify(src/ros2_aruco) by extension 'colcon_pkg'
[5.291s] Level 1:colcon.colcon_core.package_identification:_identify(src/ros2_aruco) by extensions ['colcon_meta']
[5.291s] Level 1:colcon.colcon_core.package_identification:_identify(src/ros2_aruco) by extension 'colcon_meta'
[5.291s] Level 1:colcon.colcon_core.package_identification:_identify(src/ros2_aruco) by extensions ['ros']
[5.292s] Level 1:colcon.colcon_core.package_identification:_identify(src/ros2_aruco) by extension 'ros'
[5.292s] Level 1:colcon.colcon_core.package_identification:_identify(src/ros2_aruco) by extensions ['cmake', 'python']
[5.292s] Level 1:colcon.colcon_core.package_identification:_identify(src/ros2_aruco) by extension 'cmake'
[5.292s] Level 1:colcon.colcon_core.package_identification:_identify(src/ros2_aruco) by extension 'python'
[5.292s] Level 1:colcon.colcon_core.package_identification:_identify(src/ros2_aruco) by extensions ['python_setup_py']
[5.292s] Level 1:colcon.colcon_core.package_identification:_identify(src/ros2_aruco) by extension 'python_setup_py'
[5.292s] Level 1:colcon.colcon_core.package_identification:_identify(src/ros2_aruco/ros2_aruco) by extensions ['ignore', 'ignore_ament_install']
[5.292s] Level 1:colcon.colcon_core.package_identification:_identify(src/ros2_aruco/ros2_aruco) by extension 'ignore'
[5.292s] Level 1:colcon.colcon_core.package_identification:_identify(src/ros2_aruco/ros2_aruco) by extension 'ignore_ament_install'
[5.292s] Level 1:colcon.colcon_core.package_identification:_identify(src/ros2_aruco/ros2_aruco) by extensions ['colcon_pkg']
[5.292s] Level 1:colcon.colcon_core.package_identification:_identify(src/ros2_aruco/ros2_aruco) by extension 'colcon_pkg'
[5.293s] Level 1:colcon.colcon_core.package_identification:_identify(src/ros2_aruco/ros2_aruco) by extensions ['colcon_meta']
[5.293s] Level 1:colcon.colcon_core.package_identification:_identify(src/ros2_aruco/ros2_aruco) by extension 'colcon_meta'
[5.293s] Level 1:colcon.colcon_core.package_identification:_identify(src/ros2_aruco/ros2_aruco) by extensions ['ros']
[5.293s] Level 1:colcon.colcon_core.package_identification:_identify(src/ros2_aruco/ros2_aruco) by extension 'ros'
[5.293s] DEBUG:colcon.colcon_core.package_identification:Package 'src/ros2_aruco/ros2_aruco' with type 'ros.ament_python' and name 'ros2_aruco'
[5.294s] Level 1:colcon.colcon_core.package_identification:_identify(src/ros2_aruco/ros2_aruco_interfaces) by extensions ['ignore', 'ignore_ament_install']
[5.294s] Level 1:colcon.colcon_core.package_identification:_identify(src/ros2_aruco/ros2_aruco_interfaces) by extension 'ignore'
[5.294s] Level 1:colcon.colcon_core.package_identification:_identify(src/ros2_aruco/ros2_aruco_interfaces) by extension 'ignore_ament_install'
[5.294s] Level 1:colcon.colcon_core.package_identification:_identify(src/ros2_aruco/ros2_aruco_interfaces) by extensions ['colcon_pkg']
[5.294s] Level 1:colcon.colcon_core.package_identification:_identify(src/ros2_aruco/ros2_aruco_interfaces) by extension 'colcon_pkg'
[5.294s] Level 1:colcon.colcon_core.package_identification:_identify(src/ros2_aruco/ros2_aruco_interfaces) by extensions ['colcon_meta']
[5.294s] Level 1:colcon.colcon_core.package_identification:_identify(src/ros2_aruco/ros2_aruco_interfaces) by extension 'colcon_meta'
[5.294s] Level 1:colcon.colcon_core.package_identification:_identify(src/ros2_aruco/ros2_aruco_interfaces) by extensions ['ros']
[5.294s] Level 1:colcon.colcon_core.package_identification:_identify(src/ros2_aruco/ros2_aruco_interfaces) by extension 'ros'
[5.295s] DEBUG:colcon.colcon_core.package_identification:Package 'src/ros2_aruco/ros2_aruco_interfaces' with type 'ros.ament_cmake' and name 'ros2_aruco_interfaces'
[5.295s] Level 1:colcon.colcon_core.package_identification:_identify(src/turtlebot3_sensors) by extensions ['ignore', 'ignore_ament_install']
[5.296s] Level 1:colcon.colcon_core.package_identification:_identify(src/turtlebot3_sensors) by extension 'ignore'
[5.296s] Level 1:colcon.colcon_core.package_identification:_identify(src/turtlebot3_sensors) by extension 'ignore_ament_install'
[5.296s] Level 1:colcon.colcon_core.package_identification:_identify(src/turtlebot3_sensors) by extensions ['colcon_pkg']
[5.296s] Level 1:colcon.colcon_core.package_identification:_identify(src/turtlebot3_sensors) by extension 'colcon_pkg'
[5.296s] Level 1:colcon.colcon_core.package_identification:_identify(src/turtlebot3_sensors) by extensions ['colcon_meta']
[5.296s] Level 1:colcon.colcon_core.package_identification:_identify(src/turtlebot3_sensors) by extension 'colcon_meta'
[5.296s] Level 1:colcon.colcon_core.package_identification:_identify(src/turtlebot3_sensors) by extensions ['ros']
[5.296s] Level 1:colcon.colcon_core.package_identification:_identify(src/turtlebot3_sensors) by extension 'ros'
[5.298s] DEBUG:colcon.colcon_core.package_identification:Package 'src/turtlebot3_sensors' with type 'ros.ament_cmake' and name 'turtlebot3_sensors'
[5.299s] Level 1:colcon.colcon_core.package_identification:_identify(src/turtlebot3_simulations) by extensions ['ignore', 'ignore_ament_install']
[5.299s] Level 1:colcon.colcon_core.package_identification:_identify(src/turtlebot3_simulations) by extension 'ignore'
[5.299s] Level 1:colcon.colcon_core.package_identification:_identify(src/turtlebot3_simulations) by extension 'ignore_ament_install'
[5.299s] Level 1:colcon.colcon_core.package_identification:_identify(src/turtlebot3_simulations) by extensions ['colcon_pkg']
[5.299s] Level 1:colcon.colcon_core.package_identification:_identify(src/turtlebot3_simulations) by extension 'colcon_pkg'
[5.299s] Level 1:colcon.colcon_core.package_identification:_identify(src/turtlebot3_simulations) by extensions ['colcon_meta']
[5.299s] Level 1:colcon.colcon_core.package_identification:_identify(src/turtlebot3_simulations) by extension 'colcon_meta'
[5.299s] Level 1:colcon.colcon_core.package_identification:_identify(src/turtlebot3_simulations) by extensions ['ros']
[5.299s] Level 1:colcon.colcon_core.package_identification:_identify(src/turtlebot3_simulations) by extension 'ros'
[5.299s] Level 1:colcon.colcon_core.package_identification:_identify(src/turtlebot3_simulations) by extensions ['cmake', 'python']
[5.299s] Level 1:colcon.colcon_core.package_identification:_identify(src/turtlebot3_simulations) by extension 'cmake'
[5.299s] Level 1:colcon.colcon_core.package_identification:_identify(src/turtlebot3_simulations) by extension 'python'
[5.299s] Level 1:colcon.colcon_core.package_identification:_identify(src/turtlebot3_simulations) by extensions ['python_setup_py']
[5.299s] Level 1:colcon.colcon_core.package_identification:_identify(src/turtlebot3_simulations) by extension 'python_setup_py'
[5.300s] Level 1:colcon.colcon_core.package_identification:_identify(src/turtlebot3_simulations/turtlebot3_fake_node) by extensions ['ignore', 'ignore_ament_install']
[5.300s] Level 1:colcon.colcon_core.package_identification:_identify(src/turtlebot3_simulations/turtlebot3_fake_node) by extension 'ignore'
[5.300s] Level 1:colcon.colcon_core.package_identification:_identify(src/turtlebot3_simulations/turtlebot3_fake_node) by extension 'ignore_ament_install'
[5.300s] Level 1:colcon.colcon_core.package_identification:_identify(src/turtlebot3_simulations/turtlebot3_fake_node) by extensions ['colcon_pkg']
[5.300s] Level 1:colcon.colcon_core.package_identification:_identify(src/turtlebot3_simulations/turtlebot3_fake_node) by extension 'colcon_pkg'
[5.300s] Level 1:colcon.colcon_core.package_identification:_identify(src/turtlebot3_simulations/turtlebot3_fake_node) by extensions ['colcon_meta']
[5.300s] Level 1:colcon.colcon_core.package_identification:_identify(src/turtlebot3_simulations/turtlebot3_fake_node) by extension 'colcon_meta'
[5.300s] Level 1:colcon.colcon_core.package_identification:_identify(src/turtlebot3_simulations/turtlebot3_fake_node) by extensions ['ros']
[5.300s] Level 1:colcon.colcon_core.package_identification:_identify(src/turtlebot3_simulations/turtlebot3_fake_node) by extension 'ros'
[5.302s] DEBUG:colcon.colcon_core.package_identification:Package 'src/turtlebot3_simulations/turtlebot3_fake_node' with type 'ros.ament_cmake' and name 'turtlebot3_fake_node'
[5.302s] Level 1:colcon.colcon_core.package_identification:_identify(src/turtlebot3_simulations/turtlebot3_gazebo) by extensions ['ignore', 'ignore_ament_install']
[5.302s] Level 1:colcon.colcon_core.package_identification:_identify(src/turtlebot3_simulations/turtlebot3_gazebo) by extension 'ignore'
[5.302s] Level 1:colcon.colcon_core.package_identification:_identify(src/turtlebot3_simulations/turtlebot3_gazebo) by extension 'ignore_ament_install'
[5.302s] Level 1:colcon.colcon_core.package_identification:_identify(src/turtlebot3_simulations/turtlebot3_gazebo) by extensions ['colcon_pkg']
[5.302s] Level 1:colcon.colcon_core.package_identification:_identify(src/turtlebot3_simulations/turtlebot3_gazebo) by extension 'colcon_pkg'
[5.302s] Level 1:colcon.colcon_core.package_identification:_identify(src/turtlebot3_simulations/turtlebot3_gazebo) by extensions ['colcon_meta']
[5.302s] Level 1:colcon.colcon_core.package_identification:_identify(src/turtlebot3_simulations/turtlebot3_gazebo) by extension 'colcon_meta'
[5.303s] Level 1:colcon.colcon_core.package_identification:_identify(src/turtlebot3_simulations/turtlebot3_gazebo) by extensions ['ros']
[5.303s] Level 1:colcon.colcon_core.package_identification:_identify(src/turtlebot3_simulations/turtlebot3_gazebo) by extension 'ros'
[5.306s] DEBUG:colcon.colcon_core.package_identification:Package 'src/turtlebot3_simulations/turtlebot3_gazebo' with type 'ros.ament_cmake' and name 'turtlebot3_gazebo'
[5.306s] Level 1:colcon.colcon_core.package_identification:_identify(src/turtlebot3_simulations/turtlebot3_simulations) by extensions ['ignore', 'ignore_ament_install']
[5.306s] Level 1:colcon.colcon_core.package_identification:_identify(src/turtlebot3_simulations/turtlebot3_simulations) by extension 'ignore'
[5.306s] Level 1:colcon.colcon_core.package_identification:_identify(src/turtlebot3_simulations/turtlebot3_simulations) by extension 'ignore_ament_install'
[5.306s] Level 1:colcon.colcon_core.package_identification:_identify(src/turtlebot3_simulations/turtlebot3_simulations) by extensions ['colcon_pkg']
[5.306s] Level 1:colcon.colcon_core.package_identification:_identify(src/turtlebot3_simulations/turtlebot3_simulations) by extension 'colcon_pkg'
[5.307s] Level 1:colcon.colcon_core.package_identification:_identify(src/turtlebot3_simulations/turtlebot3_simulations) by extensions ['colcon_meta']
[5.307s] Level 1:colcon.colcon_core.package_identification:_identify(src/turtlebot3_simulations/turtlebot3_simulations) by extension 'colcon_meta'
[5.307s] Level 1:colcon.colcon_core.package_identification:_identify(src/turtlebot3_simulations/turtlebot3_simulations) by extensions ['ros']
[5.307s] Level 1:colcon.colcon_core.package_identification:_identify(src/turtlebot3_simulations/turtlebot3_simulations) by extension 'ros'
[5.308s] DEBUG:colcon.colcon_core.package_identification:Package 'src/turtlebot3_simulations/turtlebot3_simulations' with type 'ros.ament_cmake' and name 'turtlebot3_simulations'
[5.308s] Level 1:colcon.colcon_core.package_discovery:discover_packages(recursive) using defaults
[5.308s] Level 1:colcon.colcon_core.package_discovery:discover_packages(ignore) discover
[5.308s] Level 1:colcon.colcon_core.package_discovery:discover_packages(ignore) using defaults
[5.308s] Level 1:colcon.colcon_core.package_discovery:discover_packages(path) discover
[5.308s] Level 1:colcon.colcon_core.package_discovery:discover_packages(path) using defaults
[5.512s] INFO:colcon.colcon_core.package_selection:Skipping not selected package 'mage_msgs' in 'src/mage_msgs'
[5.512s] INFO:colcon.colcon_core.package_selection:Skipping not selected package 'ros2_aruco' in 'src/ros2_aruco/ros2_aruco'
[5.512s] INFO:colcon.colcon_core.package_selection:Skipping not selected package 'ros2_aruco_interfaces' in 'src/ros2_aruco/ros2_aruco_interfaces'
[5.512s] INFO:colcon.colcon_core.package_selection:Skipping not selected package 'turtlebot3_fake_node' in 'src/turtlebot3_simulations/turtlebot3_fake_node'
[5.512s] INFO:colcon.colcon_core.package_selection:Skipping not selected package 'turtlebot3_gazebo' in 'src/turtlebot3_simulations/turtlebot3_gazebo'
[5.512s] INFO:colcon.colcon_core.package_selection:Skipping not selected package 'turtlebot3_sensors' in 'src/turtlebot3_sensors'
[5.512s] INFO:colcon.colcon_core.package_selection:Skipping not selected package 'turtlebot3_simulations' in 'src/turtlebot3_simulations/turtlebot3_simulations'
[5.598s] Level 1:colcon.colcon_core.package_discovery:discover_packages(prefix_path) check parameters
[5.598s] Level 1:colcon.colcon_core.package_discovery:discover_packages(prefix_path) discover
[5.862s] DEBUG:colcon.colcon_installed_package_information.package_discovery:Found 8 installed packages in /home/keyur/empm809y_cpp/Cpp_projects/RWA3-Group17/rwa3_ws/install
[5.909s] DEBUG:colcon.colcon_installed_package_information.package_discovery:Found 3 installed packages in /home/keyur/empm809y_cpp/Cpp_projects/ROS2learn/rosprac809_ws/install
[5.971s] DEBUG:colcon.colcon_installed_package_information.package_discovery:Found 2 installed packages in /home/keyur/ros809_ws/install
[6.031s] DEBUG:colcon.colcon_installed_package_information.package_discovery:Found 329 installed packages in /opt/ros/galactic
[6.033s] Level 1:colcon.colcon_core.package_discovery:discover_packages(prefix_path) using defaults
[7.950s] Level 5:colcon.colcon_core.verb:set package 'group17' build argument 'cmake_args' from command line to 'None'
[7.951s] Level 5:colcon.colcon_core.verb:set package 'group17' build argument 'cmake_target' from command line to 'None'
[7.951s] Level 5:colcon.colcon_core.verb:set package 'group17' build argument 'cmake_target_skip_unavailable' from command line to 'False'
[7.951s] Level 5:colcon.colcon_core.verb:set package 'group17' build argument 'cmake_clean_cache' from command line to 'False'
[7.951s] Level 5:colcon.colcon_core.verb:set package 'group17' build argument 'cmake_clean_first' from command line to 'False'
[7.951s] Level 5:colcon.colcon_core.verb:set package 'group17' build argument 'cmake_force_configure' from command line to 'False'
[7.951s] Level 5:colcon.colcon_core.verb:set package 'group17' build argument 'ament_cmake_args' from command line to 'None'
[7.951s] Level 5:colcon.colcon_core.verb:set package 'group17' build argument 'catkin_cmake_args' from command line to 'None'
[7.951s] Level 5:colcon.colcon_core.verb:set package 'group17' build argument 'catkin_skip_building_tests' from command line to 'False'
[7.951s] DEBUG:colcon.colcon_core.verb:Building package 'group17' with the following arguments: {'ament_cmake_args': None, 'build_base': '/home/keyur/empm809y_cpp/Cpp_projects/RWA3-Group17/rwa3_ws/build/group17', 'catkin_cmake_args': None, 'catkin_skip_building_tests': False, 'cmake_args': None, 'cmake_clean_cache': False, 'cmake_clean_first': False, 'cmake_force_configure': False, 'cmake_target': None, 'cmake_target_skip_unavailable': False, 'install_base': '/home/keyur/empm809y_cpp/Cpp_projects/RWA3-Group17/rwa3_ws/install/group17', 'merge_install': False, 'path': '/home/keyur/empm809y_cpp/Cpp_projects/RWA3-Group17/rwa3_ws/src/group17', 'symlink_install': False, 'test_result_base': None}
[8.022s] INFO:colcon.colcon_core.executor:Executing jobs using 'parallel' executor
[8.094s] DEBUG:colcon.colcon_parallel_executor.executor.parallel:run_until_complete
[8.094s] INFO:colcon.colcon_ros.task.ament_cmake.build:Building ROS package in '/home/keyur/empm809y_cpp/Cpp_projects/RWA3-Group17/rwa3_ws/src/group17' with build type 'ament_cmake'
[8.094s] INFO:colcon.colcon_cmake.task.cmake.build:Building CMake package in '/home/keyur/empm809y_cpp/Cpp_projects/RWA3-Group17/rwa3_ws/src/group17'
[8.177s] INFO:colcon.colcon_core.plugin_system:Skipping extension 'colcon_core.shell.bat': Not used on non-Windows systems
[8.177s] INFO:colcon.colcon_core.shell:Skip shell extension 'powershell' for command environment: Not usable outside of PowerShell
[8.177s] DEBUG:colcon.colcon_core.shell:Skip shell extension 'dsv' for command environment
[8.783s] DEBUG:colcon.colcon_core.event_handler.log_command:Invoking command in '/home/keyur/empm809y_cpp/Cpp_projects/RWA3-Group17/rwa3_ws/build/group17': AMENT_PREFIX_PATH=/home/keyur/empm809y_cpp/Cpp_projects/RWA3-Group17/rwa3_ws/install/mage_msgs:${AMENT_PREFIX_PATH} CMAKE_PREFIX_PATH=/home/keyur/empm809y_cpp/Cpp_projects/RWA3-Group17/rwa3_ws/install/turtlebot3_simulations:/home/keyur/empm809y_cpp/Cpp_projects/RWA3-Group17/rwa3_ws/install/turtlebot3_gazebo:/home/keyur/empm809y_cpp/Cpp_projects/RWA3-Group17/rwa3_ws/install/turtlebot3_fake_node:/home/keyur/empm809y_cpp/Cpp_projects/RWA3-Group17/rwa3_ws/install/ros2_aruco_interfaces:/home/keyur/empm809y_cpp/Cpp_projects/RWA3-Group17/rwa3_ws/install/mage_msgs:/home/keyur/empm809y_cpp/Cpp_projects/RWA3-Group17/rwa3_ws/install/turtlebot3_sensors:/home/keyur/empm809y_cpp/Cpp_projects/RWA3-Group17/rwa3_ws/install/group17:/home/keyur/empm809y_cpp/Cpp_projects/ROS2learn/rosprac809_ws/install/my_first_package:/home/keyur/empm809y_cpp/Cpp_projects/ROS2learn/rosprac809_ws/install/automated_vehicle:/home/keyur/empm809y_cpp/Cpp_projects/ROS2learn/rosprac809_ws/install/av_msgs:/home/keyur/ros809_ws/install/first_package:/home/keyur/ros809_ws/install/automated_vehicle:/home/keyur/empm809y_cpp/Cpp_projects/RWA3-Group17/rwa3_ws/install/ros2_aruco:/opt/ros/galactic LD_LIBRARY_PATH=/home/keyur/empm809y_cpp/Cpp_projects/RWA3-Group17/rwa3_ws/install/ros2_aruco_interfaces/lib:/home/keyur/empm809y_cpp/Cpp_projects/RWA3-Group17/rwa3_ws/install/mage_msgs/lib:/home/keyur/empm809y_cpp/Cpp_projects/RWA3-Group17/rwa3_ws/install/turtlebot3_sensors/lib:/home/keyur/empm809y_cpp/Cpp_projects/ROS2learn/rosprac809_ws/install/av_msgs/lib:/usr/lib/x86_64-linux-gnu/gazebo-11/plugins:/opt/ros/galactic/opt/yaml_cpp_vendor/lib:/opt/ros/galactic/opt/rviz_ogre_vendor/lib:/opt/ros/galactic/lib/x86_64-linux-gnu:/opt/ros/galactic/lib PYTHONPATH=/home/keyur/empm809y_cpp/Cpp_projects/RWA3-Group17/rwa3_ws/install/turtlebot3_gazebo/lib/python3.8/site-packages:/home/keyur/empm809y_cpp/Cpp_projects/RWA3-Group17/rwa3_ws/install/ros2_aruco_interfaces/lib/python3.8/site-packages:/home/keyur/empm809y_cpp/Cpp_projects/RWA3-Group17/rwa3_ws/install/mage_msgs/lib/python3.8/site-packages:/home/keyur/empm809y_cpp/Cpp_projects/RWA3-Group17/rwa3_ws/install/ros2_aruco/lib/python3.8/site-packages:/home/keyur/empm809y_cpp/Cpp_projects/ROS2learn/rosprac809_ws/install/av_msgs/lib/python3.8/site-packages:/opt/ros/galactic/lib/python3.8/site-packages /usr/bin/cmake --build /home/keyur/empm809y_cpp/Cpp_projects/RWA3-Group17/rwa3_ws/build/group17 -- -j8 -l8
[29.170s] DEBUG:colcon.colcon_core.event_handler.log_command:Invoked command in '/home/keyur/empm809y_cpp/Cpp_projects/RWA3-Group17/rwa3_ws/build/group17' returned '0': AMENT_PREFIX_PATH=/home/keyur/empm809y_cpp/Cpp_projects/RWA3-Group17/rwa3_ws/install/mage_msgs:${AMENT_PREFIX_PATH} CMAKE_PREFIX_PATH=/home/keyur/empm809y_cpp/Cpp_projects/RWA3-Group17/rwa3_ws/install/turtlebot3_simulations:/home/keyur/empm809y_cpp/Cpp_projects/RWA3-Group17/rwa3_ws/install/turtlebot3_gazebo:/home/keyur/empm809y_cpp/Cpp_projects/RWA3-Group17/rwa3_ws/install/turtlebot3_fake_node:/home/keyur/empm809y_cpp/Cpp_projects/RWA3-Group17/rwa3_ws/install/ros2_aruco_interfaces:/home/keyur/empm809y_cpp/Cpp_projects/RWA3-Group17/rwa3_ws/install/mage_msgs:/home/keyur/empm809y_cpp/Cpp_projects/RWA3-Group17/rwa3_ws/install/turtlebot3_sensors:/home/keyur/empm809y_cpp/Cpp_projects/RWA3-Group17/rwa3_ws/install/group17:/home/keyur/empm809y_cpp/Cpp_projects/ROS2learn/rosprac809_ws/install/my_first_package:/home/keyur/empm809y_cpp/Cpp_projects/ROS2learn/rosprac809_ws/install/automated_vehicle:/home/keyur/empm809y_cpp/Cpp_projects/ROS2learn/rosprac809_ws/install/av_msgs:/home/keyur/ros809_ws/install/first_package:/home/keyur/ros809_ws/install/automated_vehicle:/home/keyur/empm809y_cpp/Cpp_projects/RWA3-Group17/rwa3_ws/install/ros2_aruco:/opt/ros/galactic LD_LIBRARY_PATH=/home/keyur/empm809y_cpp/Cpp_projects/RWA3-Group17/rwa3_ws/install/ros2_aruco_interfaces/lib:/home/keyur/empm809y_cpp/Cpp_projects/RWA3-Group17/rwa3_ws/install/mage_msgs/lib:/home/keyur/empm809y_cpp/Cpp_projects/RWA3-Group17/rwa3_ws/install/turtlebot3_sensors/lib:/home/keyur/empm809y_cpp/Cpp_projects/ROS2learn/rosprac809_ws/install/av_msgs/lib:/usr/lib/x86_64-linux-gnu/gazebo-11/plugins:/opt/ros/galactic/opt/yaml_cpp_vendor/lib:/opt/ros/galactic/opt/rviz_ogre_vendor/lib:/opt/ros/galactic/lib/x86_64-linux-gnu:/opt/ros/galactic/lib PYTHONPATH=/home/keyur/empm809y_cpp/Cpp_projects/RWA3-Group17/rwa3_ws/install/turtlebot3_gazebo/lib/python3.8/site-packages:/home/keyur/empm809y_cpp/Cpp_projects/RWA3-Group17/rwa3_ws/install/ros2_aruco_interfaces/lib/python3.8/site-packages:/home/keyur/empm809y_cpp/Cpp_projects/RWA3-Group17/rwa3_ws/install/mage_msgs/lib/python3.8/site-packages:/home/keyur/empm809y_cpp/Cpp_projects/RWA3-Group17/rwa3_ws/install/ros2_aruco/lib/python3.8/site-packages:/home/keyur/empm809y_cpp/Cpp_projects/ROS2learn/rosprac809_ws/install/av_msgs/lib/python3.8/site-packages:/opt/ros/galactic/lib/python3.8/site-packages /usr/bin/cmake --build /home/keyur/empm809y_cpp/Cpp_projects/RWA3-Group17/rwa3_ws/build/group17 -- -j8 -l8
[29.302s] DEBUG:colcon.colcon_core.event_handler.log_command:Invoking command in '/home/keyur/empm809y_cpp/Cpp_projects/RWA3-Group17/rwa3_ws/build/group17': AMENT_PREFIX_PATH=/home/keyur/empm809y_cpp/Cpp_projects/RWA3-Group17/rwa3_ws/install/mage_msgs:${AMENT_PREFIX_PATH} CMAKE_PREFIX_PATH=/home/keyur/empm809y_cpp/Cpp_projects/RWA3-Group17/rwa3_ws/install/turtlebot3_simulations:/home/keyur/empm809y_cpp/Cpp_projects/RWA3-Group17/rwa3_ws/install/turtlebot3_gazebo:/home/keyur/empm809y_cpp/Cpp_projects/RWA3-Group17/rwa3_ws/install/turtlebot3_fake_node:/home/keyur/empm809y_cpp/Cpp_projects/RWA3-Group17/rwa3_ws/install/ros2_aruco_interfaces:/home/keyur/empm809y_cpp/Cpp_projects/RWA3-Group17/rwa3_ws/install/mage_msgs:/home/keyur/empm809y_cpp/Cpp_projects/RWA3-Group17/rwa3_ws/install/turtlebot3_sensors:/home/keyur/empm809y_cpp/Cpp_projects/RWA3-Group17/rwa3_ws/install/group17:/home/keyur/empm809y_cpp/Cpp_projects/ROS2learn/rosprac809_ws/install/my_first_package:/home/keyur/empm809y_cpp/Cpp_projects/ROS2learn/rosprac809_ws/install/automated_vehicle:/home/keyur/empm809y_cpp/Cpp_projects/ROS2learn/rosprac809_ws/install/av_msgs:/home/keyur/ros809_ws/install/first_package:/home/keyur/ros809_ws/install/automated_vehicle:/home/keyur/empm809y_cpp/Cpp_projects/RWA3-Group17/rwa3_ws/install/ros2_aruco:/opt/ros/galactic LD_LIBRARY_PATH=/home/keyur/empm809y_cpp/Cpp_projects/RWA3-Group17/rwa3_ws/install/ros2_aruco_interfaces/lib:/home/keyur/empm809y_cpp/Cpp_projects/RWA3-Group17/rwa3_ws/install/mage_msgs/lib:/home/keyur/empm809y_cpp/Cpp_projects/RWA3-Group17/rwa3_ws/install/turtlebot3_sensors/lib:/home/keyur/empm809y_cpp/Cpp_projects/ROS2learn/rosprac809_ws/install/av_msgs/lib:/usr/lib/x86_64-linux-gnu/gazebo-11/plugins:/opt/ros/galactic/opt/yaml_cpp_vendor/lib:/opt/ros/galactic/opt/rviz_ogre_vendor/lib:/opt/ros/galactic/lib/x86_64-linux-gnu:/opt/ros/galactic/lib PYTHONPATH=/home/keyur/empm809y_cpp/Cpp_projects/RWA3-Group17/rwa3_ws/install/turtlebot3_gazebo/lib/python3.8/site-packages:/home/keyur/empm809y_cpp/Cpp_projects/RWA3-Group17/rwa3_ws/install/ros2_aruco_interfaces/lib/python3.8/site-packages:/home/keyur/empm809y_cpp/Cpp_projects/RWA3-Group17/rwa3_ws/install/mage_msgs/lib/python3.8/site-packages:/home/keyur/empm809y_cpp/Cpp_projects/RWA3-Group17/rwa3_ws/install/ros2_aruco/lib/python3.8/site-packages:/home/keyur/empm809y_cpp/Cpp_projects/ROS2learn/rosprac809_ws/install/av_msgs/lib/python3.8/site-packages:/opt/ros/galactic/lib/python3.8/site-packages /usr/bin/cmake --install /home/keyur/empm809y_cpp/Cpp_projects/RWA3-Group17/rwa3_ws/build/group17
[29.453s] Level 1:colcon.colcon_core.environment:create_environment_scripts_only(group17)
[29.454s] DEBUG:colcon.colcon_core.event_handler.log_command:Invoked command in '/home/keyur/empm809y_cpp/Cpp_projects/RWA3-Group17/rwa3_ws/build/group17' returned '0': AMENT_PREFIX_PATH=/home/keyur/empm809y_cpp/Cpp_projects/RWA3-Group17/rwa3_ws/install/mage_msgs:${AMENT_PREFIX_PATH} CMAKE_PREFIX_PATH=/home/keyur/empm809y_cpp/Cpp_projects/RWA3-Group17/rwa3_ws/install/turtlebot3_simulations:/home/keyur/empm809y_cpp/Cpp_projects/RWA3-Group17/rwa3_ws/install/turtlebot3_gazebo:/home/keyur/empm809y_cpp/Cpp_projects/RWA3-Group17/rwa3_ws/install/turtlebot3_fake_node:/home/keyur/empm809y_cpp/Cpp_projects/RWA3-Group17/rwa3_ws/install/ros2_aruco_interfaces:/home/keyur/empm809y_cpp/Cpp_projects/RWA3-Group17/rwa3_ws/install/mage_msgs:/home/keyur/empm809y_cpp/Cpp_projects/RWA3-Group17/rwa3_ws/install/turtlebot3_sensors:/home/keyur/empm809y_cpp/Cpp_projects/RWA3-Group17/rwa3_ws/install/group17:/home/keyur/empm809y_cpp/Cpp_projects/ROS2learn/rosprac809_ws/install/my_first_package:/home/keyur/empm809y_cpp/Cpp_projects/ROS2learn/rosprac809_ws/install/automated_vehicle:/home/keyur/empm809y_cpp/Cpp_projects/ROS2learn/rosprac809_ws/install/av_msgs:/home/keyur/ros809_ws/install/first_package:/home/keyur/ros809_ws/install/automated_vehicle:/home/keyur/empm809y_cpp/Cpp_projects/RWA3-Group17/rwa3_ws/install/ros2_aruco:/opt/ros/galactic LD_LIBRARY_PATH=/home/keyur/empm809y_cpp/Cpp_projects/RWA3-Group17/rwa3_ws/install/ros2_aruco_interfaces/lib:/home/keyur/empm809y_cpp/Cpp_projects/RWA3-Group17/rwa3_ws/install/mage_msgs/lib:/home/keyur/empm809y_cpp/Cpp_projects/RWA3-Group17/rwa3_ws/install/turtlebot3_sensors/lib:/home/keyur/empm809y_cpp/Cpp_projects/ROS2learn/rosprac809_ws/install/av_msgs/lib:/usr/lib/x86_64-linux-gnu/gazebo-11/plugins:/opt/ros/galactic/opt/yaml_cpp_vendor/lib:/opt/ros/galactic/opt/rviz_ogre_vendor/lib:/opt/ros/galactic/lib/x86_64-linux-gnu:/opt/ros/galactic/lib PYTHONPATH=/home/keyur/empm809y_cpp/Cpp_projects/RWA3-Group17/rwa3_ws/install/turtlebot3_gazebo/lib/python3.8/site-packages:/home/keyur/empm809y_cpp/Cpp_projects/RWA3-Group17/rwa3_ws/install/ros2_aruco_interfaces/lib/python3.8/site-packages:/home/keyur/empm809y_cpp/Cpp_projects/RWA3-Group17/rwa3_ws/install/mage_msgs/lib/python3.8/site-packages:/home/keyur/empm809y_cpp/Cpp_projects/RWA3-Group17/rwa3_ws/install/ros2_aruco/lib/python3.8/site-packages:/home/keyur/empm809y_cpp/Cpp_projects/ROS2learn/rosprac809_ws/install/av_msgs/lib/python3.8/site-packages:/opt/ros/galactic/lib/python3.8/site-packages /usr/bin/cmake --install /home/keyur/empm809y_cpp/Cpp_projects/RWA3-Group17/rwa3_ws/build/group17
[29.555s] Level 1:colcon.colcon_core.environment:checking '/home/keyur/empm809y_cpp/Cpp_projects/RWA3-Group17/rwa3_ws/install/group17' for CMake module files
[29.556s] Level 1:colcon.colcon_core.environment:checking '/home/keyur/empm809y_cpp/Cpp_projects/RWA3-Group17/rwa3_ws/install/group17' for CMake config files
[29.557s] Level 1:colcon.colcon_core.shell:create_environment_hook('group17', 'cmake_prefix_path')
[29.651s] INFO:colcon.colcon_core.shell:Creating environment hook '/home/keyur/empm809y_cpp/Cpp_projects/RWA3-Group17/rwa3_ws/install/group17/share/group17/hook/cmake_prefix_path.ps1'
[29.668s] INFO:colcon.colcon_core.shell:Creating environment descriptor '/home/keyur/empm809y_cpp/Cpp_projects/RWA3-Group17/rwa3_ws/install/group17/share/group17/hook/cmake_prefix_path.dsv'
[29.676s] INFO:colcon.colcon_core.shell:Creating environment hook '/home/keyur/empm809y_cpp/Cpp_projects/RWA3-Group17/rwa3_ws/install/group17/share/group17/hook/cmake_prefix_path.sh'
[29.677s] Level 1:colcon.colcon_core.environment:checking '/home/keyur/empm809y_cpp/Cpp_projects/RWA3-Group17/rwa3_ws/install/group17/lib'
[29.678s] Level 1:colcon.colcon_core.environment:checking '/home/keyur/empm809y_cpp/Cpp_projects/RWA3-Group17/rwa3_ws/install/group17/bin'
[29.678s] Level 1:colcon.colcon_core.environment:checking '/home/keyur/empm809y_cpp/Cpp_projects/RWA3-Group17/rwa3_ws/install/group17/lib/pkgconfig/group17.pc'
[29.678s] Level 1:colcon.colcon_core.environment:checking '/home/keyur/empm809y_cpp/Cpp_projects/RWA3-Group17/rwa3_ws/install/group17/lib/python3.8/site-packages'
[29.679s] Level 1:colcon.colcon_core.environment:checking '/home/keyur/empm809y_cpp/Cpp_projects/RWA3-Group17/rwa3_ws/install/group17/bin'
[29.745s] INFO:colcon.colcon_core.shell:Creating package script '/home/keyur/empm809y_cpp/Cpp_projects/RWA3-Group17/rwa3_ws/install/group17/share/group17/package.ps1'
[29.746s] INFO:colcon.colcon_core.shell:Creating package descriptor '/home/keyur/empm809y_cpp/Cpp_projects/RWA3-Group17/rwa3_ws/install/group17/share/group17/package.dsv'
[29.747s] INFO:colcon.colcon_core.shell:Creating package script '/home/keyur/empm809y_cpp/Cpp_projects/RWA3-Group17/rwa3_ws/install/group17/share/group17/package.sh'
[29.749s] INFO:colcon.colcon_core.shell:Creating package script '/home/keyur/empm809y_cpp/Cpp_projects/RWA3-Group17/rwa3_ws/install/group17/share/group17/package.bash'
[29.751s] INFO:colcon.colcon_core.shell:Creating package script '/home/keyur/empm809y_cpp/Cpp_projects/RWA3-Group17/rwa3_ws/install/group17/share/group17/package.zsh'
[29.774s] Level 1:colcon.colcon_core.environment:create_file_with_runtime_dependencies(/home/keyur/empm809y_cpp/Cpp_projects/RWA3-Group17/rwa3_ws/install/group17/share/colcon-core/packages/group17)
[29.879s] Level 1:colcon.colcon_core.environment:create_environment_scripts_only(group17)
[29.927s] Level 1:colcon.colcon_core.environment:checking '/home/keyur/empm809y_cpp/Cpp_projects/RWA3-Group17/rwa3_ws/install/group17' for CMake module files
[29.928s] Level 1:colcon.colcon_core.environment:checking '/home/keyur/empm809y_cpp/Cpp_projects/RWA3-Group17/rwa3_ws/install/group17' for CMake config files
[29.928s] Level 1:colcon.colcon_core.shell:create_environment_hook('group17', 'cmake_prefix_path')
[29.975s] INFO:colcon.colcon_core.shell:Creating environment hook '/home/keyur/empm809y_cpp/Cpp_projects/RWA3-Group17/rwa3_ws/install/group17/share/group17/hook/cmake_prefix_path.ps1'
[29.976s] INFO:colcon.colcon_core.shell:Creating environment descriptor '/home/keyur/empm809y_cpp/Cpp_projects/RWA3-Group17/rwa3_ws/install/group17/share/group17/hook/cmake_prefix_path.dsv'
[29.976s] INFO:colcon.colcon_core.shell:Creating environment hook '/home/keyur/empm809y_cpp/Cpp_projects/RWA3-Group17/rwa3_ws/install/group17/share/group17/hook/cmake_prefix_path.sh'
[29.977s] Level 1:colcon.colcon_core.environment:checking '/home/keyur/empm809y_cpp/Cpp_projects/RWA3-Group17/rwa3_ws/install/group17/lib'
[29.977s] Level 1:colcon.colcon_core.environment:checking '/home/keyur/empm809y_cpp/Cpp_projects/RWA3-Group17/rwa3_ws/install/group17/bin'
[29.977s] Level 1:colcon.colcon_core.environment:checking '/home/keyur/empm809y_cpp/Cpp_projects/RWA3-Group17/rwa3_ws/install/group17/lib/pkgconfig/group17.pc'
[29.977s] Level 1:colcon.colcon_core.environment:checking '/home/keyur/empm809y_cpp/Cpp_projects/RWA3-Group17/rwa3_ws/install/group17/lib/python3.8/site-packages'
[29.977s] Level 1:colcon.colcon_core.environment:checking '/home/keyur/empm809y_cpp/Cpp_projects/RWA3-Group17/rwa3_ws/install/group17/bin'
[30.023s] INFO:colcon.colcon_core.shell:Creating package script '/home/keyur/empm809y_cpp/Cpp_projects/RWA3-Group17/rwa3_ws/install/group17/share/group17/package.ps1'
[30.024s] INFO:colcon.colcon_core.shell:Creating package descriptor '/home/keyur/empm809y_cpp/Cpp_projects/RWA3-Group17/rwa3_ws/install/group17/share/group17/package.dsv'
[30.024s] INFO:colcon.colcon_core.shell:Creating package script '/home/keyur/empm809y_cpp/Cpp_projects/RWA3-Group17/rwa3_ws/install/group17/share/group17/package.sh'
[30.025s] INFO:colcon.colcon_core.shell:Creating package script '/home/keyur/empm809y_cpp/Cpp_projects/RWA3-Group17/rwa3_ws/install/group17/share/group17/package.bash'
[30.025s] INFO:colcon.colcon_core.shell:Creating package script '/home/keyur/empm809y_cpp/Cpp_projects/RWA3-Group17/rwa3_ws/install/group17/share/group17/package.zsh'
[30.026s] Level 1:colcon.colcon_core.environment:create_file_with_runtime_dependencies(/home/keyur/empm809y_cpp/Cpp_projects/RWA3-Group17/rwa3_ws/install/group17/share/colcon-core/packages/group17)
[30.026s] DEBUG:colcon.colcon_parallel_executor.executor.parallel:closing loop
[30.026s] DEBUG:colcon.colcon_parallel_executor.executor.parallel:loop closed
[30.027s] DEBUG:colcon.colcon_parallel_executor.executor.parallel:run_until_complete finished with '0'
[30.027s] DEBUG:colcon.colcon_core.event_reactor:joining thread
[30.148s] INFO:colcon.colcon_core.plugin_system:Skipping extension 'colcon_notification.desktop_notification.terminal_notifier': Not used on non-Darwin systems
[30.148s] INFO:colcon.colcon_core.plugin_system:Skipping extension 'colcon_notification.desktop_notification.win32': Not used on non-Windows systems
[30.149s] INFO:colcon.colcon_notification.desktop_notification:Sending desktop notification using 'notify2'
[30.197s] DEBUG:colcon.colcon_core.event_reactor:joined thread
[30.277s] INFO:colcon.colcon_core.shell:Creating prefix script '/home/keyur/empm809y_cpp/Cpp_projects/RWA3-Group17/rwa3_ws/install/local_setup.ps1'
[30.278s] INFO:colcon.colcon_core.shell:Creating prefix util module '/home/keyur/empm809y_cpp/Cpp_projects/RWA3-Group17/rwa3_ws/install/_local_setup_util_ps1.py'
[30.293s] INFO:colcon.colcon_core.shell:Creating prefix chain script '/home/keyur/empm809y_cpp/Cpp_projects/RWA3-Group17/rwa3_ws/install/setup.ps1'
[30.347s] INFO:colcon.colcon_core.shell:Creating prefix script '/home/keyur/empm809y_cpp/Cpp_projects/RWA3-Group17/rwa3_ws/install/local_setup.sh'
[30.358s] INFO:colcon.colcon_core.shell:Creating prefix util module '/home/keyur/empm809y_cpp/Cpp_projects/RWA3-Group17/rwa3_ws/install/_local_setup_util_sh.py'
[30.359s] INFO:colcon.colcon_core.shell:Creating prefix chain script '/home/keyur/empm809y_cpp/Cpp_projects/RWA3-Group17/rwa3_ws/install/setup.sh'
[30.410s] INFO:colcon.colcon_core.shell:Creating prefix script '/home/keyur/empm809y_cpp/Cpp_projects/RWA3-Group17/rwa3_ws/install/local_setup.bash'
[30.411s] INFO:colcon.colcon_core.shell:Creating prefix chain script '/home/keyur/empm809y_cpp/Cpp_projects/RWA3-Group17/rwa3_ws/install/setup.bash'
[30.460s] INFO:colcon.colcon_core.shell:Creating prefix script '/home/keyur/empm809y_cpp/Cpp_projects/RWA3-Group17/rwa3_ws/install/local_setup.zsh'
[30.461s] INFO:colcon.colcon_core.shell:Creating prefix chain script '/home/keyur/empm809y_cpp/Cpp_projects/RWA3-Group17/rwa3_ws/install/setup.zsh'
