[2.860s] DEBUG:colcon:Command line arguments: ['/usr/bin/colcon', 'build', '--packages-select', 'group17']
[2.861s] DEBUG:colcon:Parsed command line arguments: Namespace(allow_overriding=[], ament_cmake_args=None, base_paths=['.'], build_base='build', catkin_cmake_args=None, catkin_skip_building_tests=False, cmake_args=None, cmake_clean_cache=False, cmake_clean_first=False, cmake_force_configure=False, cmake_target=None, cmake_target_skip_unavailable=False, continue_on_error=False, event_handlers=None, executor='parallel', ignore_user_meta=False, install_base='install', log_base=None, log_level=None, main=<bound method BuildVerb.main of <colcon_core.verb.build.BuildVerb object at 0x7fe84e7d9280>>, merge_install=False, metas=['./colcon.meta'], packages_above=None, packages_above_and_dependencies=None, packages_above_depth=None, packages_end=None, packages_ignore=None, packages_ignore_regex=None, packages_select=['group17'], packages_select_build_failed=False, packages_select_by_dep=None, packages_select_regex=None, packages_select_test_failures=False, packages_skip=None, packages_skip_build_finished=False, packages_skip_by_dep=None, packages_skip_regex=None, packages_skip_test_passed=False, packages_skip_up_to=None, packages_start=None, packages_up_to=None, packages_up_to_regex=None, parallel_workers=8, paths=None, symlink_install=False, test_result_base=None, verb_extension=<colcon_core.verb.build.BuildVerb object at 0x7fe84e7d9280>, verb_name='build', verb_parser=<colcon_defaults.argument_parser.defaults.DefaultArgumentsDecorator object at 0x7fe84e7d9c40>)
[2.988s] Level 1:colcon.colcon_core.package_discovery:discover_packages(colcon_meta) check parameters
[2.988s] Level 1:colcon.colcon_core.package_discovery:discover_packages(recursive) check parameters
[2.988s] Level 1:colcon.colcon_core.package_discovery:discover_packages(ignore) check parameters
[2.988s] Level 1:colcon.colcon_core.package_discovery:discover_packages(path) check parameters
[2.988s] Level 1:colcon.colcon_core.package_discovery:discover_packages(colcon_meta) discover
[2.988s] Level 1:colcon.colcon_core.package_discovery:discover_packages(recursive) discover
[2.988s] INFO:colcon.colcon_core.package_discovery:Crawling recursively for packages in '/home/keyur/empm809y_cpp/Cpp_projects/RWA3-Group17/rwa3_ws'
[2.988s] Level 1:colcon.colcon_core.package_identification:_identify(.) by extensions ['ignore', 'ignore_ament_install']
[2.989s] Level 1:colcon.colcon_core.package_identification:_identify(.) by extension 'ignore'
[2.989s] Level 1:colcon.colcon_core.package_identification:_identify(.) by extension 'ignore_ament_install'
[2.989s] Level 1:colcon.colcon_core.package_identification:_identify(.) by extensions ['colcon_pkg']
[2.989s] Level 1:colcon.colcon_core.package_identification:_identify(.) by extension 'colcon_pkg'
[2.989s] Level 1:colcon.colcon_core.package_identification:_identify(.) by extensions ['colcon_meta']
[2.989s] Level 1:colcon.colcon_core.package_identification:_identify(.) by extension 'colcon_meta'
[2.989s] Level 1:colcon.colcon_core.package_identification:_identify(.) by extensions ['ros']
[2.989s] Level 1:colcon.colcon_core.package_identification:_identify(.) by extension 'ros'
[3.132s] Level 1:colcon.colcon_core.package_identification:_identify(.) by extensions ['cmake', 'python']
[3.132s] Level 1:colcon.colcon_core.package_identification:_identify(.) by extension 'cmake'
[3.133s] Level 1:colcon.colcon_core.package_identification:_identify(.) by extension 'python'
[3.133s] Level 1:colcon.colcon_core.package_identification:_identify(.) by extensions ['python_setup_py']
[3.133s] Level 1:colcon.colcon_core.package_identification:_identify(.) by extension 'python_setup_py'
[3.133s] Level 1:colcon.colcon_core.package_identification:_identify(build) by extensions ['ignore', 'ignore_ament_install']
[3.133s] Level 1:colcon.colcon_core.package_identification:_identify(build) by extension 'ignore'
[3.133s] Level 1:colcon.colcon_core.package_identification:_identify(build) ignored
[3.133s] Level 1:colcon.colcon_core.package_identification:_identify(install) by extensions ['ignore', 'ignore_ament_install']
[3.133s] Level 1:colcon.colcon_core.package_identification:_identify(install) by extension 'ignore'
[3.133s] Level 1:colcon.colcon_core.package_identification:_identify(install) ignored
[3.134s] Level 1:colcon.colcon_core.package_identification:_identify(log) by extensions ['ignore', 'ignore_ament_install']
[3.134s] Level 1:colcon.colcon_core.package_identification:_identify(log) by extension 'ignore'
[3.134s] Level 1:colcon.colcon_core.package_identification:_identify(log) ignored
[3.134s] Level 1:colcon.colcon_core.package_identification:_identify(src) by extensions ['ignore', 'ignore_ament_install']
[3.134s] Level 1:colcon.colcon_core.package_identification:_identify(src) by extension 'ignore'
[3.134s] Level 1:colcon.colcon_core.package_identification:_identify(src) by extension 'ignore_ament_install'
[3.134s] Level 1:colcon.colcon_core.package_identification:_identify(src) by extensions ['colcon_pkg']
[3.134s] Level 1:colcon.colcon_core.package_identification:_identify(src) by extension 'colcon_pkg'
[3.134s] Level 1:colcon.colcon_core.package_identification:_identify(src) by extensions ['colcon_meta']
[3.134s] Level 1:colcon.colcon_core.package_identification:_identify(src) by extension 'colcon_meta'
[3.135s] Level 1:colcon.colcon_core.package_identification:_identify(src) by extensions ['ros']
[3.135s] Level 1:colcon.colcon_core.package_identification:_identify(src) by extension 'ros'
[3.135s] Level 1:colcon.colcon_core.package_identification:_identify(src) by extensions ['cmake', 'python']
[3.135s] Level 1:colcon.colcon_core.package_identification:_identify(src) by extension 'cmake'
[3.135s] Level 1:colcon.colcon_core.package_identification:_identify(src) by extension 'python'
[3.135s] Level 1:colcon.colcon_core.package_identification:_identify(src) by extensions ['python_setup_py']
[3.135s] Level 1:colcon.colcon_core.package_identification:_identify(src) by extension 'python_setup_py'
[3.135s] Level 1:colcon.colcon_core.package_identification:_identify(src/group17) by extensions ['ignore', 'ignore_ament_install']
[3.135s] Level 1:colcon.colcon_core.package_identification:_identify(src/group17) by extension 'ignore'
[3.135s] Level 1:colcon.colcon_core.package_identification:_identify(src/group17) by extension 'ignore_ament_install'
[3.135s] Level 1:colcon.colcon_core.package_identification:_identify(src/group17) by extensions ['colcon_pkg']
[3.135s] Level 1:colcon.colcon_core.package_identification:_identify(src/group17) by extension 'colcon_pkg'
[3.135s] Level 1:colcon.colcon_core.package_identification:_identify(src/group17) by extensions ['colcon_meta']
[3.136s] Level 1:colcon.colcon_core.package_identification:_identify(src/group17) by extension 'colcon_meta'
[3.136s] Level 1:colcon.colcon_core.package_identification:_identify(src/group17) by extensions ['ros']
[3.136s] Level 1:colcon.colcon_core.package_identification:_identify(src/group17) by extension 'ros'
[3.140s] DEBUG:colcon.colcon_core.package_identification:Package 'src/group17' with type 'ros.ament_cmake' and name 'group17'
[3.141s] Level 1:colcon.colcon_core.package_identification:_identify(src/mage_msgs) by extensions ['ignore', 'ignore_ament_install']
[3.141s] Level 1:colcon.colcon_core.package_identification:_identify(src/mage_msgs) by extension 'ignore'
[3.141s] Level 1:colcon.colcon_core.package_identification:_identify(src/mage_msgs) by extension 'ignore_ament_install'
[3.141s] Level 1:colcon.colcon_core.package_identification:_identify(src/mage_msgs) by extensions ['colcon_pkg']
[3.142s] Level 1:colcon.colcon_core.package_identification:_identify(src/mage_msgs) by extension 'colcon_pkg'
[3.142s] Level 1:colcon.colcon_core.package_identification:_identify(src/mage_msgs) by extensions ['colcon_meta']
[3.142s] Level 1:colcon.colcon_core.package_identification:_identify(src/mage_msgs) by extension 'colcon_meta'
[3.142s] Level 1:colcon.colcon_core.package_identification:_identify(src/mage_msgs) by extensions ['ros']
[3.142s] Level 1:colcon.colcon_core.package_identification:_identify(src/mage_msgs) by extension 'ros'
[3.143s] DEBUG:colcon.colcon_core.package_identification:Package 'src/mage_msgs' with type 'ros.ament_cmake' and name 'mage_msgs'
[3.143s] Level 1:colcon.colcon_core.package_identification:_identify(src/ros2_aruco) by extensions ['ignore', 'ignore_ament_install']
[3.143s] Level 1:colcon.colcon_core.package_identification:_identify(src/ros2_aruco) by extension 'ignore'
[3.143s] Level 1:colcon.colcon_core.package_identification:_identify(src/ros2_aruco) by extension 'ignore_ament_install'
[3.143s] Level 1:colcon.colcon_core.package_identification:_identify(src/ros2_aruco) by extensions ['colcon_pkg']
[3.143s] Level 1:colcon.colcon_core.package_identification:_identify(src/ros2_aruco) by extension 'colcon_pkg'
[3.143s] Level 1:colcon.colcon_core.package_identification:_identify(src/ros2_aruco) by extensions ['colcon_meta']
[3.144s] Level 1:colcon.colcon_core.package_identification:_identify(src/ros2_aruco) by extension 'colcon_meta'
[3.144s] Level 1:colcon.colcon_core.package_identification:_identify(src/ros2_aruco) by extensions ['ros']
[3.144s] Level 1:colcon.colcon_core.package_identification:_identify(src/ros2_aruco) by extension 'ros'
[3.144s] Level 1:colcon.colcon_core.package_identification:_identify(src/ros2_aruco) by extensions ['cmake', 'python']
[3.144s] Level 1:colcon.colcon_core.package_identification:_identify(src/ros2_aruco) by extension 'cmake'
[3.144s] Level 1:colcon.colcon_core.package_identification:_identify(src/ros2_aruco) by extension 'python'
[3.144s] Level 1:colcon.colcon_core.package_identification:_identify(src/ros2_aruco) by extensions ['python_setup_py']
[3.144s] Level 1:colcon.colcon_core.package_identification:_identify(src/ros2_aruco) by extension 'python_setup_py'
[3.144s] Level 1:colcon.colcon_core.package_identification:_identify(src/ros2_aruco/ros2_aruco) by extensions ['ignore', 'ignore_ament_install']
[3.144s] Level 1:colcon.colcon_core.package_identification:_identify(src/ros2_aruco/ros2_aruco) by extension 'ignore'
[3.144s] Level 1:colcon.colcon_core.package_identification:_identify(src/ros2_aruco/ros2_aruco) by extension 'ignore_ament_install'
[3.144s] Level 1:colcon.colcon_core.package_identification:_identify(src/ros2_aruco/ros2_aruco) by extensions ['colcon_pkg']
[3.144s] Level 1:colcon.colcon_core.package_identification:_identify(src/ros2_aruco/ros2_aruco) by extension 'colcon_pkg'
[3.144s] Level 1:colcon.colcon_core.package_identification:_identify(src/ros2_aruco/ros2_aruco) by extensions ['colcon_meta']
[3.144s] Level 1:colcon.colcon_core.package_identification:_identify(src/ros2_aruco/ros2_aruco) by extension 'colcon_meta'
[3.145s] Level 1:colcon.colcon_core.package_identification:_identify(src/ros2_aruco/ros2_aruco) by extensions ['ros']
[3.145s] Level 1:colcon.colcon_core.package_identification:_identify(src/ros2_aruco/ros2_aruco) by extension 'ros'
[3.145s] DEBUG:colcon.colcon_core.package_identification:Package 'src/ros2_aruco/ros2_aruco' with type 'ros.ament_python' and name 'ros2_aruco'
[3.145s] Level 1:colcon.colcon_core.package_identification:_identify(src/ros2_aruco/ros2_aruco_interfaces) by extensions ['ignore', 'ignore_ament_install']
[3.145s] Level 1:colcon.colcon_core.package_identification:_identify(src/ros2_aruco/ros2_aruco_interfaces) by extension 'ignore'
[3.145s] Level 1:colcon.colcon_core.package_identification:_identify(src/ros2_aruco/ros2_aruco_interfaces) by extension 'ignore_ament_install'
[3.146s] Level 1:colcon.colcon_core.package_identification:_identify(src/ros2_aruco/ros2_aruco_interfaces) by extensions ['colcon_pkg']
[3.146s] Level 1:colcon.colcon_core.package_identification:_identify(src/ros2_aruco/ros2_aruco_interfaces) by extension 'colcon_pkg'
[3.146s] Level 1:colcon.colcon_core.package_identification:_identify(src/ros2_aruco/ros2_aruco_interfaces) by extensions ['colcon_meta']
[3.146s] Level 1:colcon.colcon_core.package_identification:_identify(src/ros2_aruco/ros2_aruco_interfaces) by extension 'colcon_meta'
[3.146s] Level 1:colcon.colcon_core.package_identification:_identify(src/ros2_aruco/ros2_aruco_interfaces) by extensions ['ros']
[3.146s] Level 1:colcon.colcon_core.package_identification:_identify(src/ros2_aruco/ros2_aruco_interfaces) by extension 'ros'
[3.147s] DEBUG:colcon.colcon_core.package_identification:Package 'src/ros2_aruco/ros2_aruco_interfaces' with type 'ros.ament_cmake' and name 'ros2_aruco_interfaces'
[3.147s] Level 1:colcon.colcon_core.package_identification:_identify(src/turtlebot3_sensors) by extensions ['ignore', 'ignore_ament_install']
[3.147s] Level 1:colcon.colcon_core.package_identification:_identify(src/turtlebot3_sensors) by extension 'ignore'
[3.147s] Level 1:colcon.colcon_core.package_identification:_identify(src/turtlebot3_sensors) by extension 'ignore_ament_install'
[3.147s] Level 1:colcon.colcon_core.package_identification:_identify(src/turtlebot3_sensors) by extensions ['colcon_pkg']
[3.147s] Level 1:colcon.colcon_core.package_identification:_identify(src/turtlebot3_sensors) by extension 'colcon_pkg'
[3.147s] Level 1:colcon.colcon_core.package_identification:_identify(src/turtlebot3_sensors) by extensions ['colcon_meta']
[3.147s] Level 1:colcon.colcon_core.package_identification:_identify(src/turtlebot3_sensors) by extension 'colcon_meta'
[3.147s] Level 1:colcon.colcon_core.package_identification:_identify(src/turtlebot3_sensors) by extensions ['ros']
[3.147s] Level 1:colcon.colcon_core.package_identification:_identify(src/turtlebot3_sensors) by extension 'ros'
[3.149s] DEBUG:colcon.colcon_core.package_identification:Package 'src/turtlebot3_sensors' with type 'ros.ament_cmake' and name 'turtlebot3_sensors'
[3.149s] Level 1:colcon.colcon_core.package_identification:_identify(src/turtlebot3_simulations) by extensions ['ignore', 'ignore_ament_install']
[3.150s] Level 1:colcon.colcon_core.package_identification:_identify(src/turtlebot3_simulations) by extension 'ignore'
[3.150s] Level 1:colcon.colcon_core.package_identification:_identify(src/turtlebot3_simulations) by extension 'ignore_ament_install'
[3.150s] Level 1:colcon.colcon_core.package_identification:_identify(src/turtlebot3_simulations) by extensions ['colcon_pkg']
[3.150s] Level 1:colcon.colcon_core.package_identification:_identify(src/turtlebot3_simulations) by extension 'colcon_pkg'
[3.150s] Level 1:colcon.colcon_core.package_identification:_identify(src/turtlebot3_simulations) by extensions ['colcon_meta']
[3.150s] Level 1:colcon.colcon_core.package_identification:_identify(src/turtlebot3_simulations) by extension 'colcon_meta'
[3.150s] Level 1:colcon.colcon_core.package_identification:_identify(src/turtlebot3_simulations) by extensions ['ros']
[3.150s] Level 1:colcon.colcon_core.package_identification:_identify(src/turtlebot3_simulations) by extension 'ros'
[3.150s] Level 1:colcon.colcon_core.package_identification:_identify(src/turtlebot3_simulations) by extensions ['cmake', 'python']
[3.150s] Level 1:colcon.colcon_core.package_identification:_identify(src/turtlebot3_simulations) by extension 'cmake'
[3.150s] Level 1:colcon.colcon_core.package_identification:_identify(src/turtlebot3_simulations) by extension 'python'
[3.150s] Level 1:colcon.colcon_core.package_identification:_identify(src/turtlebot3_simulations) by extensions ['python_setup_py']
[3.150s] Level 1:colcon.colcon_core.package_identification:_identify(src/turtlebot3_simulations) by extension 'python_setup_py'
[3.150s] Level 1:colcon.colcon_core.package_identification:_identify(src/turtlebot3_simulations/turtlebot3_fake_node) by extensions ['ignore', 'ignore_ament_install']
[3.151s] Level 1:colcon.colcon_core.package_identification:_identify(src/turtlebot3_simulations/turtlebot3_fake_node) by extension 'ignore'
[3.151s] Level 1:colcon.colcon_core.package_identification:_identify(src/turtlebot3_simulations/turtlebot3_fake_node) by extension 'ignore_ament_install'
[3.151s] Level 1:colcon.colcon_core.package_identification:_identify(src/turtlebot3_simulations/turtlebot3_fake_node) by extensions ['colcon_pkg']
[3.151s] Level 1:colcon.colcon_core.package_identification:_identify(src/turtlebot3_simulations/turtlebot3_fake_node) by extension 'colcon_pkg'
[3.151s] Level 1:colcon.colcon_core.package_identification:_identify(src/turtlebot3_simulations/turtlebot3_fake_node) by extensions ['colcon_meta']
[3.151s] Level 1:colcon.colcon_core.package_identification:_identify(src/turtlebot3_simulations/turtlebot3_fake_node) by extension 'colcon_meta'
[3.151s] Level 1:colcon.colcon_core.package_identification:_identify(src/turtlebot3_simulations/turtlebot3_fake_node) by extensions ['ros']
[3.151s] Level 1:colcon.colcon_core.package_identification:_identify(src/turtlebot3_simulations/turtlebot3_fake_node) by extension 'ros'
[3.152s] DEBUG:colcon.colcon_core.package_identification:Package 'src/turtlebot3_simulations/turtlebot3_fake_node' with type 'ros.ament_cmake' and name 'turtlebot3_fake_node'
[3.152s] Level 1:colcon.colcon_core.package_identification:_identify(src/turtlebot3_simulations/turtlebot3_gazebo) by extensions ['ignore', 'ignore_ament_install']
[3.152s] Level 1:colcon.colcon_core.package_identification:_identify(src/turtlebot3_simulations/turtlebot3_gazebo) by extension 'ignore'
[3.152s] Level 1:colcon.colcon_core.package_identification:_identify(src/turtlebot3_simulations/turtlebot3_gazebo) by extension 'ignore_ament_install'
[3.153s] Level 1:colcon.colcon_core.package_identification:_identify(src/turtlebot3_simulations/turtlebot3_gazebo) by extensions ['colcon_pkg']
[3.153s] Level 1:colcon.colcon_core.package_identification:_identify(src/turtlebot3_simulations/turtlebot3_gazebo) by extension 'colcon_pkg'
[3.153s] Level 1:colcon.colcon_core.package_identification:_identify(src/turtlebot3_simulations/turtlebot3_gazebo) by extensions ['colcon_meta']
[3.153s] Level 1:colcon.colcon_core.package_identification:_identify(src/turtlebot3_simulations/turtlebot3_gazebo) by extension 'colcon_meta'
[3.153s] Level 1:colcon.colcon_core.package_identification:_identify(src/turtlebot3_simulations/turtlebot3_gazebo) by extensions ['ros']
[3.153s] Level 1:colcon.colcon_core.package_identification:_identify(src/turtlebot3_simulations/turtlebot3_gazebo) by extension 'ros'
[3.154s] DEBUG:colcon.colcon_core.package_identification:Package 'src/turtlebot3_simulations/turtlebot3_gazebo' with type 'ros.ament_cmake' and name 'turtlebot3_gazebo'
[3.154s] Level 1:colcon.colcon_core.package_identification:_identify(src/turtlebot3_simulations/turtlebot3_simulations) by extensions ['ignore', 'ignore_ament_install']
[3.154s] Level 1:colcon.colcon_core.package_identification:_identify(src/turtlebot3_simulations/turtlebot3_simulations) by extension 'ignore'
[3.154s] Level 1:colcon.colcon_core.package_identification:_identify(src/turtlebot3_simulations/turtlebot3_simulations) by extension 'ignore_ament_install'
[3.154s] Level 1:colcon.colcon_core.package_identification:_identify(src/turtlebot3_simulations/turtlebot3_simulations) by extensions ['colcon_pkg']
[3.154s] Level 1:colcon.colcon_core.package_identification:_identify(src/turtlebot3_simulations/turtlebot3_simulations) by extension 'colcon_pkg'
[3.154s] Level 1:colcon.colcon_core.package_identification:_identify(src/turtlebot3_simulations/turtlebot3_simulations) by extensions ['colcon_meta']
[3.154s] Level 1:colcon.colcon_core.package_identification:_identify(src/turtlebot3_simulations/turtlebot3_simulations) by extension 'colcon_meta'
[3.154s] Level 1:colcon.colcon_core.package_identification:_identify(src/turtlebot3_simulations/turtlebot3_simulations) by extensions ['ros']
[3.154s] Level 1:colcon.colcon_core.package_identification:_identify(src/turtlebot3_simulations/turtlebot3_simulations) by extension 'ros'
[3.156s] DEBUG:colcon.colcon_core.package_identification:Package 'src/turtlebot3_simulations/turtlebot3_simulations' with type 'ros.ament_cmake' and name 'turtlebot3_simulations'
[3.157s] Level 1:colcon.colcon_core.package_discovery:discover_packages(recursive) using defaults
[3.157s] Level 1:colcon.colcon_core.package_discovery:discover_packages(ignore) discover
[3.157s] Level 1:colcon.colcon_core.package_discovery:discover_packages(ignore) using defaults
[3.157s] Level 1:colcon.colcon_core.package_discovery:discover_packages(path) discover
[3.157s] Level 1:colcon.colcon_core.package_discovery:discover_packages(path) using defaults
[3.389s] INFO:colcon.colcon_core.package_selection:Skipping not selected package 'mage_msgs' in 'src/mage_msgs'
[3.389s] INFO:colcon.colcon_core.package_selection:Skipping not selected package 'ros2_aruco' in 'src/ros2_aruco/ros2_aruco'
[3.389s] INFO:colcon.colcon_core.package_selection:Skipping not selected package 'ros2_aruco_interfaces' in 'src/ros2_aruco/ros2_aruco_interfaces'
[3.389s] INFO:colcon.colcon_core.package_selection:Skipping not selected package 'turtlebot3_fake_node' in 'src/turtlebot3_simulations/turtlebot3_fake_node'
[3.389s] INFO:colcon.colcon_core.package_selection:Skipping not selected package 'turtlebot3_gazebo' in 'src/turtlebot3_simulations/turtlebot3_gazebo'
[3.389s] INFO:colcon.colcon_core.package_selection:Skipping not selected package 'turtlebot3_sensors' in 'src/turtlebot3_sensors'
[3.389s] INFO:colcon.colcon_core.package_selection:Skipping not selected package 'turtlebot3_simulations' in 'src/turtlebot3_simulations/turtlebot3_simulations'
[3.553s] Level 1:colcon.colcon_core.package_discovery:discover_packages(prefix_path) check parameters
[3.553s] Level 1:colcon.colcon_core.package_discovery:discover_packages(prefix_path) discover
[3.675s] DEBUG:colcon.colcon_installed_package_information.package_discovery:Found 8 installed packages in /home/keyur/empm809y_cpp/Cpp_projects/RWA3-Group17/rwa3_ws/install
[3.721s] DEBUG:colcon.colcon_installed_package_information.package_discovery:Found 3 installed packages in /home/keyur/empm809y_cpp/Cpp_projects/ROS2learn/rosprac809_ws/install
[3.766s] DEBUG:colcon.colcon_installed_package_information.package_discovery:Found 2 installed packages in /home/keyur/ros809_ws/install
[3.810s] DEBUG:colcon.colcon_installed_package_information.package_discovery:Found 329 installed packages in /opt/ros/galactic
[3.811s] Level 1:colcon.colcon_core.package_discovery:discover_packages(prefix_path) using defaults
[4.003s] Level 5:colcon.colcon_core.verb:set package 'group17' build argument 'cmake_args' from command line to 'None'
[4.003s] Level 5:colcon.colcon_core.verb:set package 'group17' build argument 'cmake_target' from command line to 'None'
[4.003s] Level 5:colcon.colcon_core.verb:set package 'group17' build argument 'cmake_target_skip_unavailable' from command line to 'False'
[4.003s] Level 5:colcon.colcon_core.verb:set package 'group17' build argument 'cmake_clean_cache' from command line to 'False'
[4.003s] Level 5:colcon.colcon_core.verb:set package 'group17' build argument 'cmake_clean_first' from command line to 'False'
[4.003s] Level 5:colcon.colcon_core.verb:set package 'group17' build argument 'cmake_force_configure' from command line to 'False'
[4.003s] Level 5:colcon.colcon_core.verb:set package 'group17' build argument 'ament_cmake_args' from command line to 'None'
[4.003s] Level 5:colcon.colcon_core.verb:set package 'group17' build argument 'catkin_cmake_args' from command line to 'None'
[4.003s] Level 5:colcon.colcon_core.verb:set package 'group17' build argument 'catkin_skip_building_tests' from command line to 'False'
[4.003s] DEBUG:colcon.colcon_core.verb:Building package 'group17' with the following arguments: {'ament_cmake_args': None, 'build_base': '/home/keyur/empm809y_cpp/Cpp_projects/RWA3-Group17/rwa3_ws/build/group17', 'catkin_cmake_args': None, 'catkin_skip_building_tests': False, 'cmake_args': None, 'cmake_clean_cache': False, 'cmake_clean_first': False, 'cmake_force_configure': False, 'cmake_target': None, 'cmake_target_skip_unavailable': False, 'install_base': '/home/keyur/empm809y_cpp/Cpp_projects/RWA3-Group17/rwa3_ws/install/group17', 'merge_install': False, 'path': '/home/keyur/empm809y_cpp/Cpp_projects/RWA3-Group17/rwa3_ws/src/group17', 'symlink_install': False, 'test_result_base': None}
[4.049s] INFO:colcon.colcon_core.executor:Executing jobs using 'parallel' executor
[4.093s] DEBUG:colcon.colcon_parallel_executor.executor.parallel:run_until_complete
[4.094s] INFO:colcon.colcon_ros.task.ament_cmake.build:Building ROS package in '/home/keyur/empm809y_cpp/Cpp_projects/RWA3-Group17/rwa3_ws/src/group17' with build type 'ament_cmake'
[4.094s] INFO:colcon.colcon_cmake.task.cmake.build:Building CMake package in '/home/keyur/empm809y_cpp/Cpp_projects/RWA3-Group17/rwa3_ws/src/group17'
[4.146s] INFO:colcon.colcon_core.plugin_system:Skipping extension 'colcon_core.shell.bat': Not used on non-Windows systems
[4.147s] INFO:colcon.colcon_core.shell:Skip shell extension 'powershell' for command environment: Not usable outside of PowerShell
[4.147s] DEBUG:colcon.colcon_core.shell:Skip shell extension 'dsv' for command environment
[4.473s] DEBUG:colcon.colcon_core.event_handler.log_command:Invoking command in '/home/keyur/empm809y_cpp/Cpp_projects/RWA3-Group17/rwa3_ws/build/group17': AMENT_PREFIX_PATH=/home/keyur/empm809y_cpp/Cpp_projects/RWA3-Group17/rwa3_ws/install/mage_msgs:${AMENT_PREFIX_PATH} CMAKE_PREFIX_PATH=/home/keyur/empm809y_cpp/Cpp_projects/RWA3-Group17/rwa3_ws/install/turtlebot3_simulations:/home/keyur/empm809y_cpp/Cpp_projects/RWA3-Group17/rwa3_ws/install/turtlebot3_gazebo:/home/keyur/empm809y_cpp/Cpp_projects/RWA3-Group17/rwa3_ws/install/turtlebot3_fake_node:/home/keyur/empm809y_cpp/Cpp_projects/RWA3-Group17/rwa3_ws/install/ros2_aruco_interfaces:/home/keyur/empm809y_cpp/Cpp_projects/RWA3-Group17/rwa3_ws/install/mage_msgs:/home/keyur/empm809y_cpp/Cpp_projects/RWA3-Group17/rwa3_ws/install/turtlebot3_sensors:/home/keyur/empm809y_cpp/Cpp_projects/RWA3-Group17/rwa3_ws/install/group17:/home/keyur/empm809y_cpp/Cpp_projects/ROS2learn/rosprac809_ws/install/my_first_package:/home/keyur/empm809y_cpp/Cpp_projects/ROS2learn/rosprac809_ws/install/automated_vehicle:/home/keyur/empm809y_cpp/Cpp_projects/ROS2learn/rosprac809_ws/install/av_msgs:/home/keyur/ros809_ws/install/first_package:/home/keyur/ros809_ws/install/automated_vehicle:/home/keyur/empm809y_cpp/Cpp_projects/RWA3-Group17/rwa3_ws/install/ros2_aruco:/opt/ros/galactic LD_LIBRARY_PATH=/home/keyur/empm809y_cpp/Cpp_projects/RWA3-Group17/rwa3_ws/install/ros2_aruco_interfaces/lib:/home/keyur/empm809y_cpp/Cpp_projects/RWA3-Group17/rwa3_ws/install/mage_msgs/lib:/home/keyur/empm809y_cpp/Cpp_projects/RWA3-Group17/rwa3_ws/install/turtlebot3_sensors/lib:/home/keyur/empm809y_cpp/Cpp_projects/ROS2learn/rosprac809_ws/install/av_msgs/lib:/usr/lib/x86_64-linux-gnu/gazebo-11/plugins:/opt/ros/galactic/opt/yaml_cpp_vendor/lib:/opt/ros/galactic/opt/rviz_ogre_vendor/lib:/opt/ros/galactic/lib/x86_64-linux-gnu:/opt/ros/galactic/lib PYTHONPATH=/home/keyur/empm809y_cpp/Cpp_projects/RWA3-Group17/rwa3_ws/install/turtlebot3_gazebo/lib/python3.8/site-packages:/home/keyur/empm809y_cpp/Cpp_projects/RWA3-Group17/rwa3_ws/install/ros2_aruco_interfaces/lib/python3.8/site-packages:/home/keyur/empm809y_cpp/Cpp_projects/RWA3-Group17/rwa3_ws/install/mage_msgs/lib/python3.8/site-packages:/home/keyur/empm809y_cpp/Cpp_projects/RWA3-Group17/rwa3_ws/install/ros2_aruco/lib/python3.8/site-packages:/home/keyur/empm809y_cpp/Cpp_projects/ROS2learn/rosprac809_ws/install/av_msgs/lib/python3.8/site-packages:/opt/ros/galactic/lib/python3.8/site-packages /usr/bin/cmake --build /home/keyur/empm809y_cpp/Cpp_projects/RWA3-Group17/rwa3_ws/build/group17 -- -j8 -l8
[20.354s] DEBUG:colcon.colcon_core.event_handler.log_command:Invoked command in '/home/keyur/empm809y_cpp/Cpp_projects/RWA3-Group17/rwa3_ws/build/group17' returned '0': AMENT_PREFIX_PATH=/home/keyur/empm809y_cpp/Cpp_projects/RWA3-Group17/rwa3_ws/install/mage_msgs:${AMENT_PREFIX_PATH} CMAKE_PREFIX_PATH=/home/keyur/empm809y_cpp/Cpp_projects/RWA3-Group17/rwa3_ws/install/turtlebot3_simulations:/home/keyur/empm809y_cpp/Cpp_projects/RWA3-Group17/rwa3_ws/install/turtlebot3_gazebo:/home/keyur/empm809y_cpp/Cpp_projects/RWA3-Group17/rwa3_ws/install/turtlebot3_fake_node:/home/keyur/empm809y_cpp/Cpp_projects/RWA3-Group17/rwa3_ws/install/ros2_aruco_interfaces:/home/keyur/empm809y_cpp/Cpp_projects/RWA3-Group17/rwa3_ws/install/mage_msgs:/home/keyur/empm809y_cpp/Cpp_projects/RWA3-Group17/rwa3_ws/install/turtlebot3_sensors:/home/keyur/empm809y_cpp/Cpp_projects/RWA3-Group17/rwa3_ws/install/group17:/home/keyur/empm809y_cpp/Cpp_projects/ROS2learn/rosprac809_ws/install/my_first_package:/home/keyur/empm809y_cpp/Cpp_projects/ROS2learn/rosprac809_ws/install/automated_vehicle:/home/keyur/empm809y_cpp/Cpp_projects/ROS2learn/rosprac809_ws/install/av_msgs:/home/keyur/ros809_ws/install/first_package:/home/keyur/ros809_ws/install/automated_vehicle:/home/keyur/empm809y_cpp/Cpp_projects/RWA3-Group17/rwa3_ws/install/ros2_aruco:/opt/ros/galactic LD_LIBRARY_PATH=/home/keyur/empm809y_cpp/Cpp_projects/RWA3-Group17/rwa3_ws/install/ros2_aruco_interfaces/lib:/home/keyur/empm809y_cpp/Cpp_projects/RWA3-Group17/rwa3_ws/install/mage_msgs/lib:/home/keyur/empm809y_cpp/Cpp_projects/RWA3-Group17/rwa3_ws/install/turtlebot3_sensors/lib:/home/keyur/empm809y_cpp/Cpp_projects/ROS2learn/rosprac809_ws/install/av_msgs/lib:/usr/lib/x86_64-linux-gnu/gazebo-11/plugins:/opt/ros/galactic/opt/yaml_cpp_vendor/lib:/opt/ros/galactic/opt/rviz_ogre_vendor/lib:/opt/ros/galactic/lib/x86_64-linux-gnu:/opt/ros/galactic/lib PYTHONPATH=/home/keyur/empm809y_cpp/Cpp_projects/RWA3-Group17/rwa3_ws/install/turtlebot3_gazebo/lib/python3.8/site-packages:/home/keyur/empm809y_cpp/Cpp_projects/RWA3-Group17/rwa3_ws/install/ros2_aruco_interfaces/lib/python3.8/site-packages:/home/keyur/empm809y_cpp/Cpp_projects/RWA3-Group17/rwa3_ws/install/mage_msgs/lib/python3.8/site-packages:/home/keyur/empm809y_cpp/Cpp_projects/RWA3-Group17/rwa3_ws/install/ros2_aruco/lib/python3.8/site-packages:/home/keyur/empm809y_cpp/Cpp_projects/ROS2learn/rosprac809_ws/install/av_msgs/lib/python3.8/site-packages:/opt/ros/galactic/lib/python3.8/site-packages /usr/bin/cmake --build /home/keyur/empm809y_cpp/Cpp_projects/RWA3-Group17/rwa3_ws/build/group17 -- -j8 -l8
[20.411s] DEBUG:colcon.colcon_core.event_handler.log_command:Invoking command in '/home/keyur/empm809y_cpp/Cpp_projects/RWA3-Group17/rwa3_ws/build/group17': AMENT_PREFIX_PATH=/home/keyur/empm809y_cpp/Cpp_projects/RWA3-Group17/rwa3_ws/install/mage_msgs:${AMENT_PREFIX_PATH} CMAKE_PREFIX_PATH=/home/keyur/empm809y_cpp/Cpp_projects/RWA3-Group17/rwa3_ws/install/turtlebot3_simulations:/home/keyur/empm809y_cpp/Cpp_projects/RWA3-Group17/rwa3_ws/install/turtlebot3_gazebo:/home/keyur/empm809y_cpp/Cpp_projects/RWA3-Group17/rwa3_ws/install/turtlebot3_fake_node:/home/keyur/empm809y_cpp/Cpp_projects/RWA3-Group17/rwa3_ws/install/ros2_aruco_interfaces:/home/keyur/empm809y_cpp/Cpp_projects/RWA3-Group17/rwa3_ws/install/mage_msgs:/home/keyur/empm809y_cpp/Cpp_projects/RWA3-Group17/rwa3_ws/install/turtlebot3_sensors:/home/keyur/empm809y_cpp/Cpp_projects/RWA3-Group17/rwa3_ws/install/group17:/home/keyur/empm809y_cpp/Cpp_projects/ROS2learn/rosprac809_ws/install/my_first_package:/home/keyur/empm809y_cpp/Cpp_projects/ROS2learn/rosprac809_ws/install/automated_vehicle:/home/keyur/empm809y_cpp/Cpp_projects/ROS2learn/rosprac809_ws/install/av_msgs:/home/keyur/ros809_ws/install/first_package:/home/keyur/ros809_ws/install/automated_vehicle:/home/keyur/empm809y_cpp/Cpp_projects/RWA3-Group17/rwa3_ws/install/ros2_aruco:/opt/ros/galactic LD_LIBRARY_PATH=/home/keyur/empm809y_cpp/Cpp_projects/RWA3-Group17/rwa3_ws/install/ros2_aruco_interfaces/lib:/home/keyur/empm809y_cpp/Cpp_projects/RWA3-Group17/rwa3_ws/install/mage_msgs/lib:/home/keyur/empm809y_cpp/Cpp_projects/RWA3-Group17/rwa3_ws/install/turtlebot3_sensors/lib:/home/keyur/empm809y_cpp/Cpp_projects/ROS2learn/rosprac809_ws/install/av_msgs/lib:/usr/lib/x86_64-linux-gnu/gazebo-11/plugins:/opt/ros/galactic/opt/yaml_cpp_vendor/lib:/opt/ros/galactic/opt/rviz_ogre_vendor/lib:/opt/ros/galactic/lib/x86_64-linux-gnu:/opt/ros/galactic/lib PYTHONPATH=/home/keyur/empm809y_cpp/Cpp_projects/RWA3-Group17/rwa3_ws/install/turtlebot3_gazebo/lib/python3.8/site-packages:/home/keyur/empm809y_cpp/Cpp_projects/RWA3-Group17/rwa3_ws/install/ros2_aruco_interfaces/lib/python3.8/site-packages:/home/keyur/empm809y_cpp/Cpp_projects/RWA3-Group17/rwa3_ws/install/mage_msgs/lib/python3.8/site-packages:/home/keyur/empm809y_cpp/Cpp_projects/RWA3-Group17/rwa3_ws/install/ros2_aruco/lib/python3.8/site-packages:/home/keyur/empm809y_cpp/Cpp_projects/ROS2learn/rosprac809_ws/install/av_msgs/lib/python3.8/site-packages:/opt/ros/galactic/lib/python3.8/site-packages /usr/bin/cmake --install /home/keyur/empm809y_cpp/Cpp_projects/RWA3-Group17/rwa3_ws/build/group17
[20.435s] Level 1:colcon.colcon_core.environment:create_environment_scripts_only(group17)
[20.436s] DEBUG:colcon.colcon_core.event_handler.log_command:Invoked command in '/home/keyur/empm809y_cpp/Cpp_projects/RWA3-Group17/rwa3_ws/build/group17' returned '0': AMENT_PREFIX_PATH=/home/keyur/empm809y_cpp/Cpp_projects/RWA3-Group17/rwa3_ws/install/mage_msgs:${AMENT_PREFIX_PATH} CMAKE_PREFIX_PATH=/home/keyur/empm809y_cpp/Cpp_projects/RWA3-Group17/rwa3_ws/install/turtlebot3_simulations:/home/keyur/empm809y_cpp/Cpp_projects/RWA3-Group17/rwa3_ws/install/turtlebot3_gazebo:/home/keyur/empm809y_cpp/Cpp_projects/RWA3-Group17/rwa3_ws/install/turtlebot3_fake_node:/home/keyur/empm809y_cpp/Cpp_projects/RWA3-Group17/rwa3_ws/install/ros2_aruco_interfaces:/home/keyur/empm809y_cpp/Cpp_projects/RWA3-Group17/rwa3_ws/install/mage_msgs:/home/keyur/empm809y_cpp/Cpp_projects/RWA3-Group17/rwa3_ws/install/turtlebot3_sensors:/home/keyur/empm809y_cpp/Cpp_projects/RWA3-Group17/rwa3_ws/install/group17:/home/keyur/empm809y_cpp/Cpp_projects/ROS2learn/rosprac809_ws/install/my_first_package:/home/keyur/empm809y_cpp/Cpp_projects/ROS2learn/rosprac809_ws/install/automated_vehicle:/home/keyur/empm809y_cpp/Cpp_projects/ROS2learn/rosprac809_ws/install/av_msgs:/home/keyur/ros809_ws/install/first_package:/home/keyur/ros809_ws/install/automated_vehicle:/home/keyur/empm809y_cpp/Cpp_projects/RWA3-Group17/rwa3_ws/install/ros2_aruco:/opt/ros/galactic LD_LIBRARY_PATH=/home/keyur/empm809y_cpp/Cpp_projects/RWA3-Group17/rwa3_ws/install/ros2_aruco_interfaces/lib:/home/keyur/empm809y_cpp/Cpp_projects/RWA3-Group17/rwa3_ws/install/mage_msgs/lib:/home/keyur/empm809y_cpp/Cpp_projects/RWA3-Group17/rwa3_ws/install/turtlebot3_sensors/lib:/home/keyur/empm809y_cpp/Cpp_projects/ROS2learn/rosprac809_ws/install/av_msgs/lib:/usr/lib/x86_64-linux-gnu/gazebo-11/plugins:/opt/ros/galactic/opt/yaml_cpp_vendor/lib:/opt/ros/galactic/opt/rviz_ogre_vendor/lib:/opt/ros/galactic/lib/x86_64-linux-gnu:/opt/ros/galactic/lib PYTHONPATH=/home/keyur/empm809y_cpp/Cpp_projects/RWA3-Group17/rwa3_ws/install/turtlebot3_gazebo/lib/python3.8/site-packages:/home/keyur/empm809y_cpp/Cpp_projects/RWA3-Group17/rwa3_ws/install/ros2_aruco_interfaces/lib/python3.8/site-packages:/home/keyur/empm809y_cpp/Cpp_projects/RWA3-Group17/rwa3_ws/install/mage_msgs/lib/python3.8/site-packages:/home/keyur/empm809y_cpp/Cpp_projects/RWA3-Group17/rwa3_ws/install/ros2_aruco/lib/python3.8/site-packages:/home/keyur/empm809y_cpp/Cpp_projects/ROS2learn/rosprac809_ws/install/av_msgs/lib/python3.8/site-packages:/opt/ros/galactic/lib/python3.8/site-packages /usr/bin/cmake --install /home/keyur/empm809y_cpp/Cpp_projects/RWA3-Group17/rwa3_ws/build/group17
[20.506s] Level 1:colcon.colcon_core.environment:checking '/home/keyur/empm809y_cpp/Cpp_projects/RWA3-Group17/rwa3_ws/install/group17' for CMake module files
[20.507s] Level 1:colcon.colcon_core.environment:checking '/home/keyur/empm809y_cpp/Cpp_projects/RWA3-Group17/rwa3_ws/install/group17' for CMake config files
[20.507s] Level 1:colcon.colcon_core.shell:create_environment_hook('group17', 'cmake_prefix_path')
[20.557s] INFO:colcon.colcon_core.shell:Creating environment hook '/home/keyur/empm809y_cpp/Cpp_projects/RWA3-Group17/rwa3_ws/install/group17/share/group17/hook/cmake_prefix_path.ps1'
[20.559s] INFO:colcon.colcon_core.shell:Creating environment descriptor '/home/keyur/empm809y_cpp/Cpp_projects/RWA3-Group17/rwa3_ws/install/group17/share/group17/hook/cmake_prefix_path.dsv'
[20.559s] INFO:colcon.colcon_core.shell:Creating environment hook '/home/keyur/empm809y_cpp/Cpp_projects/RWA3-Group17/rwa3_ws/install/group17/share/group17/hook/cmake_prefix_path.sh'
[20.561s] Level 1:colcon.colcon_core.environment:checking '/home/keyur/empm809y_cpp/Cpp_projects/RWA3-Group17/rwa3_ws/install/group17/lib'
[20.561s] Level 1:colcon.colcon_core.environment:checking '/home/keyur/empm809y_cpp/Cpp_projects/RWA3-Group17/rwa3_ws/install/group17/bin'
[20.561s] Level 1:colcon.colcon_core.environment:checking '/home/keyur/empm809y_cpp/Cpp_projects/RWA3-Group17/rwa3_ws/install/group17/lib/pkgconfig/group17.pc'
[20.561s] Level 1:colcon.colcon_core.environment:checking '/home/keyur/empm809y_cpp/Cpp_projects/RWA3-Group17/rwa3_ws/install/group17/lib/python3.8/site-packages'
[20.561s] Level 1:colcon.colcon_core.environment:checking '/home/keyur/empm809y_cpp/Cpp_projects/RWA3-Group17/rwa3_ws/install/group17/bin'
[20.609s] INFO:colcon.colcon_core.shell:Creating package script '/home/keyur/empm809y_cpp/Cpp_projects/RWA3-Group17/rwa3_ws/install/group17/share/group17/package.ps1'
[20.610s] INFO:colcon.colcon_core.shell:Creating package descriptor '/home/keyur/empm809y_cpp/Cpp_projects/RWA3-Group17/rwa3_ws/install/group17/share/group17/package.dsv'
[20.611s] INFO:colcon.colcon_core.shell:Creating package script '/home/keyur/empm809y_cpp/Cpp_projects/RWA3-Group17/rwa3_ws/install/group17/share/group17/package.sh'
[20.612s] INFO:colcon.colcon_core.shell:Creating package script '/home/keyur/empm809y_cpp/Cpp_projects/RWA3-Group17/rwa3_ws/install/group17/share/group17/package.bash'
[20.612s] INFO:colcon.colcon_core.shell:Creating package script '/home/keyur/empm809y_cpp/Cpp_projects/RWA3-Group17/rwa3_ws/install/group17/share/group17/package.zsh'
[20.613s] Level 1:colcon.colcon_core.environment:create_file_with_runtime_dependencies(/home/keyur/empm809y_cpp/Cpp_projects/RWA3-Group17/rwa3_ws/install/group17/share/colcon-core/packages/group17)
[20.705s] Level 1:colcon.colcon_core.environment:create_environment_scripts_only(group17)
[20.757s] Level 1:colcon.colcon_core.environment:checking '/home/keyur/empm809y_cpp/Cpp_projects/RWA3-Group17/rwa3_ws/install/group17' for CMake module files
[20.758s] Level 1:colcon.colcon_core.environment:checking '/home/keyur/empm809y_cpp/Cpp_projects/RWA3-Group17/rwa3_ws/install/group17' for CMake config files
[20.758s] Level 1:colcon.colcon_core.shell:create_environment_hook('group17', 'cmake_prefix_path')
[20.811s] INFO:colcon.colcon_core.shell:Creating environment hook '/home/keyur/empm809y_cpp/Cpp_projects/RWA3-Group17/rwa3_ws/install/group17/share/group17/hook/cmake_prefix_path.ps1'
[20.812s] INFO:colcon.colcon_core.shell:Creating environment descriptor '/home/keyur/empm809y_cpp/Cpp_projects/RWA3-Group17/rwa3_ws/install/group17/share/group17/hook/cmake_prefix_path.dsv'
[20.812s] INFO:colcon.colcon_core.shell:Creating environment hook '/home/keyur/empm809y_cpp/Cpp_projects/RWA3-Group17/rwa3_ws/install/group17/share/group17/hook/cmake_prefix_path.sh'
[20.813s] Level 1:colcon.colcon_core.environment:checking '/home/keyur/empm809y_cpp/Cpp_projects/RWA3-Group17/rwa3_ws/install/group17/lib'
[20.813s] Level 1:colcon.colcon_core.environment:checking '/home/keyur/empm809y_cpp/Cpp_projects/RWA3-Group17/rwa3_ws/install/group17/bin'
[20.813s] Level 1:colcon.colcon_core.environment:checking '/home/keyur/empm809y_cpp/Cpp_projects/RWA3-Group17/rwa3_ws/install/group17/lib/pkgconfig/group17.pc'
[20.813s] Level 1:colcon.colcon_core.environment:checking '/home/keyur/empm809y_cpp/Cpp_projects/RWA3-Group17/rwa3_ws/install/group17/lib/python3.8/site-packages'
[20.813s] Level 1:colcon.colcon_core.environment:checking '/home/keyur/empm809y_cpp/Cpp_projects/RWA3-Group17/rwa3_ws/install/group17/bin'
[20.863s] INFO:colcon.colcon_core.shell:Creating package script '/home/keyur/empm809y_cpp/Cpp_projects/RWA3-Group17/rwa3_ws/install/group17/share/group17/package.ps1'
[20.864s] INFO:colcon.colcon_core.shell:Creating package descriptor '/home/keyur/empm809y_cpp/Cpp_projects/RWA3-Group17/rwa3_ws/install/group17/share/group17/package.dsv'
[20.865s] INFO:colcon.colcon_core.shell:Creating package script '/home/keyur/empm809y_cpp/Cpp_projects/RWA3-Group17/rwa3_ws/install/group17/share/group17/package.sh'
[20.865s] INFO:colcon.colcon_core.shell:Creating package script '/home/keyur/empm809y_cpp/Cpp_projects/RWA3-Group17/rwa3_ws/install/group17/share/group17/package.bash'
[20.865s] INFO:colcon.colcon_core.shell:Creating package script '/home/keyur/empm809y_cpp/Cpp_projects/RWA3-Group17/rwa3_ws/install/group17/share/group17/package.zsh'
[20.866s] Level 1:colcon.colcon_core.environment:create_file_with_runtime_dependencies(/home/keyur/empm809y_cpp/Cpp_projects/RWA3-Group17/rwa3_ws/install/group17/share/colcon-core/packages/group17)
[20.866s] DEBUG:colcon.colcon_parallel_executor.executor.parallel:closing loop
[20.866s] DEBUG:colcon.colcon_parallel_executor.executor.parallel:loop closed
[20.867s] DEBUG:colcon.colcon_parallel_executor.executor.parallel:run_until_complete finished with '0'
[20.867s] DEBUG:colcon.colcon_core.event_reactor:joining thread
[20.996s] INFO:colcon.colcon_core.plugin_system:Skipping extension 'colcon_notification.desktop_notification.terminal_notifier': Not used on non-Darwin systems
[20.996s] INFO:colcon.colcon_core.plugin_system:Skipping extension 'colcon_notification.desktop_notification.win32': Not used on non-Windows systems
[20.996s] INFO:colcon.colcon_notification.desktop_notification:Sending desktop notification using 'notify2'
[21.020s] DEBUG:colcon.colcon_core.event_reactor:joined thread
[21.102s] INFO:colcon.colcon_core.shell:Creating prefix script '/home/keyur/empm809y_cpp/Cpp_projects/RWA3-Group17/rwa3_ws/install/local_setup.ps1'
[21.103s] INFO:colcon.colcon_core.shell:Creating prefix util module '/home/keyur/empm809y_cpp/Cpp_projects/RWA3-Group17/rwa3_ws/install/_local_setup_util_ps1.py'
[21.106s] INFO:colcon.colcon_core.shell:Creating prefix chain script '/home/keyur/empm809y_cpp/Cpp_projects/RWA3-Group17/rwa3_ws/install/setup.ps1'
[21.181s] INFO:colcon.colcon_core.shell:Creating prefix script '/home/keyur/empm809y_cpp/Cpp_projects/RWA3-Group17/rwa3_ws/install/local_setup.sh'
[21.182s] INFO:colcon.colcon_core.shell:Creating prefix util module '/home/keyur/empm809y_cpp/Cpp_projects/RWA3-Group17/rwa3_ws/install/_local_setup_util_sh.py'
[21.182s] INFO:colcon.colcon_core.shell:Creating prefix chain script '/home/keyur/empm809y_cpp/Cpp_projects/RWA3-Group17/rwa3_ws/install/setup.sh'
[21.260s] INFO:colcon.colcon_core.shell:Creating prefix script '/home/keyur/empm809y_cpp/Cpp_projects/RWA3-Group17/rwa3_ws/install/local_setup.bash'
[21.260s] INFO:colcon.colcon_core.shell:Creating prefix chain script '/home/keyur/empm809y_cpp/Cpp_projects/RWA3-Group17/rwa3_ws/install/setup.bash'
[21.310s] INFO:colcon.colcon_core.shell:Creating prefix script '/home/keyur/empm809y_cpp/Cpp_projects/RWA3-Group17/rwa3_ws/install/local_setup.zsh'
[21.311s] INFO:colcon.colcon_core.shell:Creating prefix chain script '/home/keyur/empm809y_cpp/Cpp_projects/RWA3-Group17/rwa3_ws/install/setup.zsh'
