[35m[1mScanning dependencies of target my_robot_node[0m
[ 50%] Built target listener
[ 66%] [32mBuilding CXX object CMakeFiles/my_robot_node.dir/src/my_robot_node.cpp.o[0m
[01m[K/home/keyur/empm809y_cpp/Cpp_projects/RWA3-Group17/rwa3_ws/src/group17/src/my_robot_node.cpp:195:76:[m[K [01;35m[Kwarning: [m[Kcharacter constant too long for its type
  195 |             RCLCPP_INFO_STREAM(this->get_logger(), 'Added part to the list'[01;35m[K)[m[K;
      |                                                                            [01;35m[K^[m[K
In file included from [01m[K/usr/include/c++/9/bits/stl_algobase.h:71[m[K,
                 from [01m[K/usr/include/c++/9/bits/specfun.h:45[m[K,
                 from [01m[K/usr/include/c++/9/cmath:1927[m[K,
                 from [01m[K/home/keyur/empm809y_cpp/Cpp_projects/RWA3-Group17/rwa3_ws/src/group17/include/group17/my_robot_node.hpp:3[m[K,
                 from [01m[K/home/keyur/empm809y_cpp/Cpp_projects/RWA3-Group17/rwa3_ws/src/group17/src/my_robot_node.cpp:1[m[K:
/usr/include/c++/9/bits/predefined_ops.h: In instantiation of ‘[01m[Kbool __gnu_cxx::__ops::_Iter_pred<_Predicate>::operator()(_Iterator) [with _Iterator = __gnu_cxx::__normal_iterator<std::vector<double, std::allocator<double> >*, std::vector<std::vector<double, std::allocator<double> > > >; _Predicate = MyRobotNode::detected_part_locations(std::vector<double, std::allocator<double> >)::<lambda(const std::vector<int>&)>][m[K’:
[01m[K/usr/include/c++/9/bits/stl_algo.h:120:14:[m[K   required from ‘[01m[K_RandomAccessIterator std::__find_if(_RandomAccessIterator, _RandomAccessIterator, _Predicate, std::random_access_iterator_tag) [with _RandomAccessIterator = __gnu_cxx::__normal_iterator<std::vector<double, std::allocator<double> >*, std::vector<std::vector<double, std::allocator<double> > > >; _Predicate = __gnu_cxx::__ops::_Iter_pred<MyRobotNode::detected_part_locations(std::vector<double, std::allocator<double> >)::<lambda(const std::vector<int>&)> >][m[K’
[01m[K/usr/include/c++/9/bits/stl_algo.h:161:23:[m[K   required from ‘[01m[K_Iterator std::__find_if(_Iterator, _Iterator, _Predicate) [with _Iterator = __gnu_cxx::__normal_iterator<std::vector<double, std::allocator<double> >*, std::vector<std::vector<double, std::allocator<double> > > >; _Predicate = __gnu_cxx::__ops::_Iter_pred<MyRobotNode::detected_part_locations(std::vector<double, std::allocator<double> >)::<lambda(const std::vector<int>&)> >][m[K’
[01m[K/usr/include/c++/9/bits/stl_algo.h:3969:28:[m[K   required from ‘[01m[K_IIter std::find_if(_IIter, _IIter, _Predicate) [with _IIter = __gnu_cxx::__normal_iterator<std::vector<double, std::allocator<double> >*, std::vector<std::vector<double, std::allocator<double> > > >; _Predicate = MyRobotNode::detected_part_locations(std::vector<double, std::allocator<double> >)::<lambda(const std::vector<int>&)>][m[K’
[01m[K/usr/include/c++/9/bits/stl_algo.h:526:47:[m[K   required from ‘[01m[Kbool std::none_of(_IIter, _IIter, _Predicate) [with _IIter = __gnu_cxx::__normal_iterator<std::vector<double, std::allocator<double> >*, std::vector<std::vector<double, std::allocator<double> > > >; _Predicate = MyRobotNode::detected_part_locations(std::vector<double, std::allocator<double> >)::<lambda(const std::vector<int>&)>][m[K’
[01m[K/usr/include/c++/9/bits/stl_algo.h:544:27:[m[K   required from ‘[01m[Kbool std::any_of(_IIter, _IIter, _Predicate) [with _IIter = __gnu_cxx::__normal_iterator<std::vector<double, std::allocator<double> >*, std::vector<std::vector<double, std::allocator<double> > > >; _Predicate = MyRobotNode::detected_part_locations(std::vector<double, std::allocator<double> >)::<lambda(const std::vector<int>&)>][m[K’
[01m[K/home/keyur/empm809y_cpp/Cpp_projects/RWA3-Group17/rwa3_ws/src/group17/src/my_robot_node.cpp:188:29:[m[K   required from here
[01m[K/usr/include/c++/9/bits/predefined_ops.h:283:11:[m[K [01;31m[Kerror: [m[Kno match for call to ‘[01m[K(MyRobotNode::detected_part_locations(std::vector<double, std::allocator<double> >)::<lambda(const std::vector<int>&)>) (std::vector<double, std::allocator<double> >&)[m[K’
  283 |  { return [01;31m[Kbool(_M_pred(*__it))[m[K; }
      |           [01;31m[K^~~~~~~~~~~~~~~~~~~~[m[K
[01m[K/home/keyur/empm809y_cpp/Cpp_projects/RWA3-Group17/rwa3_ws/src/group17/src/my_robot_node.cpp:186:64:[m[K [01;36m[Knote: [m[Kcandidate: ‘[01m[KMyRobotNode::detected_part_locations(std::vector<double, std::allocator<double> >)::<lambda(const std::vector<int>&)>[m[K’
  186 |     if (std::any_of(parts_vector_.begin(), parts_vector_.end(),[01;36m[K[[m[K&](const std::vector<int>& existingVector) {
      |                                                                [01;36m[K^[m[K
[01m[K/home/keyur/empm809y_cpp/Cpp_projects/RWA3-Group17/rwa3_ws/src/group17/src/my_robot_node.cpp:186:64:[m[K [01;36m[Knote: [m[K  no known conversion for argument 1 from ‘[01m[Kstd::vector<double, std::allocator<double> >[m[K’ to ‘[01m[Kconst std::vector<int>&[m[K’
make[2]: *** [CMakeFiles/my_robot_node.dir/build.make:63: CMakeFiles/my_robot_node.dir/src/my_robot_node.cpp.o] Error 1
make[1]: *** [CMakeFiles/Makefile2:107: CMakeFiles/my_robot_node.dir/all] Error 2
make: *** [Makefile:141: all] Error 2
