[01m[K/home/keyur/empm809y_cpp/Cpp_projects/RWA3-Group17/rwa3_ws/src/group17/src/my_robot_node.cpp:17:5:[m[K [01;31m[Kerror: [m[Kexpected initializer before ‘[01m[Kint[m[K’
   17 |    [01;31m[Kint[m[K j=0;
      |    [01;31m[K^~~[m[K

[01m[K/home/keyur/empm809y_cpp/Cpp_projects/RWA3-Group17/rwa3_ws/src/group17/src/my_robot_node.cpp:25:5:[m[K [01;31m[Kerror: [m[K‘[01m[Kmarker_id_[m[K’ does not name a type
   25 | [01;31m[Kid_[m[K=msg->marker_ids[j];
      | [01;31m[K~~~[m[K

In file included from [01m[K/opt/ros/galactic/include/rclcpp/service.hpp:34[m[K,
                 from [01m[K/opt/ros/galactic/include/rclcpp/callback_group.hpp:25[m[K,
                 from [01m[K/opt/ros/galactic/include/rclcpp/any_executable.hpp:20[m[K,
                 from [01m[K/opt/ros/galactic/include/rclcpp/memory_strategy.hpp:25[m[K,
                 from [01m[K/opt/ros/galactic/include/rclcpp/memory_strategies.hpp:18[m[K,
                 from [01m[K/opt/ros/galactic/include/rclcpp/executor_options.hpp:20[m[K,
                 from [01m[K/opt/ros/galactic/include/rclcpp/executor.hpp:36[m[K,
                 from [01m[K/opt/ros/galactic/include/rclcpp/executors/multi_threaded_executor.hpp:26[m[K,
                 from [01m[K/opt/ros/galactic/include/rclcpp/executors.hpp:21[m[K,
                 from [01m[K/opt/ros/galactic/include/rclcpp/rclcpp.hpp:156[m[K,
                 from [01m[K/opt/ros/galactic/include/tf2_ros/static_transform_broadcaster.h:38[m[K,
                 from [01m[K/home/keyur/empm809y_cpp/Cpp_projects/RWA3-Group17/rwa3_ws/src/group17/include/group17/my_robot_node.hpp:4[m[K,
                 from [01m[K/home/keyur/empm809y_cpp/Cpp_projects/RWA3-Group17/rwa3_ws/src/group17/src/my_robot_node.cpp:1[m[K:
[01m[K/home/keyur/empm809y_cpp/Cpp_projects/RWA3-Group17/rwa3_ws/src/group17/src/my_robot_node.cpp:29:6:[m[K [01;31m[Kerror: [m[Kexpected unqualified-id before ‘[01m[Kdo[m[K’
   29 | [01;31m[KINFO[m[K(this->get_logger(), "Broadcasting dynamic_frame");
      | [01;31m[K~~~~[m[K

[01m[K/home/keyur/empm809y_cpp/Cpp_projects/RWA3-Group17/rwa3_ws/src/group17/src/my_robot_node.cpp:29:6:[m[K [01;31m[Kerror: [m[Kexpected unqualified-id before ‘[01m[Kwhile[m[K’
   29 | [01;31m[KINFO[m[K(this->get_logger(), "Broadcasting dynamic_frame");
      | [01;31m[K~~~~[m[K

[01m[K/home/keyur/empm809y_cpp/Cpp_projects/RWA3-Group17/rwa3_ws/src/group17/src/my_robot_node.cpp:30:5:[m[K [01;31m[Kerror: [m[K‘[01m[Karuco_dynamic_transform_stamped[m[K’ does not name a type
   30 | [01;31m[Kynamic_transform_stamped[m[K.header.stamp = msg->header.stamp;
      | [01;31m[K~~~~~~~~~~~~~~~~~~~~~~~~[m[K

[01m[K/home/keyur/empm809y_cpp/Cpp_projects/RWA3-Group17/rwa3_ws/src/group17/src/my_robot_node.cpp:32:5:[m[K [01;31m[Kerror: [m[K‘[01m[Karuco_dynamic_transform_stamped[m[K’ does not name a type
   32 | [01;31m[Kynamic_transform_stamped[m[K.header.frame_id = msg->header.frame_id;
      | [01;31m[K~~~~~~~~~~~~~~~~~~~~~~~~[m[K

[01m[K/home/keyur/empm809y_cpp/Cpp_projects/RWA3-Group17/rwa3_ws/src/group17/src/my_robot_node.cpp:33:5:[m[K [01;31m[Kerror: [m[K‘[01m[Karuco_dynamic_transform_stamped[m[K’ does not name a type
   33 | [01;31m[Kynamic_transform_stamped[m[K.child_frame_id = "aruco_mark";
      | [01;31m[K~~~~~~~~~~~~~~~~~~~~~~~~[m[K

[01m[K/home/keyur/empm809y_cpp/Cpp_projects/RWA3-Group17/rwa3_ws/src/group17/src/my_robot_node.cpp:35:5:[m[K [01;31m[Kerror: [m[K‘[01m[Karuco_dynamic_transform_stamped[m[K’ does not name a type
   35 | [01;31m[Kynamic_transform_stamped[m[K.transform.translation.x = msg->poses[j].position.x;
      | [01;31m[K~~~~~~~~~~~~~~~~~~~~~~~~[m[K

[01m[K/home/keyur/empm809y_cpp/Cpp_projects/RWA3-Group17/rwa3_ws/src/group17/src/my_robot_node.cpp:36:5:[m[K [01;31m[Kerror: [m[K‘[01m[Karuco_dynamic_transform_stamped[m[K’ does not name a type
   36 | [01;31m[Kynamic_transform_stamped[m[K.transform.translation.y = msg->poses[j].position.y;
      | [01;31m[K~~~~~~~~~~~~~~~~~~~~~~~~[m[K

[01m[K/home/keyur/empm809y_cpp/Cpp_projects/RWA3-Group17/rwa3_ws/src/group17/src/my_robot_node.cpp:37:5:[m[K [01;31m[Kerror: [m[K‘[01m[Karuco_dynamic_transform_stamped[m[K’ does not name a type
   37 | [01;31m[Kynamic_transform_stamped[m[K.transform.translation.z = msg->poses[j].position.z;
      | [01;31m[K~~~~~~~~~~~~~~~~~~~~~~~~[m[K

[01m[K/home/keyur/empm809y_cpp/Cpp_projects/RWA3-Group17/rwa3_ws/src/group17/src/my_robot_node.cpp:40:5:[m[K [01;31m[Kerror: [m[K‘[01m[Karuco_dynamic_transform_stamped[m[K’ does not name a type
   40 | [01;31m[Kynamic_transform_stamped[m[K.transform.rotation.x = msg->poses[j].orientation.x;
      | [01;31m[K~~~~~~~~~~~~~~~~~~~~~~~~[m[K

[01m[K/home/keyur/empm809y_cpp/Cpp_projects/RWA3-Group17/rwa3_ws/src/group17/src/my_robot_node.cpp:41:5:[m[K [01;31m[Kerror: [m[K‘[01m[Karuco_dynamic_transform_stamped[m[K’ does not name a type
   41 | [01;31m[Kynamic_transform_stamped[m[K.transform.rotation.y = msg->poses[j].orientation.y;
      | [01;31m[K~~~~~~~~~~~~~~~~~~~~~~~~[m[K

[01m[K/home/keyur/empm809y_cpp/Cpp_projects/RWA3-Group17/rwa3_ws/src/group17/src/my_robot_node.cpp:42:5:[m[K [01;31m[Kerror: [m[K‘[01m[Karuco_dynamic_transform_stamped[m[K’ does not name a type
   42 | [01;31m[Kynamic_transform_stamped[m[K.transform.rotation.z = msg->poses[j].orientation.z;
      | [01;31m[K~~~~~~~~~~~~~~~~~~~~~~~~[m[K

[01m[K/home/keyur/empm809y_cpp/Cpp_projects/RWA3-Group17/rwa3_ws/src/group17/src/my_robot_node.cpp:43:5:[m[K [01;31m[Kerror: [m[K‘[01m[Karuco_dynamic_transform_stamped[m[K’ does not name a type
   43 | [01;31m[Kynamic_transform_stamped[m[K.transform.rotation.w = msg->poses[j].orientation.w;
      | [01;31m[K~~~~~~~~~~~~~~~~~~~~~~~~[m[K

[01m[K/home/keyur/empm809y_cpp/Cpp_projects/RWA3-Group17/rwa3_ws/src/group17/src/my_robot_node.cpp:45:5:[m[K [01;31m[Kerror: [m[K‘[01m[Karuco_tf_broadcaster_[m[K’ does not name a type
   45 | [01;31m[Kf_broadcaster_[m[K->sendTransform(aruco_dynamic_transform_stamped);
      | [01;31m[K~~~~~~~~~~~~~~[m[K

[01m[K/home/keyur/empm809y_cpp/Cpp_projects/RWA3-Group17/rwa3_ws/src/group17/src/my_robot_node.cpp:47:1:[m[K [01;31m[Kerror: [m[Kexpected declaration before ‘[01m[K}[m[K’ token
   47 | [01;31m[K}[m[K
      | [01;31m[K^[m[K
make[2]: *** [CMakeFiles/my_robot_node.dir/build.make:63: CMakeFiles/my_robot_node.dir/src/my_robot_node.cpp.o] Error 1
make[1]: *** [CMakeFiles/Makefile2:107: CMakeFiles/my_robot_node.dir/all] Error 2
make: *** [Makefile:141: all] Error 2
